{"D:\\My Projects\\Sem05 Project\\fuel-token-issuer-and-queue-management-system\\db_connection.js": {"path":"D:\\My Projects\\Sem05 Project\\fuel-token-issuer-and-queue-management-system\\db_connection.js","statementMap":{"0":{"start":{"line":1,"column":17},"end":{"line":1,"column":36}},"1":{"start":{"line":7,"column":4},"end":{"line":23,"column":7}},"2":{"start":{"line":9,"column":8},"end":{"line":15,"column":9}},"3":{"start":{"line":10,"column":12},"end":{"line":10,"column":44}},"4":{"start":{"line":14,"column":12},"end":{"line":14,"column":44}},"5":{"start":{"line":17,"column":8},"end":{"line":22,"column":14}},"6":{"start":{"line":20,"column":16},"end":{"line":20,"column":44}},"7":{"start":{"line":20,"column":25},"end":{"line":20,"column":44}},"8":{"start":{"line":21,"column":16},"end":{"line":21,"column":26}},"9":{"start":{"line":27,"column":4},"end":{"line":27,"column":33}},"10":{"start":{"line":30,"column":0},"end":{"line":30,"column":36}}},"fnMap":{"0":{"name":"connect","decl":{"start":{"line":3,"column":9},"end":{"line":3,"column":16}},"loc":{"start":{"line":3,"column":19},"end":{"line":24,"column":1}},"line":3},"1":{"name":"(anonymous_1)","decl":{"start":{"line":7,"column":23},"end":{"line":7,"column":24}},"loc":{"start":{"line":7,"column":44},"end":{"line":23,"column":5}},"line":7},"2":{"name":"(anonymous_2)","decl":{"start":{"line":19,"column":18},"end":{"line":19,"column":19}},"loc":{"start":{"line":19,"column":32},"end":{"line":22,"column":13}},"line":19},"3":{"name":"close","decl":{"start":{"line":26,"column":9},"end":{"line":26,"column":14}},"loc":{"start":{"line":26,"column":17},"end":{"line":28,"column":1}},"line":26}},"branchMap":{"0":{"loc":{"start":{"line":9,"column":8},"end":{"line":15,"column":9}},"type":"if","locations":[{"start":{"line":9,"column":8},"end":{"line":15,"column":9}},{"start":{"line":12,"column":13},"end":{"line":15,"column":9}}],"line":9},"1":{"loc":{"start":{"line":20,"column":16},"end":{"line":20,"column":44}},"type":"if","locations":[{"start":{"line":20,"column":16},"end":{"line":20,"column":44}},{"start":{},"end":{}}],"line":20}},"s":{"0":4,"1":4,"2":4,"3":4,"4":0,"5":4,"6":4,"7":0,"8":4,"9":4,"10":4},"f":{"0":4,"1":4,"2":4,"3":4},"b":{"0":[4,0],"1":[0,4]},"_coverageSchema":"1a1c01bbd47fc00a2c39e90264f33305004495a9","hash":"5c58834f10c91a93f398363852587d7673a765e3"}
,"D:\\My Projects\\Sem05 Project\\fuel-token-issuer-and-queue-management-system\\middleware\\auth.js": {"path":"D:\\My Projects\\Sem05 Project\\fuel-token-issuer-and-queue-management-system\\middleware\\auth.js","statementMap":{"0":{"start":{"line":1,"column":12},"end":{"line":1,"column":35}},"1":{"start":{"line":2,"column":0},"end":{"line":2,"column":27}},"2":{"start":{"line":4,"column":25},"end":{"line":4,"column":64}},"3":{"start":{"line":5,"column":20},"end":{"line":5,"column":54}},"4":{"start":{"line":6,"column":24},"end":{"line":6,"column":62}},"5":{"start":{"line":8,"column":32},"end":{"line":8,"column":67}},"6":{"start":{"line":9,"column":33},"end":{"line":9,"column":69}},"7":{"start":{"line":10,"column":19},"end":{"line":10,"column":41}},"8":{"start":{"line":11,"column":20},"end":{"line":11,"column":43}},"9":{"start":{"line":13,"column":18},"end":{"line":82,"column":1}},"10":{"start":{"line":15,"column":4},"end":{"line":81,"column":5}},"11":{"start":{"line":17,"column":33},"end":{"line":17,"column":63}},"12":{"start":{"line":18,"column":32},"end":{"line":18,"column":61}},"13":{"start":{"line":20,"column":8},"end":{"line":74,"column":9}},"14":{"start":{"line":22,"column":12},"end":{"line":25,"column":15}},"15":{"start":{"line":29,"column":31},"end":{"line":29,"column":85}},"16":{"start":{"line":30,"column":30},"end":{"line":30,"column":82}},"17":{"start":{"line":32,"column":12},"end":{"line":73,"column":13}},"18":{"start":{"line":34,"column":41},"end":{"line":34,"column":71}},"19":{"start":{"line":36,"column":16},"end":{"line":57,"column":17}},"20":{"start":{"line":38,"column":20},"end":{"line":38,"column":82}},"21":{"start":{"line":39,"column":20},"end":{"line":39,"column":57}},"22":{"start":{"line":41,"column":20},"end":{"line":41,"column":34}},"23":{"start":{"line":45,"column":46},"end":{"line":45,"column":84}},"24":{"start":{"line":47,"column":20},"end":{"line":56,"column":21}},"25":{"start":{"line":49,"column":24},"end":{"line":49,"column":87}},"26":{"start":{"line":50,"column":24},"end":{"line":50,"column":62}},"27":{"start":{"line":52,"column":24},"end":{"line":52,"column":38}},"28":{"start":{"line":55,"column":24},"end":{"line":55,"column":71}},"29":{"start":{"line":60,"column":16},"end":{"line":60,"column":63}},"30":{"start":{"line":61,"column":42},"end":{"line":61,"column":80}},"31":{"start":{"line":63,"column":16},"end":{"line":72,"column":17}},"32":{"start":{"line":65,"column":20},"end":{"line":65,"column":83}},"33":{"start":{"line":66,"column":20},"end":{"line":66,"column":58}},"34":{"start":{"line":68,"column":20},"end":{"line":68,"column":34}},"35":{"start":{"line":71,"column":20},"end":{"line":71,"column":67}},"36":{"start":{"line":77,"column":8},"end":{"line":80,"column":11}},"37":{"start":{"line":84,"column":26},"end":{"line":100,"column":1}},"38":{"start":{"line":86,"column":4},"end":{"line":99,"column":5}},"39":{"start":{"line":88,"column":22},"end":{"line":88,"column":64}},"40":{"start":{"line":90,"column":8},"end":{"line":90,"column":25}},"41":{"start":{"line":91,"column":8},"end":{"line":91,"column":25}},"42":{"start":{"line":93,"column":31},"end":{"line":93,"column":98}},"43":{"start":{"line":95,"column":8},"end":{"line":95,"column":77}},"44":{"start":{"line":98,"column":8},"end":{"line":98,"column":65}},"45":{"start":{"line":103,"column":27},"end":{"line":149,"column":1}},"46":{"start":{"line":105,"column":4},"end":{"line":148,"column":5}},"47":{"start":{"line":107,"column":22},"end":{"line":107,"column":65}},"48":{"start":{"line":109,"column":8},"end":{"line":109,"column":25}},"49":{"start":{"line":110,"column":8},"end":{"line":110,"column":25}},"50":{"start":{"line":113,"column":8},"end":{"line":126,"column":9}},"51":{"start":{"line":115,"column":35},"end":{"line":115,"column":102}},"52":{"start":{"line":116,"column":12},"end":{"line":116,"column":81}},"53":{"start":{"line":118,"column":13},"end":{"line":126,"column":9}},"54":{"start":{"line":119,"column":12},"end":{"line":119,"column":67}},"55":{"start":{"line":121,"column":13},"end":{"line":126,"column":9}},"56":{"start":{"line":122,"column":12},"end":{"line":122,"column":61}},"57":{"start":{"line":124,"column":13},"end":{"line":126,"column":9}},"58":{"start":{"line":125,"column":12},"end":{"line":125,"column":67}},"59":{"start":{"line":128,"column":8},"end":{"line":144,"column":9}},"60":{"start":{"line":130,"column":12},"end":{"line":139,"column":13}},"61":{"start":{"line":132,"column":39},"end":{"line":132,"column":106}},"62":{"start":{"line":134,"column":16},"end":{"line":134,"column":85}},"63":{"start":{"line":138,"column":16},"end":{"line":138,"column":73}},"64":{"start":{"line":143,"column":12},"end":{"line":143,"column":69}},"65":{"start":{"line":147,"column":8},"end":{"line":147,"column":73}},"66":{"start":{"line":151,"column":26},"end":{"line":155,"column":1}},"67":{"start":{"line":152,"column":4},"end":{"line":154,"column":7}},"68":{"start":{"line":157,"column":27},"end":{"line":161,"column":1}},"69":{"start":{"line":158,"column":4},"end":{"line":160,"column":7}},"70":{"start":{"line":163,"column":0},"end":{"line":169,"column":2}}},"fnMap":{"0":{"name":"(anonymous_0)","decl":{"start":{"line":13,"column":18},"end":{"line":13,"column":19}},"loc":{"start":{"line":13,"column":44},"end":{"line":82,"column":1}},"line":13},"1":{"name":"(anonymous_1)","decl":{"start":{"line":84,"column":26},"end":{"line":84,"column":27}},"loc":{"start":{"line":84,"column":37},"end":{"line":100,"column":1}},"line":84},"2":{"name":"(anonymous_2)","decl":{"start":{"line":103,"column":27},"end":{"line":103,"column":28}},"loc":{"start":{"line":103,"column":44},"end":{"line":149,"column":1}},"line":103},"3":{"name":"(anonymous_3)","decl":{"start":{"line":151,"column":26},"end":{"line":151,"column":27}},"loc":{"start":{"line":151,"column":36},"end":{"line":155,"column":1}},"line":151},"4":{"name":"(anonymous_4)","decl":{"start":{"line":157,"column":27},"end":{"line":157,"column":28}},"loc":{"start":{"line":157,"column":37},"end":{"line":161,"column":1}},"line":157}},"branchMap":{"0":{"loc":{"start":{"line":20,"column":8},"end":{"line":74,"column":9}},"type":"if","locations":[{"start":{"line":20,"column":8},"end":{"line":74,"column":9}},{"start":{"line":27,"column":13},"end":{"line":74,"column":9}}],"line":20},"1":{"loc":{"start":{"line":20,"column":12},"end":{"line":20,"column":79}},"type":"binary-expr","locations":[{"start":{"line":20,"column":12},"end":{"line":20,"column":44}},{"start":{"line":20,"column":48},"end":{"line":20,"column":79}}],"line":20},"2":{"loc":{"start":{"line":29,"column":31},"end":{"line":29,"column":85}},"type":"binary-expr","locations":[{"start":{"line":29,"column":31},"end":{"line":29,"column":49}},{"start":{"line":29,"column":53},"end":{"line":29,"column":85}}],"line":29},"3":{"loc":{"start":{"line":30,"column":30},"end":{"line":30,"column":82}},"type":"binary-expr","locations":[{"start":{"line":30,"column":30},"end":{"line":30,"column":47}},{"start":{"line":30,"column":51},"end":{"line":30,"column":82}}],"line":30},"4":{"loc":{"start":{"line":32,"column":12},"end":{"line":73,"column":13}},"type":"if","locations":[{"start":{"line":32,"column":12},"end":{"line":73,"column":13}},{"start":{"line":59,"column":17},"end":{"line":73,"column":13}}],"line":32},"5":{"loc":{"start":{"line":36,"column":16},"end":{"line":57,"column":17}},"type":"if","locations":[{"start":{"line":36,"column":16},"end":{"line":57,"column":17}},{"start":{"line":43,"column":21},"end":{"line":57,"column":17}}],"line":36},"6":{"loc":{"start":{"line":47,"column":20},"end":{"line":56,"column":21}},"type":"if","locations":[{"start":{"line":47,"column":20},"end":{"line":56,"column":21}},{"start":{"line":54,"column":25},"end":{"line":56,"column":21}}],"line":47},"7":{"loc":{"start":{"line":63,"column":16},"end":{"line":72,"column":17}},"type":"if","locations":[{"start":{"line":63,"column":16},"end":{"line":72,"column":17}},{"start":{"line":70,"column":21},"end":{"line":72,"column":17}}],"line":63},"8":{"loc":{"start":{"line":113,"column":8},"end":{"line":126,"column":9}},"type":"if","locations":[{"start":{"line":113,"column":8},"end":{"line":126,"column":9}},{"start":{"line":118,"column":13},"end":{"line":126,"column":9}}],"line":113},"9":{"loc":{"start":{"line":113,"column":12},"end":{"line":113,"column":87}},"type":"binary-expr","locations":[{"start":{"line":113,"column":12},"end":{"line":113,"column":38}},{"start":{"line":113,"column":42},"end":{"line":113,"column":87}}],"line":113},"10":{"loc":{"start":{"line":118,"column":13},"end":{"line":126,"column":9}},"type":"if","locations":[{"start":{"line":118,"column":13},"end":{"line":126,"column":9}},{"start":{"line":121,"column":13},"end":{"line":126,"column":9}}],"line":118},"11":{"loc":{"start":{"line":121,"column":13},"end":{"line":126,"column":9}},"type":"if","locations":[{"start":{"line":121,"column":13},"end":{"line":126,"column":9}},{"start":{"line":124,"column":13},"end":{"line":126,"column":9}}],"line":121},"12":{"loc":{"start":{"line":124,"column":13},"end":{"line":126,"column":9}},"type":"if","locations":[{"start":{"line":124,"column":13},"end":{"line":126,"column":9}},{"start":{},"end":{}}],"line":124},"13":{"loc":{"start":{"line":128,"column":8},"end":{"line":144,"column":9}},"type":"if","locations":[{"start":{"line":128,"column":8},"end":{"line":144,"column":9}},{"start":{"line":141,"column":13},"end":{"line":144,"column":9}}],"line":128},"14":{"loc":{"start":{"line":130,"column":12},"end":{"line":139,"column":13}},"type":"if","locations":[{"start":{"line":130,"column":12},"end":{"line":139,"column":13}},{"start":{"line":136,"column":17},"end":{"line":139,"column":13}}],"line":130}},"s":{"0":1,"1":1,"2":1,"3":1,"4":1,"5":1,"6":1,"7":1,"8":1,"9":1,"10":0,"11":0,"12":0,"13":0,"14":0,"15":0,"16":0,"17":0,"18":0,"19":0,"20":0,"21":0,"22":0,"23":0,"24":0,"25":0,"26":0,"27":0,"28":0,"29":0,"30":0,"31":0,"32":0,"33":0,"34":0,"35":0,"36":0,"37":1,"38":2,"39":2,"40":1,"41":1,"42":1,"43":1,"44":1,"45":1,"46":4,"47":4,"48":3,"49":3,"50":3,"51":1,"52":1,"53":2,"54":0,"55":2,"56":0,"57":2,"58":0,"59":2,"60":0,"61":0,"62":0,"63":0,"64":2,"65":1,"66":1,"67":1,"68":1,"69":1,"70":1},"f":{"0":0,"1":2,"2":4,"3":1,"4":1},"b":{"0":[0,0],"1":[0,0],"2":[0,0],"3":[0,0],"4":[0,0],"5":[0,0],"6":[0,0],"7":[0,0],"8":[1,2],"9":[3,2],"10":[0,2],"11":[0,2],"12":[0,2],"13":[0,2],"14":[0,0]},"_coverageSchema":"1a1c01bbd47fc00a2c39e90264f33305004495a9","hash":"76abcb3ebcbc2df1d3be6f38616bdd53fb31adb6"}
,"D:\\My Projects\\Sem05 Project\\fuel-token-issuer-and-queue-management-system\\middleware\\encryptionHandler.js": {"path":"D:\\My Projects\\Sem05 Project\\fuel-token-issuer-and-queue-management-system\\middleware\\encryptionHandler.js","statementMap":{"0":{"start":{"line":1,"column":15},"end":{"line":1,"column":32}},"1":{"start":{"line":3,"column":33},"end":{"line":7,"column":1}},"2":{"start":{"line":5,"column":17},"end":{"line":5,"column":52}},"3":{"start":{"line":6,"column":4},"end":{"line":6,"column":16}},"4":{"start":{"line":9,"column":26},"end":{"line":14,"column":1}},"5":{"start":{"line":11,"column":17},"end":{"line":11,"column":39}},"6":{"start":{"line":12,"column":23},"end":{"line":12,"column":51}},"7":{"start":{"line":13,"column":4},"end":{"line":13,"column":21}},"8":{"start":{"line":16,"column":0},"end":{"line":19,"column":1}}},"fnMap":{"0":{"name":"(anonymous_0)","decl":{"start":{"line":3,"column":33},"end":{"line":3,"column":34}},"loc":{"start":{"line":3,"column":58},"end":{"line":7,"column":1}},"line":3},"1":{"name":"(anonymous_1)","decl":{"start":{"line":9,"column":26},"end":{"line":9,"column":27}},"loc":{"start":{"line":9,"column":41},"end":{"line":14,"column":1}},"line":9}},"branchMap":{},"s":{"0":1,"1":1,"2":2,"3":2,"4":1,"5":2,"6":2,"7":2,"8":1},"f":{"0":2,"1":2},"b":{},"_coverageSchema":"1a1c01bbd47fc00a2c39e90264f33305004495a9","hash":"a25f28104358b55a7c3facce26899d7e6de2c5a3"}
,"D:\\My Projects\\Sem05 Project\\fuel-token-issuer-and-queue-management-system\\models\\organization.js": {"path":"D:\\My Projects\\Sem05 Project\\fuel-token-issuer-and-queue-management-system\\models\\organization.js","statementMap":{"0":{"start":{"line":1,"column":17},"end":{"line":1,"column":36}},"1":{"start":{"line":2,"column":15},"end":{"line":2,"column":30}},"2":{"start":{"line":4,"column":27},"end":{"line":71,"column":24}},"3":{"start":{"line":73,"column":22},"end":{"line":73,"column":72}},"4":{"start":{"line":74,"column":0},"end":{"line":74,"column":31}}},"fnMap":{},"branchMap":{},"s":{"0":2,"1":2,"2":2,"3":2,"4":2},"f":{},"b":{},"_coverageSchema":"1a1c01bbd47fc00a2c39e90264f33305004495a9","hash":"72452b18e19036c32ce3594fb52a745e25d4677b"}
,"D:\\My Projects\\Sem05 Project\\fuel-token-issuer-and-queue-management-system\\models\\personal.js": {"path":"D:\\My Projects\\Sem05 Project\\fuel-token-issuer-and-queue-management-system\\models\\personal.js","statementMap":{"0":{"start":{"line":1,"column":17},"end":{"line":1,"column":36}},"1":{"start":{"line":2,"column":15},"end":{"line":2,"column":30}},"2":{"start":{"line":4,"column":23},"end":{"line":47,"column":24}},"3":{"start":{"line":49,"column":17},"end":{"line":49,"column":59}},"4":{"start":{"line":50,"column":0},"end":{"line":50,"column":26}}},"fnMap":{},"branchMap":{},"s":{"0":2,"1":2,"2":2,"3":2,"4":2},"f":{},"b":{},"_coverageSchema":"1a1c01bbd47fc00a2c39e90264f33305004495a9","hash":"e6454f5174d1f60fedc23a6f9651ef0dcd7afa46"}
,"D:\\My Projects\\Sem05 Project\\fuel-token-issuer-and-queue-management-system\\models\\quota.js": {"path":"D:\\My Projects\\Sem05 Project\\fuel-token-issuer-and-queue-management-system\\models\\quota.js","statementMap":{"0":{"start":{"line":1,"column":17},"end":{"line":1,"column":36}},"1":{"start":{"line":2,"column":15},"end":{"line":2,"column":30}},"2":{"start":{"line":4,"column":20},"end":{"line":18,"column":24}},"3":{"start":{"line":20,"column":14},"end":{"line":20,"column":50}},"4":{"start":{"line":21,"column":0},"end":{"line":21,"column":23}}},"fnMap":{},"branchMap":{},"s":{"0":1,"1":1,"2":1,"3":1,"4":1},"f":{},"b":{},"_coverageSchema":"1a1c01bbd47fc00a2c39e90264f33305004495a9","hash":"59bc5aa04326e3e7466b3e1fcaa2421841715ec9"}
,"D:\\My Projects\\Sem05 Project\\fuel-token-issuer-and-queue-management-system\\models\\request.js": {"path":"D:\\My Projects\\Sem05 Project\\fuel-token-issuer-and-queue-management-system\\models\\request.js","statementMap":{"0":{"start":{"line":1,"column":17},"end":{"line":1,"column":36}},"1":{"start":{"line":2,"column":15},"end":{"line":2,"column":30}},"2":{"start":{"line":4,"column":22},"end":{"line":61,"column":1}},"3":{"start":{"line":63,"column":16},"end":{"line":63,"column":56}},"4":{"start":{"line":64,"column":0},"end":{"line":64,"column":25}}},"fnMap":{},"branchMap":{},"s":{"0":1,"1":1,"2":1,"3":1,"4":1},"f":{},"b":{},"_coverageSchema":"1a1c01bbd47fc00a2c39e90264f33305004495a9","hash":"4367b434532d49194c4c6232757cbbc552330517"}
,"D:\\My Projects\\Sem05 Project\\fuel-token-issuer-and-queue-management-system\\models\\station.js": {"path":"D:\\My Projects\\Sem05 Project\\fuel-token-issuer-and-queue-management-system\\models\\station.js","statementMap":{"0":{"start":{"line":1,"column":19},"end":{"line":1,"column":34}},"1":{"start":{"line":2,"column":17},"end":{"line":2,"column":36}},"2":{"start":{"line":3,"column":15},"end":{"line":3,"column":30}},"3":{"start":{"line":6,"column":22},"end":{"line":93,"column":1}},"4":{"start":{"line":95,"column":16},"end":{"line":95,"column":56}},"5":{"start":{"line":96,"column":0},"end":{"line":96,"column":25}}},"fnMap":{},"branchMap":{},"s":{"0":2,"1":2,"2":2,"3":2,"4":2,"5":2},"f":{},"b":{},"_coverageSchema":"1a1c01bbd47fc00a2c39e90264f33305004495a9","hash":"f733bc67f8e9ac1c49e271e882d8410d46694224"}
,"D:\\My Projects\\Sem05 Project\\fuel-token-issuer-and-queue-management-system\\models\\vehicle.js": {"path":"D:\\My Projects\\Sem05 Project\\fuel-token-issuer-and-queue-management-system\\models\\vehicle.js","statementMap":{"0":{"start":{"line":1,"column":17},"end":{"line":1,"column":36}},"1":{"start":{"line":2,"column":15},"end":{"line":2,"column":30}},"2":{"start":{"line":5,"column":22},"end":{"line":48,"column":24}},"3":{"start":{"line":50,"column":16},"end":{"line":50,"column":56}},"4":{"start":{"line":51,"column":0},"end":{"line":51,"column":25}}},"fnMap":{},"branchMap":{},"s":{"0":1,"1":1,"2":1,"3":1,"4":1},"f":{},"b":{},"_coverageSchema":"1a1c01bbd47fc00a2c39e90264f33305004495a9","hash":"b2d9e238fb675b663eb1241d025ef46a9fee5437"}
,"D:\\My Projects\\Sem05 Project\\fuel-token-issuer-and-queue-management-system\\services\\orgDBHelper.js": {"path":"D:\\My Projects\\Sem05 Project\\fuel-token-issuer-and-queue-management-system\\services\\orgDBHelper.js","statementMap":{"0":{"start":{"line":1,"column":15},"end":{"line":1,"column":34}},"1":{"start":{"line":2,"column":0},"end":{"line":2,"column":34}},"2":{"start":{"line":3,"column":0},"end":{"line":3,"column":27}},"3":{"start":{"line":5,"column":12},"end":{"line":5,"column":45}},"4":{"start":{"line":9,"column":19},"end":{"line":13,"column":1}},"5":{"start":{"line":11,"column":17},"end":{"line":11,"column":60}},"6":{"start":{"line":12,"column":4},"end":{"line":12,"column":18}},"7":{"start":{"line":16,"column":25},"end":{"line":20,"column":1}},"8":{"start":{"line":18,"column":17},"end":{"line":18,"column":80}},"9":{"start":{"line":19,"column":4},"end":{"line":19,"column":18}},"10":{"start":{"line":23,"column":23},"end":{"line":27,"column":1}},"11":{"start":{"line":25,"column":17},"end":{"line":25,"column":52}},"12":{"start":{"line":26,"column":4},"end":{"line":26,"column":18}},"13":{"start":{"line":30,"column":26},"end":{"line":34,"column":1}},"14":{"start":{"line":32,"column":17},"end":{"line":32,"column":72}},"15":{"start":{"line":33,"column":4},"end":{"line":33,"column":18}},"16":{"start":{"line":37,"column":23},"end":{"line":41,"column":1}},"17":{"start":{"line":39,"column":17},"end":{"line":39,"column":64}},"18":{"start":{"line":40,"column":4},"end":{"line":40,"column":18}},"19":{"start":{"line":44,"column":23},"end":{"line":47,"column":1}},"20":{"start":{"line":45,"column":17},"end":{"line":45,"column":83}},"21":{"start":{"line":46,"column":4},"end":{"line":46,"column":18}},"22":{"start":{"line":50,"column":25},"end":{"line":53,"column":1}},"23":{"start":{"line":51,"column":17},"end":{"line":51,"column":87}},"24":{"start":{"line":52,"column":4},"end":{"line":52,"column":18}},"25":{"start":{"line":56,"column":22},"end":{"line":60,"column":1}},"26":{"start":{"line":58,"column":18},"end":{"line":58,"column":34}},"27":{"start":{"line":59,"column":4},"end":{"line":59,"column":19}},"28":{"start":{"line":63,"column":29},"end":{"line":66,"column":1}},"29":{"start":{"line":64,"column":17},"end":{"line":64,"column":111}},"30":{"start":{"line":65,"column":4},"end":{"line":65,"column":17}},"31":{"start":{"line":68,"column":0},"end":{"line":78,"column":1}}},"fnMap":{"0":{"name":"(anonymous_0)","decl":{"start":{"line":9,"column":19},"end":{"line":9,"column":20}},"loc":{"start":{"line":9,"column":51},"end":{"line":13,"column":1}},"line":9},"1":{"name":"(anonymous_1)","decl":{"start":{"line":16,"column":25},"end":{"line":16,"column":26}},"loc":{"start":{"line":16,"column":46},"end":{"line":20,"column":1}},"line":16},"2":{"name":"(anonymous_2)","decl":{"start":{"line":23,"column":23},"end":{"line":23,"column":24}},"loc":{"start":{"line":23,"column":49},"end":{"line":27,"column":1}},"line":23},"3":{"name":"(anonymous_3)","decl":{"start":{"line":30,"column":26},"end":{"line":30,"column":27}},"loc":{"start":{"line":30,"column":52},"end":{"line":34,"column":1}},"line":30},"4":{"name":"(anonymous_4)","decl":{"start":{"line":37,"column":23},"end":{"line":37,"column":24}},"loc":{"start":{"line":37,"column":37},"end":{"line":41,"column":1}},"line":37},"5":{"name":"(anonymous_5)","decl":{"start":{"line":44,"column":23},"end":{"line":44,"column":24}},"loc":{"start":{"line":44,"column":50},"end":{"line":47,"column":1}},"line":44},"6":{"name":"(anonymous_6)","decl":{"start":{"line":50,"column":25},"end":{"line":50,"column":26}},"loc":{"start":{"line":50,"column":54},"end":{"line":53,"column":1}},"line":50},"7":{"name":"(anonymous_7)","decl":{"start":{"line":56,"column":22},"end":{"line":56,"column":23}},"loc":{"start":{"line":56,"column":34},"end":{"line":60,"column":1}},"line":56},"8":{"name":"(anonymous_8)","decl":{"start":{"line":63,"column":29},"end":{"line":63,"column":30}},"loc":{"start":{"line":63,"column":79},"end":{"line":66,"column":1}},"line":63}},"branchMap":{},"s":{"0":2,"1":2,"2":2,"3":2,"4":2,"5":1,"6":1,"7":2,"8":2,"9":2,"10":2,"11":2,"12":2,"13":2,"14":2,"15":2,"16":2,"17":2,"18":2,"19":2,"20":2,"21":2,"22":2,"23":2,"24":2,"25":2,"26":1,"27":1,"28":2,"29":0,"30":0,"31":2},"f":{"0":1,"1":2,"2":2,"3":2,"4":2,"5":2,"6":2,"7":1,"8":0},"b":{},"_coverageSchema":"1a1c01bbd47fc00a2c39e90264f33305004495a9","hash":"f7f126db8d44479311f490b92b5de6b5d48b4383"}
,"D:\\My Projects\\Sem05 Project\\fuel-token-issuer-and-queue-management-system\\services\\personalDBHelper.js": {"path":"D:\\My Projects\\Sem05 Project\\fuel-token-issuer-and-queue-management-system\\services\\personalDBHelper.js","statementMap":{"0":{"start":{"line":1,"column":15},"end":{"line":1,"column":34}},"1":{"start":{"line":2,"column":0},"end":{"line":2,"column":34}},"2":{"start":{"line":3,"column":0},"end":{"line":3,"column":27}},"3":{"start":{"line":5,"column":17},"end":{"line":5,"column":46}},"4":{"start":{"line":8,"column":19},"end":{"line":23,"column":1}},"5":{"start":{"line":10,"column":4},"end":{"line":22,"column":7}},"6":{"start":{"line":12,"column":21},"end":{"line":12,"column":39}},"7":{"start":{"line":14,"column":8},"end":{"line":21,"column":11}},"8":{"start":{"line":15,"column":12},"end":{"line":20,"column":13}},"9":{"start":{"line":16,"column":16},"end":{"line":16,"column":28}},"10":{"start":{"line":19,"column":16},"end":{"line":19,"column":36}},"11":{"start":{"line":26,"column":25},"end":{"line":30,"column":1}},"12":{"start":{"line":28,"column":17},"end":{"line":28,"column":85}},"13":{"start":{"line":29,"column":4},"end":{"line":29,"column":18}},"14":{"start":{"line":33,"column":24},"end":{"line":37,"column":1}},"15":{"start":{"line":35,"column":17},"end":{"line":35,"column":46}},"16":{"start":{"line":36,"column":4},"end":{"line":36,"column":18}},"17":{"start":{"line":40,"column":23},"end":{"line":44,"column":1}},"18":{"start":{"line":42,"column":17},"end":{"line":42,"column":69}},"19":{"start":{"line":43,"column":4},"end":{"line":43,"column":18}},"20":{"start":{"line":47,"column":22},"end":{"line":51,"column":1}},"21":{"start":{"line":49,"column":18},"end":{"line":49,"column":39}},"22":{"start":{"line":50,"column":4},"end":{"line":50,"column":19}},"23":{"start":{"line":53,"column":0},"end":{"line":59,"column":1}}},"fnMap":{"0":{"name":"(anonymous_0)","decl":{"start":{"line":8,"column":19},"end":{"line":8,"column":20}},"loc":{"start":{"line":8,"column":29},"end":{"line":23,"column":1}},"line":8},"1":{"name":"(anonymous_1)","decl":{"start":{"line":10,"column":23},"end":{"line":10,"column":24}},"loc":{"start":{"line":10,"column":50},"end":{"line":22,"column":5}},"line":10},"2":{"name":"(anonymous_2)","decl":{"start":{"line":14,"column":20},"end":{"line":14,"column":21}},"loc":{"start":{"line":14,"column":29},"end":{"line":21,"column":9}},"line":14},"3":{"name":"(anonymous_3)","decl":{"start":{"line":26,"column":25},"end":{"line":26,"column":26}},"loc":{"start":{"line":26,"column":46},"end":{"line":30,"column":1}},"line":26},"4":{"name":"(anonymous_4)","decl":{"start":{"line":33,"column":24},"end":{"line":33,"column":25}},"loc":{"start":{"line":33,"column":39},"end":{"line":37,"column":1}},"line":33},"5":{"name":"(anonymous_5)","decl":{"start":{"line":40,"column":23},"end":{"line":40,"column":24}},"loc":{"start":{"line":40,"column":37},"end":{"line":44,"column":1}},"line":40},"6":{"name":"(anonymous_6)","decl":{"start":{"line":47,"column":22},"end":{"line":47,"column":23}},"loc":{"start":{"line":47,"column":34},"end":{"line":51,"column":1}},"line":47}},"branchMap":{"0":{"loc":{"start":{"line":15,"column":12},"end":{"line":20,"column":13}},"type":"if","locations":[{"start":{"line":15,"column":12},"end":{"line":20,"column":13}},{"start":{"line":18,"column":16},"end":{"line":20,"column":13}}],"line":15}},"s":{"0":2,"1":2,"2":2,"3":2,"4":2,"5":3,"6":3,"7":3,"8":3,"9":2,"10":1,"11":2,"12":2,"13":2,"14":2,"15":2,"16":2,"17":2,"18":2,"19":2,"20":2,"21":1,"22":1,"23":2},"f":{"0":3,"1":3,"2":3,"3":2,"4":2,"5":2,"6":1},"b":{"0":[2,1]},"_coverageSchema":"1a1c01bbd47fc00a2c39e90264f33305004495a9","hash":"17459b5f585dc2d305f2656ced74b9d528aaa304"}
,"D:\\My Projects\\Sem05 Project\\fuel-token-issuer-and-queue-management-system\\services\\stationDBHelper.js": {"path":"D:\\My Projects\\Sem05 Project\\fuel-token-issuer-and-queue-management-system\\services\\stationDBHelper.js","statementMap":{"0":{"start":{"line":1,"column":15},"end":{"line":1,"column":34}},"1":{"start":{"line":2,"column":0},"end":{"line":2,"column":34}},"2":{"start":{"line":3,"column":0},"end":{"line":3,"column":27}},"3":{"start":{"line":5,"column":16},"end":{"line":5,"column":44}},"4":{"start":{"line":8,"column":25},"end":{"line":12,"column":1}},"5":{"start":{"line":10,"column":17},"end":{"line":10,"column":84}},"6":{"start":{"line":11,"column":4},"end":{"line":11,"column":18}},"7":{"start":{"line":15,"column":27},"end":{"line":20,"column":1}},"8":{"start":{"line":17,"column":18},"end":{"line":17,"column":79}},"9":{"start":{"line":19,"column":4},"end":{"line":19,"column":19}},"10":{"start":{"line":23,"column":30},"end":{"line":28,"column":1}},"11":{"start":{"line":25,"column":18},"end":{"line":25,"column":58}},"12":{"start":{"line":27,"column":4},"end":{"line":27,"column":19}},"13":{"start":{"line":31,"column":24},"end":{"line":35,"column":1}},"14":{"start":{"line":33,"column":18},"end":{"line":33,"column":69}},"15":{"start":{"line":34,"column":4},"end":{"line":34,"column":19}},"16":{"start":{"line":38,"column":34},"end":{"line":42,"column":1}},"17":{"start":{"line":40,"column":19},"end":{"line":40,"column":59}},"18":{"start":{"line":41,"column":4},"end":{"line":41,"column":20}},"19":{"start":{"line":45,"column":36},"end":{"line":49,"column":1}},"20":{"start":{"line":47,"column":19},"end":{"line":47,"column":74}},"21":{"start":{"line":48,"column":4},"end":{"line":48,"column":20}},"22":{"start":{"line":52,"column":39},"end":{"line":56,"column":1}},"23":{"start":{"line":54,"column":19},"end":{"line":54,"column":73}},"24":{"start":{"line":55,"column":4},"end":{"line":55,"column":20}},"25":{"start":{"line":59,"column":32},"end":{"line":63,"column":1}},"26":{"start":{"line":61,"column":23},"end":{"line":61,"column":86}},"27":{"start":{"line":62,"column":4},"end":{"line":62,"column":24}},"28":{"start":{"line":66,"column":21},"end":{"line":72,"column":1}},"29":{"start":{"line":67,"column":18},"end":{"line":67,"column":49}},"30":{"start":{"line":68,"column":14},"end":{"line":68,"column":38}},"31":{"start":{"line":69,"column":4},"end":{"line":69,"column":33}},"32":{"start":{"line":70,"column":17},"end":{"line":70,"column":106}},"33":{"start":{"line":71,"column":4},"end":{"line":71,"column":35}},"34":{"start":{"line":75,"column":28},"end":{"line":86,"column":1}},"35":{"start":{"line":76,"column":18},"end":{"line":76,"column":49}},"36":{"start":{"line":77,"column":13},"end":{"line":77,"column":43}},"37":{"start":{"line":78,"column":4},"end":{"line":78,"column":31}},"38":{"start":{"line":80,"column":17},"end":{"line":84,"column":5}},"39":{"start":{"line":85,"column":4},"end":{"line":85,"column":18}},"40":{"start":{"line":89,"column":24},"end":{"line":96,"column":1}},"41":{"start":{"line":91,"column":17},"end":{"line":94,"column":5}},"42":{"start":{"line":95,"column":4},"end":{"line":95,"column":18}},"43":{"start":{"line":99,"column":27},"end":{"line":106,"column":1}},"44":{"start":{"line":101,"column":17},"end":{"line":104,"column":7}},"45":{"start":{"line":105,"column":4},"end":{"line":105,"column":18}},"46":{"start":{"line":109,"column":27},"end":{"line":116,"column":1}},"47":{"start":{"line":111,"column":17},"end":{"line":114,"column":5}},"48":{"start":{"line":115,"column":4},"end":{"line":115,"column":18}},"49":{"start":{"line":119,"column":21},"end":{"line":126,"column":1}},"50":{"start":{"line":121,"column":17},"end":{"line":124,"column":5}},"51":{"start":{"line":125,"column":4},"end":{"line":125,"column":18}},"52":{"start":{"line":129,"column":24},"end":{"line":136,"column":1}},"53":{"start":{"line":131,"column":17},"end":{"line":134,"column":5}},"54":{"start":{"line":135,"column":4},"end":{"line":135,"column":18}},"55":{"start":{"line":138,"column":0},"end":{"line":154,"column":2}}},"fnMap":{"0":{"name":"(anonymous_0)","decl":{"start":{"line":8,"column":25},"end":{"line":8,"column":26}},"loc":{"start":{"line":8,"column":46},"end":{"line":12,"column":1}},"line":8},"1":{"name":"(anonymous_1)","decl":{"start":{"line":15,"column":27},"end":{"line":15,"column":28}},"loc":{"start":{"line":15,"column":53},"end":{"line":20,"column":1}},"line":15},"2":{"name":"(anonymous_2)","decl":{"start":{"line":23,"column":30},"end":{"line":23,"column":31}},"loc":{"start":{"line":23,"column":56},"end":{"line":28,"column":1}},"line":23},"3":{"name":"(anonymous_3)","decl":{"start":{"line":31,"column":24},"end":{"line":31,"column":25}},"loc":{"start":{"line":31,"column":38},"end":{"line":35,"column":1}},"line":31},"4":{"name":"(anonymous_4)","decl":{"start":{"line":38,"column":34},"end":{"line":38,"column":35}},"loc":{"start":{"line":38,"column":46},"end":{"line":42,"column":1}},"line":38},"5":{"name":"(anonymous_5)","decl":{"start":{"line":45,"column":36},"end":{"line":45,"column":37}},"loc":{"start":{"line":45,"column":48},"end":{"line":49,"column":1}},"line":45},"6":{"name":"(anonymous_6)","decl":{"start":{"line":52,"column":39},"end":{"line":52,"column":40}},"loc":{"start":{"line":52,"column":51},"end":{"line":56,"column":1}},"line":52},"7":{"name":"(anonymous_7)","decl":{"start":{"line":59,"column":32},"end":{"line":59,"column":33}},"loc":{"start":{"line":59,"column":55},"end":{"line":63,"column":1}},"line":59},"8":{"name":"(anonymous_8)","decl":{"start":{"line":66,"column":21},"end":{"line":66,"column":22}},"loc":{"start":{"line":66,"column":61},"end":{"line":72,"column":1}},"line":66},"9":{"name":"(anonymous_9)","decl":{"start":{"line":75,"column":28},"end":{"line":75,"column":29}},"loc":{"start":{"line":75,"column":58},"end":{"line":86,"column":1}},"line":75},"10":{"name":"(anonymous_10)","decl":{"start":{"line":89,"column":24},"end":{"line":89,"column":25}},"loc":{"start":{"line":89,"column":41},"end":{"line":96,"column":1}},"line":89},"11":{"name":"(anonymous_11)","decl":{"start":{"line":99,"column":27},"end":{"line":99,"column":28}},"loc":{"start":{"line":99,"column":39},"end":{"line":106,"column":1}},"line":99},"12":{"name":"(anonymous_12)","decl":{"start":{"line":109,"column":27},"end":{"line":109,"column":28}},"loc":{"start":{"line":109,"column":44},"end":{"line":116,"column":1}},"line":109},"13":{"name":"(anonymous_13)","decl":{"start":{"line":119,"column":21},"end":{"line":119,"column":22}},"loc":{"start":{"line":119,"column":48},"end":{"line":126,"column":1}},"line":119},"14":{"name":"(anonymous_14)","decl":{"start":{"line":129,"column":24},"end":{"line":129,"column":25}},"loc":{"start":{"line":129,"column":51},"end":{"line":136,"column":1}},"line":129}},"branchMap":{},"s":{"0":2,"1":2,"2":2,"3":2,"4":2,"5":2,"6":2,"7":2,"8":5,"9":5,"10":2,"11":0,"12":0,"13":2,"14":1,"15":1,"16":2,"17":1,"18":1,"19":2,"20":1,"21":1,"22":2,"23":1,"24":1,"25":2,"26":1,"27":1,"28":2,"29":1,"30":1,"31":1,"32":1,"33":1,"34":2,"35":1,"36":1,"37":1,"38":1,"39":1,"40":2,"41":1,"42":1,"43":2,"44":0,"45":0,"46":2,"47":1,"48":1,"49":2,"50":1,"51":1,"52":2,"53":1,"54":1,"55":2},"f":{"0":2,"1":5,"2":0,"3":1,"4":1,"5":1,"6":1,"7":1,"8":1,"9":1,"10":1,"11":0,"12":1,"13":1,"14":1},"b":{},"_coverageSchema":"1a1c01bbd47fc00a2c39e90264f33305004495a9","hash":"7fbfda0af3b69751edee5ae17990c74c22394d51"}
,"D:\\My Projects\\Sem05 Project\\fuel-token-issuer-and-queue-management-system\\services\\vehicleDBHelper.js": {"path":"D:\\My Projects\\Sem05 Project\\fuel-token-issuer-and-queue-management-system\\services\\vehicleDBHelper.js","statementMap":{"0":{"start":{"line":1,"column":15},"end":{"line":1,"column":34}},"1":{"start":{"line":2,"column":0},"end":{"line":2,"column":34}},"2":{"start":{"line":3,"column":0},"end":{"line":3,"column":27}},"3":{"start":{"line":5,"column":16},"end":{"line":5,"column":44}},"4":{"start":{"line":6,"column":14},"end":{"line":6,"column":40}},"5":{"start":{"line":9,"column":27},"end":{"line":13,"column":1}},"6":{"start":{"line":11,"column":18},"end":{"line":11,"column":57}},"7":{"start":{"line":12,"column":4},"end":{"line":12,"column":19}},"8":{"start":{"line":16,"column":35},"end":{"line":20,"column":1}},"9":{"start":{"line":18,"column":18},"end":{"line":18,"column":67}},"10":{"start":{"line":19,"column":4},"end":{"line":19,"column":19}},"11":{"start":{"line":23,"column":21},"end":{"line":26,"column":1}},"12":{"start":{"line":24,"column":19},"end":{"line":24,"column":74}},"13":{"start":{"line":25,"column":4},"end":{"line":25,"column":20}},"14":{"start":{"line":29,"column":25},"end":{"line":32,"column":1}},"15":{"start":{"line":30,"column":19},"end":{"line":30,"column":89}},"16":{"start":{"line":31,"column":4},"end":{"line":31,"column":20}},"17":{"start":{"line":35,"column":37},"end":{"line":38,"column":1}},"18":{"start":{"line":36,"column":19},"end":{"line":36,"column":76}},"19":{"start":{"line":37,"column":4},"end":{"line":37,"column":20}},"20":{"start":{"line":41,"column":41},"end":{"line":44,"column":1}},"21":{"start":{"line":42,"column":19},"end":{"line":42,"column":111}},"22":{"start":{"line":43,"column":4},"end":{"line":43,"column":20}},"23":{"start":{"line":47,"column":34},"end":{"line":50,"column":1}},"24":{"start":{"line":48,"column":17},"end":{"line":48,"column":107}},"25":{"start":{"line":49,"column":4},"end":{"line":49,"column":18}},"26":{"start":{"line":53,"column":20},"end":{"line":56,"column":1}},"27":{"start":{"line":54,"column":17},"end":{"line":54,"column":102}},"28":{"start":{"line":55,"column":4},"end":{"line":55,"column":18}},"29":{"start":{"line":59,"column":18},"end":{"line":63,"column":1}},"30":{"start":{"line":61,"column":17},"end":{"line":61,"column":35}},"31":{"start":{"line":62,"column":4},"end":{"line":62,"column":18}},"32":{"start":{"line":66,"column":29},"end":{"line":69,"column":1}},"33":{"start":{"line":67,"column":17},"end":{"line":67,"column":117}},"34":{"start":{"line":68,"column":4},"end":{"line":68,"column":18}},"35":{"start":{"line":71,"column":0},"end":{"line":82,"column":1}}},"fnMap":{"0":{"name":"(anonymous_0)","decl":{"start":{"line":9,"column":27},"end":{"line":9,"column":28}},"loc":{"start":{"line":9,"column":53},"end":{"line":13,"column":1}},"line":9},"1":{"name":"(anonymous_1)","decl":{"start":{"line":16,"column":35},"end":{"line":16,"column":36}},"loc":{"start":{"line":16,"column":71},"end":{"line":20,"column":1}},"line":16},"2":{"name":"(anonymous_2)","decl":{"start":{"line":23,"column":21},"end":{"line":23,"column":22}},"loc":{"start":{"line":23,"column":36},"end":{"line":26,"column":1}},"line":23},"3":{"name":"(anonymous_3)","decl":{"start":{"line":29,"column":25},"end":{"line":29,"column":26}},"loc":{"start":{"line":29,"column":48},"end":{"line":32,"column":1}},"line":29},"4":{"name":"(anonymous_4)","decl":{"start":{"line":35,"column":37},"end":{"line":35,"column":38}},"loc":{"start":{"line":35,"column":59},"end":{"line":38,"column":1}},"line":35},"5":{"name":"(anonymous_5)","decl":{"start":{"line":41,"column":41},"end":{"line":41,"column":42}},"loc":{"start":{"line":41,"column":72},"end":{"line":44,"column":1}},"line":41},"6":{"name":"(anonymous_6)","decl":{"start":{"line":47,"column":34},"end":{"line":47,"column":35}},"loc":{"start":{"line":47,"column":61},"end":{"line":50,"column":1}},"line":47},"7":{"name":"(anonymous_7)","decl":{"start":{"line":53,"column":20},"end":{"line":53,"column":21}},"loc":{"start":{"line":53,"column":42},"end":{"line":56,"column":1}},"line":53},"8":{"name":"(anonymous_8)","decl":{"start":{"line":59,"column":18},"end":{"line":59,"column":19}},"loc":{"start":{"line":59,"column":30},"end":{"line":63,"column":1}},"line":59},"9":{"name":"(anonymous_9)","decl":{"start":{"line":66,"column":29},"end":{"line":66,"column":30}},"loc":{"start":{"line":66,"column":73},"end":{"line":69,"column":1}},"line":66}},"branchMap":{},"s":{"0":1,"1":1,"2":1,"3":1,"4":1,"5":1,"6":2,"7":2,"8":1,"9":3,"10":3,"11":1,"12":3,"13":3,"14":1,"15":2,"16":2,"17":1,"18":3,"19":3,"20":1,"21":2,"22":2,"23":1,"24":2,"25":2,"26":1,"27":2,"28":2,"29":1,"30":1,"31":1,"32":1,"33":0,"34":0,"35":1},"f":{"0":2,"1":3,"2":3,"3":2,"4":3,"5":2,"6":2,"7":2,"8":1,"9":0},"b":{},"_coverageSchema":"1a1c01bbd47fc00a2c39e90264f33305004495a9","hash":"6de4b93f429cce9c574f3fac6eebee8791dcf225"}
}
