{"D:\\5th semi\\In19-S5-CS3202 - Software Engineering Project\\Project folder\\fuel-token-issuer-and-queue-management-system\\app.js": {"path":"D:\\5th semi\\In19-S5-CS3202 - Software Engineering Project\\Project folder\\fuel-token-issuer-and-queue-management-system\\app.js","statementMap":{"0":{"start":{"line":1,"column":16},"end":{"line":1,"column":34}},"1":{"start":{"line":2,"column":13},"end":{"line":2,"column":28}},"2":{"start":{"line":5,"column":0},"end":{"line":5,"column":27}},"3":{"start":{"line":7,"column":19},"end":{"line":7,"column":49}},"4":{"start":{"line":8,"column":20},"end":{"line":8,"column":51}},"5":{"start":{"line":9,"column":23},"end":{"line":9,"column":57}},"6":{"start":{"line":10,"column":18},"end":{"line":10,"column":47}},"7":{"start":{"line":11,"column":22},"end":{"line":11,"column":55}},"8":{"start":{"line":13,"column":16},"end":{"line":45,"column":1}},"9":{"start":{"line":15,"column":16},"end":{"line":15,"column":25}},"10":{"start":{"line":17,"column":4},"end":{"line":21,"column":6}},"11":{"start":{"line":22,"column":4},"end":{"line":22,"column":28}},"12":{"start":{"line":25,"column":4},"end":{"line":25,"column":52}},"13":{"start":{"line":28,"column":4},"end":{"line":30,"column":5}},"14":{"start":{"line":29,"column":8},"end":{"line":29,"column":48}},"15":{"start":{"line":32,"column":4},"end":{"line":35,"column":7}},"16":{"start":{"line":33,"column":8},"end":{"line":33,"column":35}},"17":{"start":{"line":34,"column":8},"end":{"line":34,"column":15}},"18":{"start":{"line":38,"column":4},"end":{"line":38,"column":33}},"19":{"start":{"line":39,"column":4},"end":{"line":39,"column":35}},"20":{"start":{"line":40,"column":4},"end":{"line":40,"column":41}},"21":{"start":{"line":41,"column":4},"end":{"line":41,"column":31}},"22":{"start":{"line":42,"column":4},"end":{"line":42,"column":39}},"23":{"start":{"line":44,"column":4},"end":{"line":44,"column":15}},"24":{"start":{"line":47,"column":0},"end":{"line":49,"column":1}}},"fnMap":{"0":{"name":"(anonymous_0)","decl":{"start":{"line":13,"column":16},"end":{"line":13,"column":17}},"loc":{"start":{"line":13,"column":22},"end":{"line":45,"column":1}},"line":13},"1":{"name":"(anonymous_1)","decl":{"start":{"line":32,"column":12},"end":{"line":32,"column":13}},"loc":{"start":{"line":32,"column":32},"end":{"line":35,"column":5}},"line":32}},"branchMap":{"0":{"loc":{"start":{"line":28,"column":4},"end":{"line":30,"column":5}},"type":"if","locations":[{"start":{"line":28,"column":4},"end":{"line":30,"column":5}},{"start":{},"end":{}}],"line":28}},"s":{"0":5,"1":5,"2":5,"3":5,"4":5,"5":5,"6":5,"7":5,"8":5,"9":5,"10":5,"11":5,"12":5,"13":5,"14":0,"15":5,"16":1,"17":1,"18":5,"19":5,"20":5,"21":5,"22":5,"23":5,"24":5},"f":{"0":5,"1":1},"b":{"0":[0,5]},"_coverageSchema":"1a1c01bbd47fc00a2c39e90264f33305004495a9","hash":"98d0fff12d957cb1ca1b4eba51860496c451b9d4"}
,"D:\\5th semi\\In19-S5-CS3202 - Software Engineering Project\\Project folder\\fuel-token-issuer-and-queue-management-system\\db_connection.js": {"path":"D:\\5th semi\\In19-S5-CS3202 - Software Engineering Project\\Project folder\\fuel-token-issuer-and-queue-management-system\\db_connection.js","statementMap":{"0":{"start":{"line":1,"column":17},"end":{"line":1,"column":36}},"1":{"start":{"line":7,"column":4},"end":{"line":23,"column":7}},"2":{"start":{"line":9,"column":8},"end":{"line":15,"column":9}},"3":{"start":{"line":10,"column":12},"end":{"line":10,"column":44}},"4":{"start":{"line":14,"column":12},"end":{"line":14,"column":44}},"5":{"start":{"line":17,"column":8},"end":{"line":22,"column":14}},"6":{"start":{"line":20,"column":16},"end":{"line":20,"column":44}},"7":{"start":{"line":20,"column":25},"end":{"line":20,"column":44}},"8":{"start":{"line":21,"column":16},"end":{"line":21,"column":26}},"9":{"start":{"line":27,"column":4},"end":{"line":27,"column":33}},"10":{"start":{"line":30,"column":0},"end":{"line":30,"column":36}}},"fnMap":{"0":{"name":"connect","decl":{"start":{"line":3,"column":9},"end":{"line":3,"column":16}},"loc":{"start":{"line":3,"column":19},"end":{"line":24,"column":1}},"line":3},"1":{"name":"(anonymous_1)","decl":{"start":{"line":7,"column":23},"end":{"line":7,"column":24}},"loc":{"start":{"line":7,"column":44},"end":{"line":23,"column":5}},"line":7},"2":{"name":"(anonymous_2)","decl":{"start":{"line":19,"column":18},"end":{"line":19,"column":19}},"loc":{"start":{"line":19,"column":32},"end":{"line":22,"column":13}},"line":19},"3":{"name":"close","decl":{"start":{"line":26,"column":9},"end":{"line":26,"column":14}},"loc":{"start":{"line":26,"column":17},"end":{"line":28,"column":1}},"line":26}},"branchMap":{"0":{"loc":{"start":{"line":9,"column":8},"end":{"line":15,"column":9}},"type":"if","locations":[{"start":{"line":9,"column":8},"end":{"line":15,"column":9}},{"start":{"line":12,"column":13},"end":{"line":15,"column":9}}],"line":9},"1":{"loc":{"start":{"line":20,"column":16},"end":{"line":20,"column":44}},"type":"if","locations":[{"start":{"line":20,"column":16},"end":{"line":20,"column":44}},{"start":{},"end":{}}],"line":20}},"s":{"0":9,"1":5,"2":5,"3":5,"4":0,"5":5,"6":5,"7":0,"8":5,"9":5,"10":9},"f":{"0":5,"1":5,"2":5,"3":5},"b":{"0":[5,0],"1":[0,5]},"_coverageSchema":"1a1c01bbd47fc00a2c39e90264f33305004495a9","hash":"f18d2dc775bafe9d93ed07fa4faa5578fe3c660d"}
,"D:\\5th semi\\In19-S5-CS3202 - Software Engineering Project\\Project folder\\fuel-token-issuer-and-queue-management-system\\controllers\\adminController.js": {"path":"D:\\5th semi\\In19-S5-CS3202 - Software Engineering Project\\Project folder\\fuel-token-issuer-and-queue-management-system\\controllers\\adminController.js","statementMap":{"0":{"start":{"line":1,"column":15},"end":{"line":1,"column":34}},"1":{"start":{"line":2,"column":0},"end":{"line":2,"column":34}},"2":{"start":{"line":3,"column":0},"end":{"line":3,"column":27}},"3":{"start":{"line":5,"column":22},"end":{"line":5,"column":58}},"4":{"start":{"line":6,"column":24},"end":{"line":6,"column":62}},"5":{"start":{"line":7,"column":24},"end":{"line":7,"column":62}},"6":{"start":{"line":9,"column":23},"end":{"line":9,"column":49}},"7":{"start":{"line":10,"column":18},"end":{"line":10,"column":44}},"8":{"start":{"line":12,"column":13},"end":{"line":12,"column":42}},"9":{"start":{"line":13,"column":19},"end":{"line":13,"column":61}},"10":{"start":{"line":17,"column":22},"end":{"line":45,"column":1}},"11":{"start":{"line":19,"column":19},"end":{"line":19,"column":38}},"12":{"start":{"line":21,"column":4},"end":{"line":44,"column":5}},"13":{"start":{"line":23,"column":20},"end":{"line":23,"column":69}},"14":{"start":{"line":24,"column":8},"end":{"line":24,"column":26}},"15":{"start":{"line":25,"column":8},"end":{"line":36,"column":9}},"16":{"start":{"line":26,"column":12},"end":{"line":29,"column":15}},"17":{"start":{"line":32,"column":12},"end":{"line":35,"column":15}},"18":{"start":{"line":39,"column":8},"end":{"line":39,"column":25}},"19":{"start":{"line":40,"column":8},"end":{"line":43,"column":11}},"20":{"start":{"line":48,"column":31},"end":{"line":75,"column":1}},"21":{"start":{"line":51,"column":4},"end":{"line":74,"column":5}},"22":{"start":{"line":53,"column":22},"end":{"line":53,"column":71}},"23":{"start":{"line":54,"column":8},"end":{"line":54,"column":28}},"24":{"start":{"line":55,"column":8},"end":{"line":66,"column":9}},"25":{"start":{"line":56,"column":12},"end":{"line":59,"column":15}},"26":{"start":{"line":62,"column":12},"end":{"line":65,"column":15}},"27":{"start":{"line":69,"column":8},"end":{"line":69,"column":25}},"28":{"start":{"line":70,"column":8},"end":{"line":73,"column":11}},"29":{"start":{"line":78,"column":37},"end":{"line":106,"column":1}},"30":{"start":{"line":80,"column":22},"end":{"line":80,"column":44}},"31":{"start":{"line":82,"column":4},"end":{"line":105,"column":5}},"32":{"start":{"line":84,"column":27},"end":{"line":84,"column":85}},"33":{"start":{"line":85,"column":8},"end":{"line":85,"column":33}},"34":{"start":{"line":86,"column":8},"end":{"line":97,"column":9}},"35":{"start":{"line":87,"column":12},"end":{"line":90,"column":15}},"36":{"start":{"line":93,"column":12},"end":{"line":96,"column":15}},"37":{"start":{"line":100,"column":8},"end":{"line":100,"column":25}},"38":{"start":{"line":101,"column":8},"end":{"line":104,"column":11}},"39":{"start":{"line":109,"column":33},"end":{"line":136,"column":1}},"40":{"start":{"line":112,"column":4},"end":{"line":135,"column":5}},"41":{"start":{"line":114,"column":22},"end":{"line":114,"column":73}},"42":{"start":{"line":115,"column":8},"end":{"line":115,"column":28}},"43":{"start":{"line":116,"column":8},"end":{"line":127,"column":9}},"44":{"start":{"line":117,"column":12},"end":{"line":120,"column":15}},"45":{"start":{"line":123,"column":12},"end":{"line":126,"column":15}},"46":{"start":{"line":130,"column":8},"end":{"line":130,"column":25}},"47":{"start":{"line":131,"column":8},"end":{"line":134,"column":11}},"48":{"start":{"line":139,"column":20},"end":{"line":166,"column":1}},"49":{"start":{"line":142,"column":4},"end":{"line":165,"column":5}},"50":{"start":{"line":144,"column":23},"end":{"line":144,"column":62}},"51":{"start":{"line":145,"column":8},"end":{"line":145,"column":28}},"52":{"start":{"line":146,"column":8},"end":{"line":157,"column":9}},"53":{"start":{"line":147,"column":12},"end":{"line":150,"column":15}},"54":{"start":{"line":153,"column":12},"end":{"line":156,"column":15}},"55":{"start":{"line":160,"column":8},"end":{"line":160,"column":25}},"56":{"start":{"line":161,"column":8},"end":{"line":164,"column":11}},"57":{"start":{"line":169,"column":0},"end":{"line":175,"column":1}}},"fnMap":{"0":{"name":"(anonymous_0)","decl":{"start":{"line":17,"column":22},"end":{"line":17,"column":23}},"loc":{"start":{"line":17,"column":42},"end":{"line":45,"column":1}},"line":17},"1":{"name":"(anonymous_1)","decl":{"start":{"line":48,"column":31},"end":{"line":48,"column":32}},"loc":{"start":{"line":48,"column":51},"end":{"line":75,"column":1}},"line":48},"2":{"name":"(anonymous_2)","decl":{"start":{"line":78,"column":37},"end":{"line":78,"column":38}},"loc":{"start":{"line":78,"column":57},"end":{"line":106,"column":1}},"line":78},"3":{"name":"(anonymous_3)","decl":{"start":{"line":109,"column":33},"end":{"line":109,"column":34}},"loc":{"start":{"line":109,"column":53},"end":{"line":136,"column":1}},"line":109},"4":{"name":"(anonymous_4)","decl":{"start":{"line":139,"column":20},"end":{"line":139,"column":21}},"loc":{"start":{"line":139,"column":40},"end":{"line":166,"column":1}},"line":139}},"branchMap":{"0":{"loc":{"start":{"line":25,"column":8},"end":{"line":36,"column":9}},"type":"if","locations":[{"start":{"line":25,"column":8},"end":{"line":36,"column":9}},{"start":{"line":31,"column":12},"end":{"line":36,"column":9}}],"line":25},"1":{"loc":{"start":{"line":55,"column":8},"end":{"line":66,"column":9}},"type":"if","locations":[{"start":{"line":55,"column":8},"end":{"line":66,"column":9}},{"start":{"line":61,"column":12},"end":{"line":66,"column":9}}],"line":55},"2":{"loc":{"start":{"line":86,"column":8},"end":{"line":97,"column":9}},"type":"if","locations":[{"start":{"line":86,"column":8},"end":{"line":97,"column":9}},{"start":{"line":92,"column":12},"end":{"line":97,"column":9}}],"line":86},"3":{"loc":{"start":{"line":116,"column":8},"end":{"line":127,"column":9}},"type":"if","locations":[{"start":{"line":116,"column":8},"end":{"line":127,"column":9}},{"start":{"line":122,"column":12},"end":{"line":127,"column":9}}],"line":116},"4":{"loc":{"start":{"line":146,"column":8},"end":{"line":157,"column":9}},"type":"if","locations":[{"start":{"line":146,"column":8},"end":{"line":157,"column":9}},{"start":{"line":152,"column":12},"end":{"line":157,"column":9}}],"line":146}},"s":{"0":5,"1":5,"2":5,"3":5,"4":5,"5":5,"6":5,"7":5,"8":5,"9":5,"10":5,"11":0,"12":0,"13":0,"14":0,"15":0,"16":0,"17":0,"18":0,"19":0,"20":5,"21":0,"22":0,"23":0,"24":0,"25":0,"26":0,"27":0,"28":0,"29":5,"30":0,"31":0,"32":0,"33":0,"34":0,"35":0,"36":0,"37":0,"38":0,"39":5,"40":0,"41":0,"42":0,"43":0,"44":0,"45":0,"46":0,"47":0,"48":5,"49":0,"50":0,"51":0,"52":0,"53":0,"54":0,"55":0,"56":0,"57":5},"f":{"0":0,"1":0,"2":0,"3":0,"4":0},"b":{"0":[0,0],"1":[0,0],"2":[0,0],"3":[0,0],"4":[0,0]},"_coverageSchema":"1a1c01bbd47fc00a2c39e90264f33305004495a9","hash":"d3236bd61445d640de95d73761bcfd9beda175eb"}
,"D:\\5th semi\\In19-S5-CS3202 - Software Engineering Project\\Project folder\\fuel-token-issuer-and-queue-management-system\\controllers\\authController.js": {"path":"D:\\5th semi\\In19-S5-CS3202 - Software Engineering Project\\Project folder\\fuel-token-issuer-and-queue-management-system\\controllers\\authController.js","statementMap":{"0":{"start":{"line":1,"column":15},"end":{"line":1,"column":34}},"1":{"start":{"line":2,"column":0},"end":{"line":2,"column":34}},"2":{"start":{"line":3,"column":0},"end":{"line":3,"column":27}},"3":{"start":{"line":5,"column":25},"end":{"line":5,"column":64}},"4":{"start":{"line":6,"column":20},"end":{"line":6,"column":54}},"5":{"start":{"line":7,"column":24},"end":{"line":7,"column":62}},"6":{"start":{"line":8,"column":24},"end":{"line":8,"column":62}},"7":{"start":{"line":10,"column":13},"end":{"line":10,"column":42}},"8":{"start":{"line":11,"column":19},"end":{"line":11,"column":61}},"9":{"start":{"line":14,"column":31},"end":{"line":52,"column":1}},"10":{"start":{"line":16,"column":15},"end":{"line":16,"column":23}},"11":{"start":{"line":17,"column":19},"end":{"line":17,"column":32}},"12":{"start":{"line":18,"column":14},"end":{"line":18,"column":22}},"13":{"start":{"line":20,"column":4},"end":{"line":51,"column":5}},"14":{"start":{"line":22,"column":8},"end":{"line":22,"column":69}},"15":{"start":{"line":24,"column":8},"end":{"line":24,"column":48}},"16":{"start":{"line":26,"column":19},"end":{"line":26,"column":62}},"17":{"start":{"line":28,"column":20},"end":{"line":28,"column":38}},"18":{"start":{"line":29,"column":23},"end":{"line":29,"column":59}},"19":{"start":{"line":31,"column":8},"end":{"line":40,"column":11}},"20":{"start":{"line":44,"column":8},"end":{"line":44,"column":25}},"21":{"start":{"line":46,"column":23},"end":{"line":46,"column":59}},"22":{"start":{"line":47,"column":8},"end":{"line":50,"column":11}},"23":{"start":{"line":55,"column":26},"end":{"line":117,"column":1}},"24":{"start":{"line":57,"column":15},"end":{"line":57,"column":23}},"25":{"start":{"line":58,"column":19},"end":{"line":58,"column":32}},"26":{"start":{"line":59,"column":25},"end":{"line":59,"column":44}},"27":{"start":{"line":61,"column":4},"end":{"line":116,"column":5}},"28":{"start":{"line":63,"column":24},"end":{"line":63,"column":75}},"29":{"start":{"line":65,"column":8},"end":{"line":107,"column":9}},"30":{"start":{"line":67,"column":12},"end":{"line":70,"column":15}},"31":{"start":{"line":72,"column":13},"end":{"line":107,"column":9}},"32":{"start":{"line":74,"column":12},"end":{"line":77,"column":15}},"33":{"start":{"line":79,"column":13},"end":{"line":107,"column":9}},"34":{"start":{"line":81,"column":12},"end":{"line":84,"column":15}},"35":{"start":{"line":88,"column":12},"end":{"line":88,"column":37}},"36":{"start":{"line":89,"column":12},"end":{"line":89,"column":73}},"37":{"start":{"line":91,"column":12},"end":{"line":91,"column":63}},"38":{"start":{"line":92,"column":12},"end":{"line":92,"column":66}},"39":{"start":{"line":94,"column":24},"end":{"line":94,"column":42}},"40":{"start":{"line":95,"column":23},"end":{"line":95,"column":32}},"41":{"start":{"line":97,"column":12},"end":{"line":106,"column":15}},"42":{"start":{"line":111,"column":8},"end":{"line":111,"column":25}},"43":{"start":{"line":112,"column":8},"end":{"line":115,"column":11}},"44":{"start":{"line":120,"column":25},"end":{"line":161,"column":1}},"45":{"start":{"line":122,"column":19},"end":{"line":122,"column":36}},"46":{"start":{"line":123,"column":19},"end":{"line":123,"column":36}},"47":{"start":{"line":125,"column":27},"end":{"line":125,"column":53}},"48":{"start":{"line":126,"column":22},"end":{"line":126,"column":48}},"49":{"start":{"line":128,"column":4},"end":{"line":160,"column":5}},"50":{"start":{"line":130,"column":8},"end":{"line":151,"column":9}},"51":{"start":{"line":132,"column":29},"end":{"line":132,"column":60}},"52":{"start":{"line":134,"column":30},"end":{"line":134,"column":64}},"53":{"start":{"line":135,"column":31},"end":{"line":135,"column":66}},"54":{"start":{"line":137,"column":12},"end":{"line":137,"column":54}},"55":{"start":{"line":138,"column":12},"end":{"line":138,"column":56}},"56":{"start":{"line":140,"column":12},"end":{"line":143,"column":15}},"57":{"start":{"line":147,"column":12},"end":{"line":150,"column":15}},"58":{"start":{"line":155,"column":8},"end":{"line":155,"column":27}},"59":{"start":{"line":156,"column":8},"end":{"line":159,"column":11}},"60":{"start":{"line":164,"column":28},"end":{"line":234,"column":1}},"61":{"start":{"line":166,"column":16},"end":{"line":166,"column":28}},"62":{"start":{"line":167,"column":21},"end":{"line":167,"column":38}},"63":{"start":{"line":169,"column":4},"end":{"line":233,"column":5}},"64":{"start":{"line":171,"column":21},"end":{"line":171,"column":64}},"65":{"start":{"line":173,"column":8},"end":{"line":224,"column":9}},"66":{"start":{"line":175,"column":33},"end":{"line":178,"column":13}},"67":{"start":{"line":180,"column":12},"end":{"line":216,"column":13}},"68":{"start":{"line":182,"column":33},"end":{"line":186,"column":17}},"69":{"start":{"line":188,"column":34},"end":{"line":188,"column":68}},"70":{"start":{"line":189,"column":35},"end":{"line":189,"column":70}},"71":{"start":{"line":191,"column":16},"end":{"line":191,"column":80}},"72":{"start":{"line":193,"column":16},"end":{"line":193,"column":58}},"73":{"start":{"line":194,"column":16},"end":{"line":194,"column":60}},"74":{"start":{"line":196,"column":31},"end":{"line":196,"column":67}},"75":{"start":{"line":198,"column":16},"end":{"line":206,"column":18}},"76":{"start":{"line":208,"column":16},"end":{"line":208,"column":38}},"77":{"start":{"line":212,"column":16},"end":{"line":215,"column":19}},"78":{"start":{"line":220,"column":12},"end":{"line":223,"column":15}},"79":{"start":{"line":228,"column":8},"end":{"line":228,"column":25}},"80":{"start":{"line":229,"column":8},"end":{"line":232,"column":11}},"81":{"start":{"line":237,"column":23},"end":{"line":303,"column":1}},"82":{"start":{"line":239,"column":27},"end":{"line":239,"column":50}},"83":{"start":{"line":240,"column":21},"end":{"line":240,"column":38}},"84":{"start":{"line":242,"column":4},"end":{"line":302,"column":5}},"85":{"start":{"line":244,"column":21},"end":{"line":244,"column":72}},"86":{"start":{"line":246,"column":8},"end":{"line":294,"column":9}},"87":{"start":{"line":248,"column":33},"end":{"line":251,"column":13}},"88":{"start":{"line":253,"column":12},"end":{"line":287,"column":13}},"89":{"start":{"line":255,"column":33},"end":{"line":259,"column":17}},"90":{"start":{"line":261,"column":34},"end":{"line":261,"column":68}},"91":{"start":{"line":262,"column":35},"end":{"line":262,"column":70}},"92":{"start":{"line":264,"column":16},"end":{"line":264,"column":75}},"93":{"start":{"line":266,"column":16},"end":{"line":266,"column":58}},"94":{"start":{"line":267,"column":16},"end":{"line":267,"column":60}},"95":{"start":{"line":269,"column":27},"end":{"line":269,"column":36}},"96":{"start":{"line":271,"column":16},"end":{"line":279,"column":18}},"97":{"start":{"line":280,"column":16},"end":{"line":280,"column":38}},"98":{"start":{"line":283,"column":16},"end":{"line":286,"column":19}},"99":{"start":{"line":290,"column":12},"end":{"line":293,"column":15}},"100":{"start":{"line":297,"column":8},"end":{"line":297,"column":25}},"101":{"start":{"line":298,"column":8},"end":{"line":301,"column":11}},"102":{"start":{"line":306,"column":27},"end":{"line":376,"column":1}},"103":{"start":{"line":308,"column":27},"end":{"line":308,"column":50}},"104":{"start":{"line":309,"column":21},"end":{"line":309,"column":38}},"105":{"start":{"line":311,"column":4},"end":{"line":375,"column":5}},"106":{"start":{"line":313,"column":21},"end":{"line":313,"column":77}},"107":{"start":{"line":315,"column":8},"end":{"line":366,"column":9}},"108":{"start":{"line":317,"column":33},"end":{"line":320,"column":13}},"109":{"start":{"line":322,"column":12},"end":{"line":358,"column":13}},"110":{"start":{"line":324,"column":33},"end":{"line":328,"column":17}},"111":{"start":{"line":330,"column":34},"end":{"line":330,"column":68}},"112":{"start":{"line":331,"column":35},"end":{"line":331,"column":70}},"113":{"start":{"line":333,"column":16},"end":{"line":333,"column":79}},"114":{"start":{"line":335,"column":16},"end":{"line":335,"column":58}},"115":{"start":{"line":336,"column":16},"end":{"line":336,"column":60}},"116":{"start":{"line":338,"column":27},"end":{"line":338,"column":36}},"117":{"start":{"line":340,"column":16},"end":{"line":348,"column":18}},"118":{"start":{"line":350,"column":16},"end":{"line":350,"column":38}},"119":{"start":{"line":354,"column":16},"end":{"line":357,"column":19}},"120":{"start":{"line":362,"column":12},"end":{"line":365,"column":15}},"121":{"start":{"line":370,"column":8},"end":{"line":370,"column":25}},"122":{"start":{"line":371,"column":8},"end":{"line":374,"column":11}},"123":{"start":{"line":378,"column":0},"end":{"line":385,"column":2}}},"fnMap":{"0":{"name":"(anonymous_0)","decl":{"start":{"line":14,"column":31},"end":{"line":14,"column":32}},"loc":{"start":{"line":14,"column":51},"end":{"line":52,"column":1}},"line":14},"1":{"name":"(anonymous_1)","decl":{"start":{"line":55,"column":26},"end":{"line":55,"column":27}},"loc":{"start":{"line":55,"column":46},"end":{"line":117,"column":1}},"line":55},"2":{"name":"(anonymous_2)","decl":{"start":{"line":120,"column":25},"end":{"line":120,"column":26}},"loc":{"start":{"line":120,"column":45},"end":{"line":161,"column":1}},"line":120},"3":{"name":"(anonymous_3)","decl":{"start":{"line":164,"column":28},"end":{"line":164,"column":29}},"loc":{"start":{"line":164,"column":48},"end":{"line":234,"column":1}},"line":164},"4":{"name":"(anonymous_4)","decl":{"start":{"line":237,"column":23},"end":{"line":237,"column":24}},"loc":{"start":{"line":237,"column":43},"end":{"line":303,"column":1}},"line":237},"5":{"name":"(anonymous_5)","decl":{"start":{"line":306,"column":27},"end":{"line":306,"column":28}},"loc":{"start":{"line":306,"column":47},"end":{"line":376,"column":1}},"line":306}},"branchMap":{"0":{"loc":{"start":{"line":46,"column":23},"end":{"line":46,"column":59}},"type":"cond-expr","locations":[{"start":{"line":46,"column":44},"end":{"line":46,"column":51}},{"start":{"line":46,"column":54},"end":{"line":46,"column":59}}],"line":46},"1":{"loc":{"start":{"line":65,"column":8},"end":{"line":107,"column":9}},"type":"if","locations":[{"start":{"line":65,"column":8},"end":{"line":107,"column":9}},{"start":{"line":72,"column":13},"end":{"line":107,"column":9}}],"line":65},"2":{"loc":{"start":{"line":72,"column":13},"end":{"line":107,"column":9}},"type":"if","locations":[{"start":{"line":72,"column":13},"end":{"line":107,"column":9}},{"start":{"line":79,"column":13},"end":{"line":107,"column":9}}],"line":72},"3":{"loc":{"start":{"line":79,"column":13},"end":{"line":107,"column":9}},"type":"if","locations":[{"start":{"line":79,"column":13},"end":{"line":107,"column":9}},{"start":{"line":86,"column":13},"end":{"line":107,"column":9}}],"line":79},"4":{"loc":{"start":{"line":130,"column":8},"end":{"line":151,"column":9}},"type":"if","locations":[{"start":{"line":130,"column":8},"end":{"line":151,"column":9}},{"start":{"line":145,"column":13},"end":{"line":151,"column":9}}],"line":130},"5":{"loc":{"start":{"line":130,"column":12},"end":{"line":130,"column":65}},"type":"binary-expr","locations":[{"start":{"line":130,"column":12},"end":{"line":130,"column":39}},{"start":{"line":130,"column":43},"end":{"line":130,"column":65}}],"line":130},"6":{"loc":{"start":{"line":173,"column":8},"end":{"line":224,"column":9}},"type":"if","locations":[{"start":{"line":173,"column":8},"end":{"line":224,"column":9}},{"start":{"line":218,"column":13},"end":{"line":224,"column":9}}],"line":173},"7":{"loc":{"start":{"line":180,"column":12},"end":{"line":216,"column":13}},"type":"if","locations":[{"start":{"line":180,"column":12},"end":{"line":216,"column":13}},{"start":{"line":210,"column":17},"end":{"line":216,"column":13}}],"line":180},"8":{"loc":{"start":{"line":246,"column":8},"end":{"line":294,"column":9}},"type":"if","locations":[{"start":{"line":246,"column":8},"end":{"line":294,"column":9}},{"start":{"line":289,"column":13},"end":{"line":294,"column":9}}],"line":246},"9":{"loc":{"start":{"line":253,"column":12},"end":{"line":287,"column":13}},"type":"if","locations":[{"start":{"line":253,"column":12},"end":{"line":287,"column":13}},{"start":{"line":282,"column":17},"end":{"line":287,"column":13}}],"line":253},"10":{"loc":{"start":{"line":315,"column":8},"end":{"line":366,"column":9}},"type":"if","locations":[{"start":{"line":315,"column":8},"end":{"line":366,"column":9}},{"start":{"line":360,"column":13},"end":{"line":366,"column":9}}],"line":315},"11":{"loc":{"start":{"line":322,"column":12},"end":{"line":358,"column":13}},"type":"if","locations":[{"start":{"line":322,"column":12},"end":{"line":358,"column":13}},{"start":{"line":352,"column":17},"end":{"line":358,"column":13}}],"line":322}},"s":{"0":5,"1":5,"2":5,"3":5,"4":5,"5":5,"6":5,"7":5,"8":5,"9":5,"10":1,"11":1,"12":1,"13":1,"14":1,"15":1,"16":0,"17":0,"18":0,"19":0,"20":1,"21":1,"22":0,"23":5,"24":0,"25":0,"26":0,"27":0,"28":0,"29":0,"30":0,"31":0,"32":0,"33":0,"34":0,"35":0,"36":0,"37":0,"38":0,"39":0,"40":0,"41":0,"42":0,"43":0,"44":5,"45":0,"46":0,"47":0,"48":0,"49":0,"50":0,"51":0,"52":0,"53":0,"54":0,"55":0,"56":0,"57":0,"58":0,"59":0,"60":5,"61":0,"62":0,"63":0,"64":0,"65":0,"66":0,"67":0,"68":0,"69":0,"70":0,"71":0,"72":0,"73":0,"74":0,"75":0,"76":0,"77":0,"78":0,"79":0,"80":0,"81":5,"82":0,"83":0,"84":0,"85":0,"86":0,"87":0,"88":0,"89":0,"90":0,"91":0,"92":0,"93":0,"94":0,"95":0,"96":0,"97":0,"98":0,"99":0,"100":0,"101":0,"102":5,"103":0,"104":0,"105":0,"106":0,"107":0,"108":0,"109":0,"110":0,"111":0,"112":0,"113":0,"114":0,"115":0,"116":0,"117":0,"118":0,"119":0,"120":0,"121":0,"122":0,"123":5},"f":{"0":1,"1":0,"2":0,"3":0,"4":0,"5":0},"b":{"0":[0,0],"1":[0,0],"2":[0,0],"3":[0,0],"4":[0,0],"5":[0,0],"6":[0,0],"7":[0,0],"8":[0,0],"9":[0,0],"10":[0,0],"11":[0,0]},"_coverageSchema":"1a1c01bbd47fc00a2c39e90264f33305004495a9","hash":"7a2084538a12cf666510136e052182e7e1c94de1"}
,"D:\\5th semi\\In19-S5-CS3202 - Software Engineering Project\\Project folder\\fuel-token-issuer-and-queue-management-system\\controllers\\orgController.js": {"path":"D:\\5th semi\\In19-S5-CS3202 - Software Engineering Project\\Project folder\\fuel-token-issuer-and-queue-management-system\\controllers\\orgController.js","statementMap":{"0":{"start":{"line":1,"column":15},"end":{"line":1,"column":34}},"1":{"start":{"line":2,"column":0},"end":{"line":2,"column":34}},"2":{"start":{"line":3,"column":0},"end":{"line":3,"column":27}},"3":{"start":{"line":5,"column":20},"end":{"line":5,"column":54}},"4":{"start":{"line":6,"column":24},"end":{"line":6,"column":62}},"5":{"start":{"line":7,"column":24},"end":{"line":7,"column":62}},"6":{"start":{"line":9,"column":13},"end":{"line":9,"column":42}},"7":{"start":{"line":10,"column":19},"end":{"line":10,"column":61}},"8":{"start":{"line":14,"column":22},"end":{"line":121,"column":1}},"9":{"start":{"line":16,"column":13},"end":{"line":16,"column":26}},"10":{"start":{"line":18,"column":4},"end":{"line":120,"column":5}},"11":{"start":{"line":20,"column":19},"end":{"line":20,"column":55}},"12":{"start":{"line":22,"column":8},"end":{"line":112,"column":9}},"13":{"start":{"line":24,"column":27},"end":{"line":24,"column":92}},"14":{"start":{"line":25,"column":27},"end":{"line":25,"column":76}},"15":{"start":{"line":26,"column":25},"end":{"line":26,"column":58}},"16":{"start":{"line":28,"column":29},"end":{"line":28,"column":31}},"17":{"start":{"line":29,"column":34},"end":{"line":29,"column":35}},"18":{"start":{"line":30,"column":34},"end":{"line":30,"column":35}},"19":{"start":{"line":31,"column":12},"end":{"line":50,"column":15}},"20":{"start":{"line":37,"column":16},"end":{"line":49,"column":17}},"21":{"start":{"line":39,"column":20},"end":{"line":48,"column":21}},"22":{"start":{"line":41,"column":24},"end":{"line":46,"column":25}},"23":{"start":{"line":42,"column":28},"end":{"line":42,"column":64}},"24":{"start":{"line":45,"column":28},"end":{"line":45,"column":64}},"25":{"start":{"line":47,"column":24},"end":{"line":47,"column":30}},"26":{"start":{"line":52,"column":12},"end":{"line":52,"column":60}},"27":{"start":{"line":53,"column":12},"end":{"line":53,"column":60}},"28":{"start":{"line":56,"column":12},"end":{"line":70,"column":13}},"29":{"start":{"line":58,"column":16},"end":{"line":69,"column":17}},"30":{"start":{"line":60,"column":40},"end":{"line":60,"column":131}},"31":{"start":{"line":61,"column":20},"end":{"line":61,"column":55}},"32":{"start":{"line":64,"column":20},"end":{"line":64,"column":37}},"33":{"start":{"line":65,"column":20},"end":{"line":68,"column":23}},"34":{"start":{"line":73,"column":31},"end":{"line":73,"column":33}},"35":{"start":{"line":74,"column":12},"end":{"line":79,"column":15}},"36":{"start":{"line":76,"column":16},"end":{"line":78,"column":17}},"37":{"start":{"line":77,"column":20},"end":{"line":77,"column":83}},"38":{"start":{"line":83,"column":34},"end":{"line":83,"column":36}},"39":{"start":{"line":84,"column":12},"end":{"line":86,"column":14}},"40":{"start":{"line":85,"column":16},"end":{"line":85,"column":82}},"41":{"start":{"line":88,"column":36},"end":{"line":88,"column":64}},"42":{"start":{"line":90,"column":29},"end":{"line":90,"column":63}},"43":{"start":{"line":91,"column":29},"end":{"line":91,"column":63}},"44":{"start":{"line":93,"column":34},"end":{"line":93,"column":83}},"45":{"start":{"line":94,"column":29},"end":{"line":94,"column":190}},"46":{"start":{"line":96,"column":12},"end":{"line":105,"column":15}},"47":{"start":{"line":108,"column":12},"end":{"line":111,"column":15}},"48":{"start":{"line":115,"column":8},"end":{"line":115,"column":25}},"49":{"start":{"line":116,"column":8},"end":{"line":119,"column":11}},"50":{"start":{"line":124,"column":21},"end":{"line":184,"column":1}},"51":{"start":{"line":126,"column":13},"end":{"line":126,"column":26}},"52":{"start":{"line":128,"column":4},"end":{"line":183,"column":5}},"53":{"start":{"line":130,"column":19},"end":{"line":130,"column":55}},"54":{"start":{"line":132,"column":8},"end":{"line":175,"column":9}},"55":{"start":{"line":134,"column":27},"end":{"line":134,"column":92}},"56":{"start":{"line":135,"column":25},"end":{"line":135,"column":58}},"57":{"start":{"line":137,"column":34},"end":{"line":137,"column":36}},"58":{"start":{"line":139,"column":12},"end":{"line":163,"column":14}},"59":{"start":{"line":141,"column":37},"end":{"line":141,"column":39}},"60":{"start":{"line":143,"column":16},"end":{"line":150,"column":17}},"61":{"start":{"line":145,"column":20},"end":{"line":149,"column":21}},"62":{"start":{"line":147,"column":24},"end":{"line":147,"column":73}},"63":{"start":{"line":148,"column":24},"end":{"line":148,"column":30}},"64":{"start":{"line":152,"column":16},"end":{"line":152,"column":74}},"65":{"start":{"line":153,"column":16},"end":{"line":153,"column":54}},"66":{"start":{"line":154,"column":16},"end":{"line":154,"column":62}},"67":{"start":{"line":156,"column":40},"end":{"line":156,"column":68}},"68":{"start":{"line":157,"column":37},"end":{"line":157,"column":136}},"69":{"start":{"line":158,"column":33},"end":{"line":158,"column":194}},"70":{"start":{"line":160,"column":16},"end":{"line":160,"column":62}},"71":{"start":{"line":162,"column":16},"end":{"line":162,"column":53}},"72":{"start":{"line":165,"column":12},"end":{"line":168,"column":15}},"73":{"start":{"line":171,"column":12},"end":{"line":174,"column":15}},"74":{"start":{"line":178,"column":8},"end":{"line":178,"column":25}},"75":{"start":{"line":179,"column":8},"end":{"line":182,"column":11}},"76":{"start":{"line":187,"column":24},"end":{"line":207,"column":1}},"77":{"start":{"line":189,"column":16},"end":{"line":189,"column":39}},"78":{"start":{"line":190,"column":19},"end":{"line":190,"column":36}},"79":{"start":{"line":192,"column":4},"end":{"line":206,"column":5}},"80":{"start":{"line":194,"column":21},"end":{"line":194,"column":70}},"81":{"start":{"line":196,"column":8},"end":{"line":198,"column":11}},"82":{"start":{"line":201,"column":8},"end":{"line":201,"column":27}},"83":{"start":{"line":202,"column":8},"end":{"line":205,"column":11}},"84":{"start":{"line":210,"column":21},"end":{"line":267,"column":1}},"85":{"start":{"line":212,"column":16},"end":{"line":212,"column":39}},"86":{"start":{"line":213,"column":19},"end":{"line":213,"column":36}},"87":{"start":{"line":214,"column":16},"end":{"line":214,"column":34}},"88":{"start":{"line":215,"column":19},"end":{"line":215,"column":36}},"89":{"start":{"line":216,"column":19},"end":{"line":216,"column":36}},"90":{"start":{"line":217,"column":19},"end":{"line":217,"column":33}},"91":{"start":{"line":219,"column":4},"end":{"line":266,"column":5}},"92":{"start":{"line":222,"column":21},"end":{"line":222,"column":78}},"93":{"start":{"line":224,"column":8},"end":{"line":258,"column":9}},"94":{"start":{"line":226,"column":29},"end":{"line":234,"column":13}},"95":{"start":{"line":237,"column":24},"end":{"line":237,"column":69}},"96":{"start":{"line":239,"column":32},"end":{"line":243,"column":13}},"97":{"start":{"line":245,"column":12},"end":{"line":245,"column":72}},"98":{"start":{"line":246,"column":12},"end":{"line":246,"column":43}},"99":{"start":{"line":248,"column":12},"end":{"line":251,"column":15}},"100":{"start":{"line":254,"column":12},"end":{"line":257,"column":15}},"101":{"start":{"line":261,"column":8},"end":{"line":261,"column":25}},"102":{"start":{"line":262,"column":8},"end":{"line":265,"column":11}},"103":{"start":{"line":269,"column":0},"end":{"line":274,"column":1}}},"fnMap":{"0":{"name":"(anonymous_0)","decl":{"start":{"line":14,"column":22},"end":{"line":14,"column":23}},"loc":{"start":{"line":14,"column":42},"end":{"line":121,"column":1}},"line":14},"1":{"name":"(anonymous_1)","decl":{"start":{"line":31,"column":29},"end":{"line":31,"column":30}},"loc":{"start":{"line":31,"column":42},"end":{"line":50,"column":13}},"line":31},"2":{"name":"(anonymous_2)","decl":{"start":{"line":74,"column":29},"end":{"line":74,"column":30}},"loc":{"start":{"line":74,"column":42},"end":{"line":79,"column":13}},"line":74},"3":{"name":"(anonymous_3)","decl":{"start":{"line":84,"column":29},"end":{"line":84,"column":30}},"loc":{"start":{"line":84,"column":42},"end":{"line":86,"column":13}},"line":84},"4":{"name":"(anonymous_4)","decl":{"start":{"line":124,"column":21},"end":{"line":124,"column":22}},"loc":{"start":{"line":124,"column":41},"end":{"line":184,"column":1}},"line":124},"5":{"name":"(anonymous_5)","decl":{"start":{"line":139,"column":29},"end":{"line":139,"column":30}},"loc":{"start":{"line":139,"column":42},"end":{"line":163,"column":13}},"line":139},"6":{"name":"(anonymous_6)","decl":{"start":{"line":187,"column":24},"end":{"line":187,"column":25}},"loc":{"start":{"line":187,"column":44},"end":{"line":207,"column":1}},"line":187},"7":{"name":"(anonymous_7)","decl":{"start":{"line":210,"column":21},"end":{"line":210,"column":22}},"loc":{"start":{"line":210,"column":41},"end":{"line":267,"column":1}},"line":210}},"branchMap":{"0":{"loc":{"start":{"line":22,"column":8},"end":{"line":112,"column":9}},"type":"if","locations":[{"start":{"line":22,"column":8},"end":{"line":112,"column":9}},{"start":{"line":107,"column":12},"end":{"line":112,"column":9}}],"line":22},"1":{"loc":{"start":{"line":39,"column":20},"end":{"line":48,"column":21}},"type":"if","locations":[{"start":{"line":39,"column":20},"end":{"line":48,"column":21}},{"start":{},"end":{}}],"line":39},"2":{"loc":{"start":{"line":39,"column":23},"end":{"line":39,"column":104}},"type":"binary-expr","locations":[{"start":{"line":39,"column":23},"end":{"line":39,"column":61}},{"start":{"line":39,"column":65},"end":{"line":39,"column":104}}],"line":39},"3":{"loc":{"start":{"line":41,"column":24},"end":{"line":46,"column":25}},"type":"if","locations":[{"start":{"line":41,"column":24},"end":{"line":46,"column":25}},{"start":{"line":44,"column":28},"end":{"line":46,"column":25}}],"line":41},"4":{"loc":{"start":{"line":56,"column":12},"end":{"line":70,"column":13}},"type":"if","locations":[{"start":{"line":56,"column":12},"end":{"line":70,"column":13}},{"start":{},"end":{}}],"line":56},"5":{"loc":{"start":{"line":56,"column":15},"end":{"line":56,"column":95}},"type":"binary-expr","locations":[{"start":{"line":56,"column":15},"end":{"line":56,"column":53}},{"start":{"line":56,"column":57},"end":{"line":56,"column":95}}],"line":56},"6":{"loc":{"start":{"line":76,"column":16},"end":{"line":78,"column":17}},"type":"if","locations":[{"start":{"line":76,"column":16},"end":{"line":78,"column":17}},{"start":{},"end":{}}],"line":76},"7":{"loc":{"start":{"line":93,"column":34},"end":{"line":93,"column":83}},"type":"cond-expr","locations":[{"start":{"line":93,"column":60},"end":{"line":93,"column":70}},{"start":{"line":93,"column":73},"end":{"line":93,"column":83}}],"line":93},"8":{"loc":{"start":{"line":132,"column":8},"end":{"line":175,"column":9}},"type":"if","locations":[{"start":{"line":132,"column":8},"end":{"line":175,"column":9}},{"start":{"line":170,"column":12},"end":{"line":175,"column":9}}],"line":132},"9":{"loc":{"start":{"line":145,"column":20},"end":{"line":149,"column":21}},"type":"if","locations":[{"start":{"line":145,"column":20},"end":{"line":149,"column":21}},{"start":{},"end":{}}],"line":145},"10":{"loc":{"start":{"line":145,"column":23},"end":{"line":145,"column":104}},"type":"binary-expr","locations":[{"start":{"line":145,"column":23},"end":{"line":145,"column":61}},{"start":{"line":145,"column":65},"end":{"line":145,"column":104}}],"line":145},"11":{"loc":{"start":{"line":157,"column":37},"end":{"line":157,"column":136}},"type":"cond-expr","locations":[{"start":{"line":157,"column":65},"end":{"line":157,"column":99}},{"start":{"line":157,"column":102},"end":{"line":157,"column":136}}],"line":157},"12":{"loc":{"start":{"line":224,"column":8},"end":{"line":258,"column":9}},"type":"if","locations":[{"start":{"line":224,"column":8},"end":{"line":258,"column":9}},{"start":{"line":253,"column":12},"end":{"line":258,"column":9}}],"line":224}},"s":{"0":5,"1":5,"2":5,"3":5,"4":5,"5":5,"6":5,"7":5,"8":5,"9":0,"10":0,"11":0,"12":0,"13":0,"14":0,"15":0,"16":0,"17":0,"18":0,"19":0,"20":0,"21":0,"22":0,"23":0,"24":0,"25":0,"26":0,"27":0,"28":0,"29":0,"30":0,"31":0,"32":0,"33":0,"34":0,"35":0,"36":0,"37":0,"38":0,"39":0,"40":0,"41":0,"42":0,"43":0,"44":0,"45":0,"46":0,"47":0,"48":0,"49":0,"50":5,"51":0,"52":0,"53":0,"54":0,"55":0,"56":0,"57":0,"58":0,"59":0,"60":0,"61":0,"62":0,"63":0,"64":0,"65":0,"66":0,"67":0,"68":0,"69":0,"70":0,"71":0,"72":0,"73":0,"74":0,"75":0,"76":5,"77":0,"78":0,"79":0,"80":0,"81":0,"82":0,"83":0,"84":5,"85":0,"86":0,"87":0,"88":0,"89":0,"90":0,"91":0,"92":0,"93":0,"94":0,"95":0,"96":0,"97":0,"98":0,"99":0,"100":0,"101":0,"102":0,"103":5},"f":{"0":0,"1":0,"2":0,"3":0,"4":0,"5":0,"6":0,"7":0},"b":{"0":[0,0],"1":[0,0],"2":[0,0],"3":[0,0],"4":[0,0],"5":[0,0],"6":[0,0],"7":[0,0],"8":[0,0],"9":[0,0],"10":[0,0],"11":[0,0],"12":[0,0]},"_coverageSchema":"1a1c01bbd47fc00a2c39e90264f33305004495a9","hash":"3c0b5b1aa82d1508daa6ea6bc64dd6eb28e3f39e"}
,"D:\\5th semi\\In19-S5-CS3202 - Software Engineering Project\\Project folder\\fuel-token-issuer-and-queue-management-system\\controllers\\personalController.js": {"path":"D:\\5th semi\\In19-S5-CS3202 - Software Engineering Project\\Project folder\\fuel-token-issuer-and-queue-management-system\\controllers\\personalController.js","statementMap":{"0":{"start":{"line":1,"column":15},"end":{"line":1,"column":34}},"1":{"start":{"line":2,"column":0},"end":{"line":2,"column":34}},"2":{"start":{"line":3,"column":0},"end":{"line":3,"column":27}},"3":{"start":{"line":5,"column":25},"end":{"line":5,"column":64}},"4":{"start":{"line":6,"column":24},"end":{"line":6,"column":62}},"5":{"start":{"line":7,"column":24},"end":{"line":7,"column":62}},"6":{"start":{"line":9,"column":13},"end":{"line":9,"column":42}},"7":{"start":{"line":10,"column":19},"end":{"line":10,"column":61}},"8":{"start":{"line":16,"column":22},"end":{"line":97,"column":1}},"9":{"start":{"line":18,"column":13},"end":{"line":18,"column":26}},"10":{"start":{"line":20,"column":4},"end":{"line":96,"column":5}},"11":{"start":{"line":22,"column":19},"end":{"line":22,"column":60}},"12":{"start":{"line":24,"column":8},"end":{"line":88,"column":9}},"13":{"start":{"line":26,"column":27},"end":{"line":26,"column":71}},"14":{"start":{"line":27,"column":27},"end":{"line":27,"column":76}},"15":{"start":{"line":28,"column":25},"end":{"line":28,"column":58}},"16":{"start":{"line":30,"column":34},"end":{"line":30,"column":36}},"17":{"start":{"line":31,"column":12},"end":{"line":67,"column":14}},"18":{"start":{"line":33,"column":37},"end":{"line":33,"column":39}},"19":{"start":{"line":40,"column":16},"end":{"line":47,"column":17}},"20":{"start":{"line":42,"column":20},"end":{"line":46,"column":21}},"21":{"start":{"line":44,"column":24},"end":{"line":44,"column":53}},"22":{"start":{"line":45,"column":24},"end":{"line":45,"column":30}},"23":{"start":{"line":49,"column":16},"end":{"line":49,"column":56}},"24":{"start":{"line":50,"column":16},"end":{"line":50,"column":81}},"25":{"start":{"line":53,"column":39},"end":{"line":53,"column":41}},"26":{"start":{"line":54,"column":16},"end":{"line":59,"column":18}},"27":{"start":{"line":56,"column":20},"end":{"line":58,"column":21}},"28":{"start":{"line":57,"column":24},"end":{"line":57,"column":116}},"29":{"start":{"line":61,"column":16},"end":{"line":63,"column":17}},"30":{"start":{"line":62,"column":20},"end":{"line":62,"column":55}},"31":{"start":{"line":64,"column":16},"end":{"line":64,"column":62}},"32":{"start":{"line":66,"column":16},"end":{"line":66,"column":53}},"33":{"start":{"line":71,"column":34},"end":{"line":71,"column":36}},"34":{"start":{"line":72,"column":12},"end":{"line":74,"column":14}},"35":{"start":{"line":73,"column":16},"end":{"line":73,"column":107}},"36":{"start":{"line":76,"column":12},"end":{"line":81,"column":15}},"37":{"start":{"line":84,"column":12},"end":{"line":87,"column":15}},"38":{"start":{"line":91,"column":8},"end":{"line":91,"column":25}},"39":{"start":{"line":92,"column":8},"end":{"line":95,"column":11}},"40":{"start":{"line":100,"column":20},"end":{"line":144,"column":1}},"41":{"start":{"line":102,"column":14},"end":{"line":102,"column":26}},"42":{"start":{"line":103,"column":16},"end":{"line":103,"column":39}},"43":{"start":{"line":104,"column":19},"end":{"line":104,"column":36}},"44":{"start":{"line":105,"column":19},"end":{"line":105,"column":36}},"45":{"start":{"line":107,"column":4},"end":{"line":143,"column":5}},"46":{"start":{"line":109,"column":22},"end":{"line":109,"column":87}},"47":{"start":{"line":111,"column":8},"end":{"line":135,"column":9}},"48":{"start":{"line":112,"column":12},"end":{"line":115,"column":15}},"49":{"start":{"line":117,"column":13},"end":{"line":135,"column":9}},"50":{"start":{"line":118,"column":12},"end":{"line":121,"column":15}},"51":{"start":{"line":123,"column":13},"end":{"line":135,"column":9}},"52":{"start":{"line":124,"column":12},"end":{"line":127,"column":15}},"53":{"start":{"line":131,"column":25},"end":{"line":131,"column":89}},"54":{"start":{"line":132,"column":12},"end":{"line":134,"column":15}},"55":{"start":{"line":138,"column":8},"end":{"line":138,"column":25}},"56":{"start":{"line":139,"column":8},"end":{"line":142,"column":11}},"57":{"start":{"line":147,"column":24},"end":{"line":167,"column":1}},"58":{"start":{"line":149,"column":16},"end":{"line":149,"column":39}},"59":{"start":{"line":150,"column":19},"end":{"line":150,"column":36}},"60":{"start":{"line":152,"column":4},"end":{"line":166,"column":5}},"61":{"start":{"line":154,"column":21},"end":{"line":154,"column":85}},"62":{"start":{"line":156,"column":8},"end":{"line":158,"column":11}},"63":{"start":{"line":161,"column":8},"end":{"line":161,"column":27}},"64":{"start":{"line":162,"column":8},"end":{"line":165,"column":11}},"65":{"start":{"line":170,"column":21},"end":{"line":231,"column":1}},"66":{"start":{"line":173,"column":14},"end":{"line":173,"column":26}},"67":{"start":{"line":174,"column":16},"end":{"line":174,"column":39}},"68":{"start":{"line":175,"column":19},"end":{"line":175,"column":36}},"69":{"start":{"line":176,"column":25},"end":{"line":176,"column":48}},"70":{"start":{"line":177,"column":19},"end":{"line":177,"column":36}},"71":{"start":{"line":178,"column":19},"end":{"line":178,"column":36}},"72":{"start":{"line":179,"column":19},"end":{"line":179,"column":29}},"73":{"start":{"line":181,"column":4},"end":{"line":230,"column":5}},"74":{"start":{"line":184,"column":21},"end":{"line":184,"column":78}},"75":{"start":{"line":186,"column":8},"end":{"line":222,"column":9}},"76":{"start":{"line":188,"column":29},"end":{"line":196,"column":13}},"77":{"start":{"line":199,"column":24},"end":{"line":199,"column":69}},"78":{"start":{"line":201,"column":32},"end":{"line":207,"column":13}},"79":{"start":{"line":209,"column":12},"end":{"line":209,"column":72}},"80":{"start":{"line":210,"column":12},"end":{"line":210,"column":43}},"81":{"start":{"line":212,"column":12},"end":{"line":215,"column":15}},"82":{"start":{"line":218,"column":12},"end":{"line":221,"column":15}},"83":{"start":{"line":225,"column":8},"end":{"line":225,"column":25}},"84":{"start":{"line":226,"column":8},"end":{"line":229,"column":11}},"85":{"start":{"line":233,"column":0},"end":{"line":238,"column":1}}},"fnMap":{"0":{"name":"(anonymous_0)","decl":{"start":{"line":16,"column":22},"end":{"line":16,"column":23}},"loc":{"start":{"line":16,"column":42},"end":{"line":97,"column":1}},"line":16},"1":{"name":"(anonymous_1)","decl":{"start":{"line":31,"column":29},"end":{"line":31,"column":30}},"loc":{"start":{"line":31,"column":42},"end":{"line":67,"column":13}},"line":31},"2":{"name":"(anonymous_2)","decl":{"start":{"line":54,"column":33},"end":{"line":54,"column":34}},"loc":{"start":{"line":54,"column":46},"end":{"line":59,"column":17}},"line":54},"3":{"name":"(anonymous_3)","decl":{"start":{"line":72,"column":29},"end":{"line":72,"column":30}},"loc":{"start":{"line":72,"column":42},"end":{"line":74,"column":13}},"line":72},"4":{"name":"(anonymous_4)","decl":{"start":{"line":100,"column":20},"end":{"line":100,"column":21}},"loc":{"start":{"line":100,"column":40},"end":{"line":144,"column":1}},"line":100},"5":{"name":"(anonymous_5)","decl":{"start":{"line":147,"column":24},"end":{"line":147,"column":25}},"loc":{"start":{"line":147,"column":44},"end":{"line":167,"column":1}},"line":147},"6":{"name":"(anonymous_6)","decl":{"start":{"line":170,"column":21},"end":{"line":170,"column":22}},"loc":{"start":{"line":170,"column":41},"end":{"line":231,"column":1}},"line":170}},"branchMap":{"0":{"loc":{"start":{"line":24,"column":8},"end":{"line":88,"column":9}},"type":"if","locations":[{"start":{"line":24,"column":8},"end":{"line":88,"column":9}},{"start":{"line":83,"column":12},"end":{"line":88,"column":9}}],"line":24},"1":{"loc":{"start":{"line":42,"column":20},"end":{"line":46,"column":21}},"type":"if","locations":[{"start":{"line":42,"column":20},"end":{"line":46,"column":21}},{"start":{},"end":{}}],"line":42},"2":{"loc":{"start":{"line":42,"column":23},"end":{"line":42,"column":104}},"type":"binary-expr","locations":[{"start":{"line":42,"column":23},"end":{"line":42,"column":61}},{"start":{"line":42,"column":65},"end":{"line":42,"column":104}}],"line":42},"3":{"loc":{"start":{"line":56,"column":20},"end":{"line":58,"column":21}},"type":"if","locations":[{"start":{"line":56,"column":20},"end":{"line":58,"column":21}},{"start":{},"end":{}}],"line":56},"4":{"loc":{"start":{"line":111,"column":8},"end":{"line":135,"column":9}},"type":"if","locations":[{"start":{"line":111,"column":8},"end":{"line":135,"column":9}},{"start":{"line":117,"column":13},"end":{"line":135,"column":9}}],"line":111},"5":{"loc":{"start":{"line":117,"column":13},"end":{"line":135,"column":9}},"type":"if","locations":[{"start":{"line":117,"column":13},"end":{"line":135,"column":9}},{"start":{"line":123,"column":13},"end":{"line":135,"column":9}}],"line":117},"6":{"loc":{"start":{"line":123,"column":13},"end":{"line":135,"column":9}},"type":"if","locations":[{"start":{"line":123,"column":13},"end":{"line":135,"column":9}},{"start":{"line":129,"column":12},"end":{"line":135,"column":9}}],"line":123},"7":{"loc":{"start":{"line":186,"column":8},"end":{"line":222,"column":9}},"type":"if","locations":[{"start":{"line":186,"column":8},"end":{"line":222,"column":9}},{"start":{"line":217,"column":12},"end":{"line":222,"column":9}}],"line":186}},"s":{"0":5,"1":5,"2":5,"3":5,"4":5,"5":5,"6":5,"7":5,"8":5,"9":0,"10":0,"11":0,"12":0,"13":0,"14":0,"15":0,"16":0,"17":0,"18":0,"19":0,"20":0,"21":0,"22":0,"23":0,"24":0,"25":0,"26":0,"27":0,"28":0,"29":0,"30":0,"31":0,"32":0,"33":0,"34":0,"35":0,"36":0,"37":0,"38":0,"39":0,"40":5,"41":0,"42":0,"43":0,"44":0,"45":0,"46":0,"47":0,"48":0,"49":0,"50":0,"51":0,"52":0,"53":0,"54":0,"55":0,"56":0,"57":5,"58":0,"59":0,"60":0,"61":0,"62":0,"63":0,"64":0,"65":5,"66":0,"67":0,"68":0,"69":0,"70":0,"71":0,"72":0,"73":0,"74":0,"75":0,"76":0,"77":0,"78":0,"79":0,"80":0,"81":0,"82":0,"83":0,"84":0,"85":5},"f":{"0":0,"1":0,"2":0,"3":0,"4":0,"5":0,"6":0},"b":{"0":[0,0],"1":[0,0],"2":[0,0],"3":[0,0],"4":[0,0],"5":[0,0],"6":[0,0],"7":[0,0]},"_coverageSchema":"1a1c01bbd47fc00a2c39e90264f33305004495a9","hash":"c387088064e033f72f1ec5205fb64f2031855ce5"}
,"D:\\5th semi\\In19-S5-CS3202 - Software Engineering Project\\Project folder\\fuel-token-issuer-and-queue-management-system\\controllers\\stationController.js": {"path":"D:\\5th semi\\In19-S5-CS3202 - Software Engineering Project\\Project folder\\fuel-token-issuer-and-queue-management-system\\controllers\\stationController.js","statementMap":{"0":{"start":{"line":1,"column":15},"end":{"line":1,"column":34}},"1":{"start":{"line":2,"column":25},"end":{"line":2,"column":69}},"2":{"start":{"line":4,"column":0},"end":{"line":4,"column":34}},"3":{"start":{"line":5,"column":0},"end":{"line":5,"column":27}},"4":{"start":{"line":7,"column":24},"end":{"line":7,"column":62}},"5":{"start":{"line":8,"column":24},"end":{"line":8,"column":62}},"6":{"start":{"line":9,"column":22},"end":{"line":9,"column":58}},"7":{"start":{"line":10,"column":24},"end":{"line":10,"column":62}},"8":{"start":{"line":12,"column":13},"end":{"line":12,"column":42}},"9":{"start":{"line":13,"column":19},"end":{"line":13,"column":61}},"10":{"start":{"line":16,"column":22},"end":{"line":42,"column":1}},"11":{"start":{"line":18,"column":11},"end":{"line":18,"column":24}},"12":{"start":{"line":20,"column":2},"end":{"line":41,"column":3}},"13":{"start":{"line":21,"column":15},"end":{"line":21,"column":56}},"14":{"start":{"line":22,"column":4},"end":{"line":33,"column":5}},"15":{"start":{"line":23,"column":6},"end":{"line":27,"column":9}},"16":{"start":{"line":29,"column":6},"end":{"line":32,"column":9}},"17":{"start":{"line":36,"column":4},"end":{"line":36,"column":21}},"18":{"start":{"line":37,"column":4},"end":{"line":40,"column":7}},"19":{"start":{"line":45,"column":27},"end":{"line":69,"column":1}},"20":{"start":{"line":46,"column":14},"end":{"line":46,"column":37}},"21":{"start":{"line":47,"column":17},"end":{"line":47,"column":34}},"22":{"start":{"line":48,"column":20},"end":{"line":48,"column":52}},"23":{"start":{"line":50,"column":2},"end":{"line":68,"column":5}},"24":{"start":{"line":52,"column":17},"end":{"line":56,"column":5}},"25":{"start":{"line":58,"column":4},"end":{"line":61,"column":7}},"26":{"start":{"line":63,"column":8},"end":{"line":63,"column":25}},"27":{"start":{"line":64,"column":8},"end":{"line":67,"column":11}},"28":{"start":{"line":72,"column":27},"end":{"line":127,"column":1}},"29":{"start":{"line":73,"column":14},"end":{"line":73,"column":30}},"30":{"start":{"line":75,"column":2},"end":{"line":126,"column":3}},"31":{"start":{"line":77,"column":18},"end":{"line":77,"column":65}},"32":{"start":{"line":79,"column":17},"end":{"line":79,"column":74}},"33":{"start":{"line":80,"column":4},"end":{"line":85,"column":6}},"34":{"start":{"line":86,"column":4},"end":{"line":91,"column":6}},"35":{"start":{"line":93,"column":4},"end":{"line":110,"column":5}},"36":{"start":{"line":93,"column":17},"end":{"line":93,"column":18}},"37":{"start":{"line":94,"column":18},"end":{"line":94,"column":27}},"38":{"start":{"line":95,"column":20},"end":{"line":95,"column":72}},"39":{"start":{"line":97,"column":33},"end":{"line":97,"column":74}},"40":{"start":{"line":97,"column":62},"end":{"line":97,"column":73}},"41":{"start":{"line":98,"column":6},"end":{"line":106,"column":9}},"42":{"start":{"line":99,"column":19},"end":{"line":104,"column":9}},"43":{"start":{"line":105,"column":8},"end":{"line":105,"column":41}},"44":{"start":{"line":108,"column":6},"end":{"line":108,"column":62}},"45":{"start":{"line":109,"column":6},"end":{"line":109,"column":65}},"46":{"start":{"line":113,"column":4},"end":{"line":119,"column":7}},"47":{"start":{"line":121,"column":4},"end":{"line":121,"column":21}},"48":{"start":{"line":122,"column":4},"end":{"line":125,"column":7}},"49":{"start":{"line":130,"column":28},"end":{"line":174,"column":1}},"50":{"start":{"line":132,"column":2},"end":{"line":132,"column":25}},"51":{"start":{"line":133,"column":2},"end":{"line":133,"column":28}},"52":{"start":{"line":134,"column":2},"end":{"line":134,"column":41}},"53":{"start":{"line":135,"column":2},"end":{"line":135,"column":31}},"54":{"start":{"line":136,"column":2},"end":{"line":136,"column":29}},"55":{"start":{"line":137,"column":2},"end":{"line":137,"column":35}},"56":{"start":{"line":139,"column":2},"end":{"line":173,"column":3}},"57":{"start":{"line":141,"column":18},"end":{"line":141,"column":88}},"58":{"start":{"line":144,"column":15},"end":{"line":144,"column":17}},"59":{"start":{"line":145,"column":17},"end":{"line":145,"column":19}},"60":{"start":{"line":147,"column":4},"end":{"line":150,"column":7}},"61":{"start":{"line":148,"column":6},"end":{"line":148,"column":27}},"62":{"start":{"line":149,"column":6},"end":{"line":149,"column":57}},"63":{"start":{"line":152,"column":18},"end":{"line":152,"column":92}},"64":{"start":{"line":155,"column":18},"end":{"line":155,"column":84}},"65":{"start":{"line":164,"column":4},"end":{"line":166,"column":7}},"66":{"start":{"line":168,"column":4},"end":{"line":168,"column":21}},"67":{"start":{"line":169,"column":4},"end":{"line":172,"column":7}},"68":{"start":{"line":177,"column":2},"end":{"line":182,"column":4}}},"fnMap":{"0":{"name":"(anonymous_0)","decl":{"start":{"line":16,"column":22},"end":{"line":16,"column":23}},"loc":{"start":{"line":16,"column":42},"end":{"line":42,"column":1}},"line":16},"1":{"name":"(anonymous_1)","decl":{"start":{"line":45,"column":27},"end":{"line":45,"column":28}},"loc":{"start":{"line":45,"column":47},"end":{"line":69,"column":1}},"line":45},"2":{"name":"(anonymous_2)","decl":{"start":{"line":72,"column":27},"end":{"line":72,"column":28}},"loc":{"start":{"line":72,"column":47},"end":{"line":127,"column":1}},"line":72},"3":{"name":"(anonymous_3)","decl":{"start":{"line":97,"column":54},"end":{"line":97,"column":55}},"loc":{"start":{"line":97,"column":62},"end":{"line":97,"column":73}},"line":97},"4":{"name":"(anonymous_4)","decl":{"start":{"line":98,"column":22},"end":{"line":98,"column":23}},"loc":{"start":{"line":98,"column":34},"end":{"line":106,"column":7}},"line":98},"5":{"name":"(anonymous_5)","decl":{"start":{"line":130,"column":28},"end":{"line":130,"column":29}},"loc":{"start":{"line":130,"column":48},"end":{"line":174,"column":1}},"line":130},"6":{"name":"(anonymous_6)","decl":{"start":{"line":147,"column":21},"end":{"line":147,"column":22}},"loc":{"start":{"line":147,"column":28},"end":{"line":150,"column":5}},"line":147}},"branchMap":{"0":{"loc":{"start":{"line":22,"column":4},"end":{"line":33,"column":5}},"type":"if","locations":[{"start":{"line":22,"column":4},"end":{"line":33,"column":5}},{"start":{"line":28,"column":11},"end":{"line":33,"column":5}}],"line":22}},"s":{"0":5,"1":5,"2":5,"3":5,"4":5,"5":5,"6":5,"7":5,"8":5,"9":5,"10":5,"11":0,"12":0,"13":0,"14":0,"15":0,"16":0,"17":0,"18":0,"19":5,"20":0,"21":0,"22":0,"23":0,"24":0,"25":0,"26":0,"27":0,"28":5,"29":0,"30":0,"31":0,"32":0,"33":0,"34":0,"35":0,"36":0,"37":0,"38":0,"39":0,"40":0,"41":0,"42":0,"43":0,"44":0,"45":0,"46":0,"47":0,"48":0,"49":5,"50":0,"51":0,"52":0,"53":0,"54":0,"55":0,"56":0,"57":0,"58":0,"59":0,"60":0,"61":0,"62":0,"63":0,"64":0,"65":0,"66":0,"67":0,"68":5},"f":{"0":0,"1":0,"2":0,"3":0,"4":0,"5":0,"6":0},"b":{"0":[0,0]},"_coverageSchema":"1a1c01bbd47fc00a2c39e90264f33305004495a9","hash":"73219fe6071c5ddd34fa6f739ec7e0e90efe0951"}
,"D:\\5th semi\\In19-S5-CS3202 - Software Engineering Project\\Project folder\\fuel-token-issuer-and-queue-management-system\\middleware\\auth.js": {"path":"D:\\5th semi\\In19-S5-CS3202 - Software Engineering Project\\Project folder\\fuel-token-issuer-and-queue-management-system\\middleware\\auth.js","statementMap":{"0":{"start":{"line":1,"column":12},"end":{"line":1,"column":35}},"1":{"start":{"line":2,"column":0},"end":{"line":2,"column":27}},"2":{"start":{"line":4,"column":25},"end":{"line":4,"column":64}},"3":{"start":{"line":5,"column":20},"end":{"line":5,"column":54}},"4":{"start":{"line":6,"column":24},"end":{"line":6,"column":62}},"5":{"start":{"line":8,"column":32},"end":{"line":8,"column":67}},"6":{"start":{"line":9,"column":33},"end":{"line":9,"column":69}},"7":{"start":{"line":10,"column":19},"end":{"line":10,"column":41}},"8":{"start":{"line":11,"column":20},"end":{"line":11,"column":43}},"9":{"start":{"line":13,"column":18},"end":{"line":82,"column":1}},"10":{"start":{"line":15,"column":4},"end":{"line":81,"column":5}},"11":{"start":{"line":17,"column":33},"end":{"line":17,"column":63}},"12":{"start":{"line":18,"column":32},"end":{"line":18,"column":61}},"13":{"start":{"line":20,"column":8},"end":{"line":74,"column":9}},"14":{"start":{"line":22,"column":12},"end":{"line":25,"column":15}},"15":{"start":{"line":29,"column":31},"end":{"line":29,"column":85}},"16":{"start":{"line":30,"column":30},"end":{"line":30,"column":82}},"17":{"start":{"line":32,"column":12},"end":{"line":73,"column":13}},"18":{"start":{"line":34,"column":41},"end":{"line":34,"column":71}},"19":{"start":{"line":36,"column":16},"end":{"line":57,"column":17}},"20":{"start":{"line":38,"column":20},"end":{"line":38,"column":82}},"21":{"start":{"line":39,"column":20},"end":{"line":39,"column":57}},"22":{"start":{"line":41,"column":20},"end":{"line":41,"column":34}},"23":{"start":{"line":45,"column":46},"end":{"line":45,"column":84}},"24":{"start":{"line":47,"column":20},"end":{"line":56,"column":21}},"25":{"start":{"line":49,"column":24},"end":{"line":49,"column":87}},"26":{"start":{"line":50,"column":24},"end":{"line":50,"column":62}},"27":{"start":{"line":52,"column":24},"end":{"line":52,"column":38}},"28":{"start":{"line":55,"column":24},"end":{"line":55,"column":71}},"29":{"start":{"line":60,"column":16},"end":{"line":60,"column":63}},"30":{"start":{"line":61,"column":42},"end":{"line":61,"column":80}},"31":{"start":{"line":63,"column":16},"end":{"line":72,"column":17}},"32":{"start":{"line":65,"column":20},"end":{"line":65,"column":83}},"33":{"start":{"line":66,"column":20},"end":{"line":66,"column":58}},"34":{"start":{"line":68,"column":20},"end":{"line":68,"column":34}},"35":{"start":{"line":71,"column":20},"end":{"line":71,"column":67}},"36":{"start":{"line":77,"column":8},"end":{"line":80,"column":11}},"37":{"start":{"line":84,"column":26},"end":{"line":100,"column":1}},"38":{"start":{"line":86,"column":4},"end":{"line":99,"column":5}},"39":{"start":{"line":88,"column":22},"end":{"line":88,"column":64}},"40":{"start":{"line":90,"column":8},"end":{"line":90,"column":25}},"41":{"start":{"line":91,"column":8},"end":{"line":91,"column":25}},"42":{"start":{"line":93,"column":31},"end":{"line":93,"column":98}},"43":{"start":{"line":95,"column":8},"end":{"line":95,"column":77}},"44":{"start":{"line":98,"column":8},"end":{"line":98,"column":65}},"45":{"start":{"line":103,"column":27},"end":{"line":149,"column":1}},"46":{"start":{"line":105,"column":4},"end":{"line":148,"column":5}},"47":{"start":{"line":107,"column":22},"end":{"line":107,"column":65}},"48":{"start":{"line":109,"column":8},"end":{"line":109,"column":25}},"49":{"start":{"line":110,"column":8},"end":{"line":110,"column":25}},"50":{"start":{"line":113,"column":8},"end":{"line":126,"column":9}},"51":{"start":{"line":115,"column":35},"end":{"line":115,"column":102}},"52":{"start":{"line":116,"column":12},"end":{"line":116,"column":81}},"53":{"start":{"line":118,"column":13},"end":{"line":126,"column":9}},"54":{"start":{"line":119,"column":12},"end":{"line":119,"column":67}},"55":{"start":{"line":121,"column":13},"end":{"line":126,"column":9}},"56":{"start":{"line":122,"column":12},"end":{"line":122,"column":61}},"57":{"start":{"line":124,"column":13},"end":{"line":126,"column":9}},"58":{"start":{"line":125,"column":12},"end":{"line":125,"column":67}},"59":{"start":{"line":128,"column":8},"end":{"line":144,"column":9}},"60":{"start":{"line":130,"column":12},"end":{"line":139,"column":13}},"61":{"start":{"line":132,"column":39},"end":{"line":132,"column":106}},"62":{"start":{"line":134,"column":16},"end":{"line":134,"column":85}},"63":{"start":{"line":138,"column":16},"end":{"line":138,"column":73}},"64":{"start":{"line":143,"column":12},"end":{"line":143,"column":69}},"65":{"start":{"line":147,"column":8},"end":{"line":147,"column":73}},"66":{"start":{"line":151,"column":26},"end":{"line":155,"column":1}},"67":{"start":{"line":152,"column":4},"end":{"line":154,"column":7}},"68":{"start":{"line":157,"column":27},"end":{"line":161,"column":1}},"69":{"start":{"line":158,"column":4},"end":{"line":160,"column":7}},"70":{"start":{"line":163,"column":0},"end":{"line":169,"column":2}}},"fnMap":{"0":{"name":"(anonymous_0)","decl":{"start":{"line":13,"column":18},"end":{"line":13,"column":19}},"loc":{"start":{"line":13,"column":44},"end":{"line":82,"column":1}},"line":13},"1":{"name":"(anonymous_1)","decl":{"start":{"line":84,"column":26},"end":{"line":84,"column":27}},"loc":{"start":{"line":84,"column":37},"end":{"line":100,"column":1}},"line":84},"2":{"name":"(anonymous_2)","decl":{"start":{"line":103,"column":27},"end":{"line":103,"column":28}},"loc":{"start":{"line":103,"column":44},"end":{"line":149,"column":1}},"line":103},"3":{"name":"(anonymous_3)","decl":{"start":{"line":151,"column":26},"end":{"line":151,"column":27}},"loc":{"start":{"line":151,"column":36},"end":{"line":155,"column":1}},"line":151},"4":{"name":"(anonymous_4)","decl":{"start":{"line":157,"column":27},"end":{"line":157,"column":28}},"loc":{"start":{"line":157,"column":37},"end":{"line":161,"column":1}},"line":157}},"branchMap":{"0":{"loc":{"start":{"line":20,"column":8},"end":{"line":74,"column":9}},"type":"if","locations":[{"start":{"line":20,"column":8},"end":{"line":74,"column":9}},{"start":{"line":27,"column":13},"end":{"line":74,"column":9}}],"line":20},"1":{"loc":{"start":{"line":20,"column":12},"end":{"line":20,"column":79}},"type":"binary-expr","locations":[{"start":{"line":20,"column":12},"end":{"line":20,"column":44}},{"start":{"line":20,"column":48},"end":{"line":20,"column":79}}],"line":20},"2":{"loc":{"start":{"line":29,"column":31},"end":{"line":29,"column":85}},"type":"binary-expr","locations":[{"start":{"line":29,"column":31},"end":{"line":29,"column":49}},{"start":{"line":29,"column":53},"end":{"line":29,"column":85}}],"line":29},"3":{"loc":{"start":{"line":30,"column":30},"end":{"line":30,"column":82}},"type":"binary-expr","locations":[{"start":{"line":30,"column":30},"end":{"line":30,"column":47}},{"start":{"line":30,"column":51},"end":{"line":30,"column":82}}],"line":30},"4":{"loc":{"start":{"line":32,"column":12},"end":{"line":73,"column":13}},"type":"if","locations":[{"start":{"line":32,"column":12},"end":{"line":73,"column":13}},{"start":{"line":59,"column":17},"end":{"line":73,"column":13}}],"line":32},"5":{"loc":{"start":{"line":36,"column":16},"end":{"line":57,"column":17}},"type":"if","locations":[{"start":{"line":36,"column":16},"end":{"line":57,"column":17}},{"start":{"line":43,"column":21},"end":{"line":57,"column":17}}],"line":36},"6":{"loc":{"start":{"line":47,"column":20},"end":{"line":56,"column":21}},"type":"if","locations":[{"start":{"line":47,"column":20},"end":{"line":56,"column":21}},{"start":{"line":54,"column":25},"end":{"line":56,"column":21}}],"line":47},"7":{"loc":{"start":{"line":63,"column":16},"end":{"line":72,"column":17}},"type":"if","locations":[{"start":{"line":63,"column":16},"end":{"line":72,"column":17}},{"start":{"line":70,"column":21},"end":{"line":72,"column":17}}],"line":63},"8":{"loc":{"start":{"line":113,"column":8},"end":{"line":126,"column":9}},"type":"if","locations":[{"start":{"line":113,"column":8},"end":{"line":126,"column":9}},{"start":{"line":118,"column":13},"end":{"line":126,"column":9}}],"line":113},"9":{"loc":{"start":{"line":113,"column":12},"end":{"line":113,"column":87}},"type":"binary-expr","locations":[{"start":{"line":113,"column":12},"end":{"line":113,"column":38}},{"start":{"line":113,"column":42},"end":{"line":113,"column":87}}],"line":113},"10":{"loc":{"start":{"line":118,"column":13},"end":{"line":126,"column":9}},"type":"if","locations":[{"start":{"line":118,"column":13},"end":{"line":126,"column":9}},{"start":{"line":121,"column":13},"end":{"line":126,"column":9}}],"line":118},"11":{"loc":{"start":{"line":121,"column":13},"end":{"line":126,"column":9}},"type":"if","locations":[{"start":{"line":121,"column":13},"end":{"line":126,"column":9}},{"start":{"line":124,"column":13},"end":{"line":126,"column":9}}],"line":121},"12":{"loc":{"start":{"line":124,"column":13},"end":{"line":126,"column":9}},"type":"if","locations":[{"start":{"line":124,"column":13},"end":{"line":126,"column":9}},{"start":{},"end":{}}],"line":124},"13":{"loc":{"start":{"line":128,"column":8},"end":{"line":144,"column":9}},"type":"if","locations":[{"start":{"line":128,"column":8},"end":{"line":144,"column":9}},{"start":{"line":141,"column":13},"end":{"line":144,"column":9}}],"line":128},"14":{"loc":{"start":{"line":130,"column":12},"end":{"line":139,"column":13}},"type":"if","locations":[{"start":{"line":130,"column":12},"end":{"line":139,"column":13}},{"start":{"line":136,"column":17},"end":{"line":139,"column":13}}],"line":130}},"s":{"0":6,"1":6,"2":6,"3":6,"4":6,"5":6,"6":6,"7":6,"8":6,"9":6,"10":0,"11":0,"12":0,"13":0,"14":0,"15":0,"16":0,"17":0,"18":0,"19":0,"20":0,"21":0,"22":0,"23":0,"24":0,"25":0,"26":0,"27":0,"28":0,"29":0,"30":0,"31":0,"32":0,"33":0,"34":0,"35":0,"36":0,"37":6,"38":2,"39":2,"40":1,"41":1,"42":1,"43":1,"44":1,"45":6,"46":4,"47":4,"48":3,"49":3,"50":3,"51":1,"52":1,"53":2,"54":0,"55":2,"56":0,"57":2,"58":0,"59":2,"60":0,"61":0,"62":0,"63":0,"64":2,"65":1,"66":6,"67":1,"68":6,"69":1,"70":6},"f":{"0":0,"1":2,"2":4,"3":1,"4":1},"b":{"0":[0,0],"1":[0,0],"2":[0,0],"3":[0,0],"4":[0,0],"5":[0,0],"6":[0,0],"7":[0,0],"8":[1,2],"9":[3,2],"10":[0,2],"11":[0,2],"12":[0,2],"13":[0,2],"14":[0,0]},"_coverageSchema":"1a1c01bbd47fc00a2c39e90264f33305004495a9","hash":"4a140e1a3b0112df9558b0795c3eefd768b96011"}
,"D:\\5th semi\\In19-S5-CS3202 - Software Engineering Project\\Project folder\\fuel-token-issuer-and-queue-management-system\\middleware\\encryptionHandler.js": {"path":"D:\\5th semi\\In19-S5-CS3202 - Software Engineering Project\\Project folder\\fuel-token-issuer-and-queue-management-system\\middleware\\encryptionHandler.js","statementMap":{"0":{"start":{"line":1,"column":15},"end":{"line":1,"column":32}},"1":{"start":{"line":3,"column":33},"end":{"line":7,"column":1}},"2":{"start":{"line":5,"column":17},"end":{"line":5,"column":52}},"3":{"start":{"line":6,"column":4},"end":{"line":6,"column":16}},"4":{"start":{"line":9,"column":26},"end":{"line":14,"column":1}},"5":{"start":{"line":11,"column":17},"end":{"line":11,"column":39}},"6":{"start":{"line":12,"column":23},"end":{"line":12,"column":51}},"7":{"start":{"line":13,"column":4},"end":{"line":13,"column":21}},"8":{"start":{"line":16,"column":0},"end":{"line":19,"column":1}}},"fnMap":{"0":{"name":"(anonymous_0)","decl":{"start":{"line":3,"column":33},"end":{"line":3,"column":34}},"loc":{"start":{"line":3,"column":58},"end":{"line":7,"column":1}},"line":3},"1":{"name":"(anonymous_1)","decl":{"start":{"line":9,"column":26},"end":{"line":9,"column":27}},"loc":{"start":{"line":9,"column":41},"end":{"line":14,"column":1}},"line":9}},"branchMap":{},"s":{"0":6,"1":6,"2":2,"3":2,"4":6,"5":3,"6":3,"7":3,"8":6},"f":{"0":2,"1":3},"b":{},"_coverageSchema":"1a1c01bbd47fc00a2c39e90264f33305004495a9","hash":"6ee5f960ecb842aa610688b663c1a7f74d0d6004"}
,"D:\\5th semi\\In19-S5-CS3202 - Software Engineering Project\\Project folder\\fuel-token-issuer-and-queue-management-system\\models\\organization.js": {"path":"D:\\5th semi\\In19-S5-CS3202 - Software Engineering Project\\Project folder\\fuel-token-issuer-and-queue-management-system\\models\\organization.js","statementMap":{"0":{"start":{"line":1,"column":17},"end":{"line":1,"column":36}},"1":{"start":{"line":2,"column":15},"end":{"line":2,"column":30}},"2":{"start":{"line":4,"column":27},"end":{"line":67,"column":24}},"3":{"start":{"line":69,"column":22},"end":{"line":69,"column":72}},"4":{"start":{"line":70,"column":0},"end":{"line":70,"column":31}}},"fnMap":{},"branchMap":{},"s":{"0":7,"1":7,"2":7,"3":7,"4":7},"f":{},"b":{},"_coverageSchema":"1a1c01bbd47fc00a2c39e90264f33305004495a9","hash":"d9e1c071b06c9a0e61b9c89e1392a4aee8257379"}
,"D:\\5th semi\\In19-S5-CS3202 - Software Engineering Project\\Project folder\\fuel-token-issuer-and-queue-management-system\\models\\personal.js": {"path":"D:\\5th semi\\In19-S5-CS3202 - Software Engineering Project\\Project folder\\fuel-token-issuer-and-queue-management-system\\models\\personal.js","statementMap":{"0":{"start":{"line":1,"column":17},"end":{"line":1,"column":36}},"1":{"start":{"line":2,"column":15},"end":{"line":2,"column":30}},"2":{"start":{"line":4,"column":23},"end":{"line":43,"column":24}},"3":{"start":{"line":45,"column":17},"end":{"line":45,"column":59}},"4":{"start":{"line":46,"column":0},"end":{"line":46,"column":26}}},"fnMap":{},"branchMap":{},"s":{"0":7,"1":7,"2":7,"3":7,"4":7},"f":{},"b":{},"_coverageSchema":"1a1c01bbd47fc00a2c39e90264f33305004495a9","hash":"2b1288600dc92c5bfc1dd2babd1165272096fbc6"}
,"D:\\5th semi\\In19-S5-CS3202 - Software Engineering Project\\Project folder\\fuel-token-issuer-and-queue-management-system\\models\\queue.js": {"path":"D:\\5th semi\\In19-S5-CS3202 - Software Engineering Project\\Project folder\\fuel-token-issuer-and-queue-management-system\\models\\queue.js","statementMap":{"0":{"start":{"line":1,"column":17},"end":{"line":1,"column":36}},"1":{"start":{"line":2,"column":15},"end":{"line":2,"column":30}},"2":{"start":{"line":4,"column":20},"end":{"line":33,"column":1}},"3":{"start":{"line":35,"column":14},"end":{"line":35,"column":50}},"4":{"start":{"line":36,"column":0},"end":{"line":36,"column":23}}},"fnMap":{},"branchMap":{},"s":{"0":6,"1":6,"2":6,"3":6,"4":6},"f":{},"b":{},"_coverageSchema":"1a1c01bbd47fc00a2c39e90264f33305004495a9","hash":"ceba5f0a0fd03a12b339190560ca636877d551f5"}
,"D:\\5th semi\\In19-S5-CS3202 - Software Engineering Project\\Project folder\\fuel-token-issuer-and-queue-management-system\\models\\quota.js": {"path":"D:\\5th semi\\In19-S5-CS3202 - Software Engineering Project\\Project folder\\fuel-token-issuer-and-queue-management-system\\models\\quota.js","statementMap":{"0":{"start":{"line":1,"column":17},"end":{"line":1,"column":36}},"1":{"start":{"line":2,"column":15},"end":{"line":2,"column":30}},"2":{"start":{"line":4,"column":20},"end":{"line":18,"column":24}},"3":{"start":{"line":20,"column":14},"end":{"line":20,"column":50}},"4":{"start":{"line":21,"column":0},"end":{"line":21,"column":23}}},"fnMap":{},"branchMap":{},"s":{"0":6,"1":6,"2":6,"3":6,"4":6},"f":{},"b":{},"_coverageSchema":"1a1c01bbd47fc00a2c39e90264f33305004495a9","hash":"6aaab24eb385f39e35082bf276cae55f38290f9e"}
,"D:\\5th semi\\In19-S5-CS3202 - Software Engineering Project\\Project folder\\fuel-token-issuer-and-queue-management-system\\models\\request.js": {"path":"D:\\5th semi\\In19-S5-CS3202 - Software Engineering Project\\Project folder\\fuel-token-issuer-and-queue-management-system\\models\\request.js","statementMap":{"0":{"start":{"line":1,"column":17},"end":{"line":1,"column":36}},"1":{"start":{"line":2,"column":15},"end":{"line":2,"column":30}},"2":{"start":{"line":4,"column":22},"end":{"line":65,"column":1}},"3":{"start":{"line":67,"column":16},"end":{"line":67,"column":56}},"4":{"start":{"line":68,"column":0},"end":{"line":68,"column":25}}},"fnMap":{},"branchMap":{},"s":{"0":6,"1":6,"2":6,"3":6,"4":6},"f":{},"b":{},"_coverageSchema":"1a1c01bbd47fc00a2c39e90264f33305004495a9","hash":"ee7b5afbfa2b358dcd63caa3896420b08daab6d3"}
,"D:\\5th semi\\In19-S5-CS3202 - Software Engineering Project\\Project folder\\fuel-token-issuer-and-queue-management-system\\models\\station.js": {"path":"D:\\5th semi\\In19-S5-CS3202 - Software Engineering Project\\Project folder\\fuel-token-issuer-and-queue-management-system\\models\\station.js","statementMap":{"0":{"start":{"line":1,"column":19},"end":{"line":1,"column":34}},"1":{"start":{"line":2,"column":17},"end":{"line":2,"column":36}},"2":{"start":{"line":3,"column":15},"end":{"line":3,"column":30}},"3":{"start":{"line":6,"column":22},"end":{"line":89,"column":1}},"4":{"start":{"line":91,"column":16},"end":{"line":91,"column":56}},"5":{"start":{"line":92,"column":0},"end":{"line":92,"column":25}}},"fnMap":{},"branchMap":{},"s":{"0":7,"1":7,"2":7,"3":7,"4":7,"5":7},"f":{},"b":{},"_coverageSchema":"1a1c01bbd47fc00a2c39e90264f33305004495a9","hash":"4e1c2b8269c0113fcf3dd91d40f4712fc6078e70"}
,"D:\\5th semi\\In19-S5-CS3202 - Software Engineering Project\\Project folder\\fuel-token-issuer-and-queue-management-system\\models\\vehicle.js": {"path":"D:\\5th semi\\In19-S5-CS3202 - Software Engineering Project\\Project folder\\fuel-token-issuer-and-queue-management-system\\models\\vehicle.js","statementMap":{"0":{"start":{"line":1,"column":17},"end":{"line":1,"column":36}},"1":{"start":{"line":2,"column":15},"end":{"line":2,"column":30}},"2":{"start":{"line":5,"column":22},"end":{"line":48,"column":24}},"3":{"start":{"line":50,"column":16},"end":{"line":50,"column":56}},"4":{"start":{"line":51,"column":0},"end":{"line":51,"column":25}}},"fnMap":{},"branchMap":{},"s":{"0":6,"1":6,"2":6,"3":6,"4":6},"f":{},"b":{},"_coverageSchema":"1a1c01bbd47fc00a2c39e90264f33305004495a9","hash":"47db6430abe841e10bd856c93e91a9f550b3da79"}
,"D:\\5th semi\\In19-S5-CS3202 - Software Engineering Project\\Project folder\\fuel-token-issuer-and-queue-management-system\\routes\\adminRoutes.js": {"path":"D:\\5th semi\\In19-S5-CS3202 - Software Engineering Project\\Project folder\\fuel-token-issuer-and-queue-management-system\\routes\\adminRoutes.js","statementMap":{"0":{"start":{"line":1,"column":16},"end":{"line":1,"column":34}},"1":{"start":{"line":3,"column":24},"end":{"line":3,"column":65}},"2":{"start":{"line":5,"column":13},"end":{"line":5,"column":42}},"3":{"start":{"line":7,"column":15},"end":{"line":7,"column":31}},"4":{"start":{"line":11,"column":0},"end":{"line":11,"column":66}},"5":{"start":{"line":14,"column":0},"end":{"line":14,"column":66}},"6":{"start":{"line":17,"column":0},"end":{"line":17,"column":70}},"7":{"start":{"line":20,"column":0},"end":{"line":20,"column":80}},"8":{"start":{"line":23,"column":0},"end":{"line":23,"column":24}}},"fnMap":{},"branchMap":{},"s":{"0":5,"1":5,"2":5,"3":5,"4":5,"5":5,"6":5,"7":5,"8":5},"f":{},"b":{},"_coverageSchema":"1a1c01bbd47fc00a2c39e90264f33305004495a9","hash":"7d7e0b529ed86695f2d81a13211ccd00f35b923f"}
,"D:\\5th semi\\In19-S5-CS3202 - Software Engineering Project\\Project folder\\fuel-token-issuer-and-queue-management-system\\routes\\authRoutes.js": {"path":"D:\\5th semi\\In19-S5-CS3202 - Software Engineering Project\\Project folder\\fuel-token-issuer-and-queue-management-system\\routes\\authRoutes.js","statementMap":{"0":{"start":{"line":1,"column":16},"end":{"line":1,"column":34}},"1":{"start":{"line":3,"column":23},"end":{"line":3,"column":63}},"2":{"start":{"line":5,"column":13},"end":{"line":5,"column":42}},"3":{"start":{"line":7,"column":15},"end":{"line":7,"column":31}},"4":{"start":{"line":10,"column":0},"end":{"line":10,"column":72}},"5":{"start":{"line":13,"column":0},"end":{"line":13,"column":62}},"6":{"start":{"line":16,"column":0},"end":{"line":16,"column":60}},"7":{"start":{"line":19,"column":0},"end":{"line":19,"column":66}},"8":{"start":{"line":22,"column":0},"end":{"line":22,"column":56}},"9":{"start":{"line":25,"column":0},"end":{"line":25,"column":64}},"10":{"start":{"line":27,"column":0},"end":{"line":27,"column":24}}},"fnMap":{},"branchMap":{},"s":{"0":5,"1":5,"2":5,"3":5,"4":5,"5":5,"6":5,"7":5,"8":5,"9":5,"10":5},"f":{},"b":{},"_coverageSchema":"1a1c01bbd47fc00a2c39e90264f33305004495a9","hash":"7e88696517536b1e8e40b38d396e7185887011ff"}
,"D:\\5th semi\\In19-S5-CS3202 - Software Engineering Project\\Project folder\\fuel-token-issuer-and-queue-management-system\\routes\\orgRoutes.js": {"path":"D:\\5th semi\\In19-S5-CS3202 - Software Engineering Project\\Project folder\\fuel-token-issuer-and-queue-management-system\\routes\\orgRoutes.js","statementMap":{"0":{"start":{"line":1,"column":16},"end":{"line":1,"column":34}},"1":{"start":{"line":2,"column":22},"end":{"line":2,"column":61}},"2":{"start":{"line":3,"column":13},"end":{"line":3,"column":42}},"3":{"start":{"line":5,"column":15},"end":{"line":5,"column":31}},"4":{"start":{"line":8,"column":0},"end":{"line":8,"column":76}},"5":{"start":{"line":12,"column":0},"end":{"line":12,"column":77}},"6":{"start":{"line":16,"column":0},"end":{"line":16,"column":81}},"7":{"start":{"line":20,"column":0},"end":{"line":20,"column":74}},"8":{"start":{"line":23,"column":0},"end":{"line":23,"column":24}}},"fnMap":{},"branchMap":{},"s":{"0":5,"1":5,"2":5,"3":5,"4":5,"5":5,"6":5,"7":5,"8":5},"f":{},"b":{},"_coverageSchema":"1a1c01bbd47fc00a2c39e90264f33305004495a9","hash":"65b0ac01cb29f4986f1accacda9419e49dcea21a"}
[...]
CS3202 - Software Engineering Project\\Project folder\\fuel-token-issuer-and-queue-management-system\\services\\personalDBHelper.js","statementMap":{"0":{"start":{"line":1,"column":15},"end":{"line":1,"column":34}},"1":{"start":{"line":2,"column":0},"end":{"line":2,"column":34}},"2":{"start":{"line":3,"column":0},"end":{"line":3,"column":27}},"3":{"start":{"line":5,"column":17},"end":{"line":5,"column":46}},"4":{"start":{"line":8,"column":19},"end":{"line":23,"column":1}},"5":{"start":{"line":10,"column":4},"end":{"line":22,"column":7}},"6":{"start":{"line":12,"column":21},"end":{"line":12,"column":39}},"7":{"start":{"line":14,"column":8},"end":{"line":21,"column":11}},"8":{"start":{"line":15,"column":12},"end":{"line":20,"column":13}},"9":{"start":{"line":16,"column":16},"end":{"line":16,"column":28}},"10":{"start":{"line":19,"column":16},"end":{"line":19,"column":36}},"11":{"start":{"line":26,"column":25},"end":{"line":30,"column":1}},"12":{"start":{"line":28,"column":17},"end":{"line":28,"column":85}},"13":{"start":{"line":29,"column":4},"end":{"line":29,"column":18}},"14":{"start":{"line":33,"column":24},"end":{"line":37,"column":1}},"15":{"start":{"line":35,"column":17},"end":{"line":35,"column":46}},"16":{"start":{"line":36,"column":4},"end":{"line":36,"column":18}},"17":{"start":{"line":40,"column":23},"end":{"line":44,"column":1}},"18":{"start":{"line":42,"column":17},"end":{"line":42,"column":69}},"19":{"start":{"line":43,"column":4},"end":{"line":43,"column":18}},"20":{"start":{"line":46,"column":0},"end":{"line":51,"column":1}}},"fnMap":{"0":{"name":"(anonymous_0)","decl":{"start":{"line":8,"column":19},"end":{"line":8,"column":20}},"loc":{"start":{"line":8,"column":29},"end":{"line":23,"column":1}},"line":8},"1":{"name":"(anonymous_1)","decl":{"start":{"line":10,"column":23},"end":{"line":10,"column":24}},"loc":{"start":{"line":10,"column":50},"end":{"line":22,"column":5}},"line":10},"2":{"name":"(anonymous_2)","decl":{"start":{"line":14,"column":20},"end":{"line":14,"column":21}},"loc":{"start":{"line":14,"column":29},"end":{"line":21,"column":9}},"line":14},"3":{"name":"(anonymous_3)","decl":{"start":{"line":26,"column":25},"end":{"line":26,"column":26}},"loc":{"start":{"line":26,"column":46},"end":{"line":30,"column":1}},"line":26},"4":{"name":"(anonymous_4)","decl":{"start":{"line":33,"column":24},"end":{"line":33,"column":25}},"loc":{"start":{"line":33,"column":39},"end":{"line":37,"column":1}},"line":33},"5":{"name":"(anonymous_5)","decl":{"start":{"line":40,"column":23},"end":{"line":40,"column":24}},"loc":{"start":{"line":40,"column":37},"end":{"line":44,"column":1}},"line":40}},"branchMap":{"0":{"loc":{"start":{"line":15,"column":12},"end":{"line":20,"column":13}},"type":"if","locations":[{"start":{"line":15,"column":12},"end":{"line":20,"column":13}},{"start":{"line":18,"column":16},"end":{"line":20,"column":13}}],"line":15}},"s":{"0":7,"1":7,"2":7,"3":7,"4":7,"5":4,"6":4,"7":4,"8":4,"9":3,"10":1,"11":7,"12":2,"13":2,"14":7,"15":2,"16":2,"17":7,"18":2,"19":2,"20":7},"f":{"0":4,"1":4,"2":4,"3":2,"4":2,"5":2},"b":{"0":[3,1]},"_coverageSchema":"1a1c01bbd47fc00a2c39e90264f33305004495a9","hash":"8db25c5f463a17a4aa1f570b18f95655e699654c"}
,"D:\\5th semi\\In19-S5-CS3202 - Software Engineering Project\\Project folder\\fuel-token-issuer-and-queue-management-system\\services\\queueDBHelper.js": {"path":"D:\\5th semi\\In19-S5-CS3202 - Software Engineering Project\\Project folder\\fuel-token-issuer-and-queue-management-system\\services\\queueDBHelper.js","statementMap":{"0":{"start":{"line":1,"column":15},"end":{"line":1,"column":34}},"1":{"start":{"line":2,"column":0},"end":{"line":2,"column":34}},"2":{"start":{"line":3,"column":0},"end":{"line":3,"column":27}},"3":{"start":{"line":5,"column":14},"end":{"line":5,"column":40}},"4":{"start":{"line":8,"column":28},"end":{"line":11,"column":1}},"5":{"start":{"line":9,"column":17},"end":{"line":9,"column":67}},"6":{"start":{"line":10,"column":4},"end":{"line":10,"column":18}},"7":{"start":{"line":14,"column":29},"end":{"line":36,"column":1}},"8":{"start":{"line":16,"column":2},"end":{"line":35,"column":5}},"9":{"start":{"line":17,"column":15},"end":{"line":24,"column":5}},"10":{"start":{"line":26,"column":16},"end":{"line":26,"column":31}},"11":{"start":{"line":28,"column":4},"end":{"line":34,"column":7}},"12":{"start":{"line":29,"column":6},"end":{"line":33,"column":7}},"13":{"start":{"line":30,"column":8},"end":{"line":30,"column":20}},"14":{"start":{"line":32,"column":8},"end":{"line":32,"column":27}},"15":{"start":{"line":39,"column":35},"end":{"line":59,"column":1}},"16":{"start":{"line":40,"column":11},"end":{"line":44,"column":4}},"17":{"start":{"line":46,"column":15},"end":{"line":46,"column":26}},"18":{"start":{"line":47,"column":24},"end":{"line":47,"column":37}},"19":{"start":{"line":49,"column":21},"end":{"line":51,"column":4}},"20":{"start":{"line":50,"column":4},"end":{"line":50,"column":38}},"21":{"start":{"line":53,"column":15},"end":{"line":57,"column":3}},"22":{"start":{"line":58,"column":2},"end":{"line":58,"column":25}},"23":{"start":{"line":62,"column":0},"end":{"line":66,"column":2}}},"fnMap":{"0":{"name":"(anonymous_0)","decl":{"start":{"line":8,"column":28},"end":{"line":8,"column":29}},"loc":{"start":{"line":8,"column":50},"end":{"line":11,"column":1}},"line":8},"1":{"name":"(anonymous_1)","decl":{"start":{"line":14,"column":29},"end":{"line":14,"column":30}},"loc":{"start":{"line":14,"column":71},"end":{"line":36,"column":1}},"line":14},"2":{"name":"(anonymous_2)","decl":{"start":{"line":16,"column":21},"end":{"line":16,"column":22}},"loc":{"start":{"line":16,"column":48},"end":{"line":35,"column":3}},"line":16},"3":{"name":"(anonymous_3)","decl":{"start":{"line":28,"column":15},"end":{"line":28,"column":16}},"loc":{"start":{"line":28,"column":24},"end":{"line":34,"column":5}},"line":28},"4":{"name":"(anonymous_4)","decl":{"start":{"line":39,"column":35},"end":{"line":39,"column":36}},"loc":{"start":{"line":39,"column":65},"end":{"line":59,"column":1}},"line":39},"5":{"name":"(anonymous_5)","decl":{"start":{"line":49,"column":35},"end":{"line":49,"column":36}},"loc":{"start":{"line":49,"column":45},"end":{"line":51,"column":3}},"line":49}},"branchMap":{"0":{"loc":{"start":{"line":29,"column":6},"end":{"line":33,"column":7}},"type":"if","locations":[{"start":{"line":29,"column":6},"end":{"line":33,"column":7}},{"start":{"line":31,"column":13},"end":{"line":33,"column":7}}],"line":29}},"s":{"0":5,"1":5,"2":5,"3":5,"4":5,"5":0,"6":0,"7":5,"8":0,"9":0,"10":0,"11":0,"12":0,"13":0,"14":0,"15":5,"16":0,"17":0,"18":0,"19":0,"20":0,"21":0,"22":0,"23":5},"f":{"0":0,"1":0,"2":0,"3":0,"4":0,"5":0},"b":{"0":[0,0]},"_coverageSchema":"1a1c01bbd47fc00a2c39e90264f33305004495a9","hash":"a70f33c18b80bef1e0830a4ad5766f51bc22b65f"}
,"D:\\5th semi\\In19-S5-CS3202 - Software Engineering Project\\Project folder\\fuel-token-issuer-and-queue-management-system\\services\\quotaDBHelper.js": {"path":"D:\\5th semi\\In19-S5-CS3202 - Software Engineering Project\\Project folder\\fuel-token-issuer-and-queue-management-system\\services\\quotaDBHelper.js","statementMap":{"0":{"start":{"line":1,"column":15},"end":{"line":1,"column":34}},"1":{"start":{"line":2,"column":0},"end":{"line":2,"column":34}},"2":{"start":{"line":3,"column":0},"end":{"line":3,"column":27}},"3":{"start":{"line":5,"column":14},"end":{"line":5,"column":40}},"4":{"start":{"line":8,"column":28},"end":{"line":12,"column":1}},"5":{"start":{"line":10,"column":16},"end":{"line":10,"column":44}},"6":{"start":{"line":11,"column":4},"end":{"line":11,"column":17}},"7":{"start":{"line":15,"column":0},"end":{"line":17,"column":1}}},"fnMap":{"0":{"name":"(anonymous_0)","decl":{"start":{"line":8,"column":28},"end":{"line":8,"column":29}},"loc":{"start":{"line":8,"column":48},"end":{"line":12,"column":1}},"line":8}},"branchMap":{},"s":{"0":5,"1":5,"2":5,"3":5,"4":5,"5":0,"6":0,"7":5},"f":{"0":0},"b":{},"_coverageSchema":"1a1c01bbd47fc00a2c39e90264f33305004495a9","hash":"495f589a42b3137dfeb1d7cc7fdcfa3e8428e785"}
,"D:\\5th semi\\In19-S5-CS3202 - Software Engineering Project\\Project folder\\fuel-token-issuer-and-queue-management-system\\services\\requestDBHelper.js": {"path":"D:\\5th semi\\In19-S5-CS3202 - Software Engineering Project\\Project folder\\fuel-token-issuer-and-queue-management-system\\services\\requestDBHelper.js","statementMap":{"0":{"start":{"line":1,"column":15},"end":{"line":1,"column":34}},"1":{"start":{"line":2,"column":0},"end":{"line":2,"column":34}},"2":{"start":{"line":3,"column":0},"end":{"line":3,"column":27}},"3":{"start":{"line":5,"column":16},"end":{"line":5,"column":44}},"4":{"start":{"line":8,"column":23},"end":{"line":11,"column":1}},"5":{"start":{"line":9,"column":19},"end":{"line":9,"column":63}},"6":{"start":{"line":10,"column":4},"end":{"line":10,"column":20}},"7":{"start":{"line":13,"column":0},"end":{"line":15,"column":2}}},"fnMap":{"0":{"name":"(anonymous_0)","decl":{"start":{"line":8,"column":23},"end":{"line":8,"column":24}},"loc":{"start":{"line":8,"column":41},"end":{"line":11,"column":1}},"line":8}},"branchMap":{},"s":{"0":5,"1":5,"2":5,"3":5,"4":5,"5":0,"6":0,"7":5},"f":{"0":0},"b":{},"_coverageSchema":"1a1c01bbd47fc00a2c39e90264f33305004495a9","hash":"c98b03e534f0ab393bf214ecb952d12b349c7c2e"}
,"D:\\5th semi\\In19-S5-CS3202 - Software Engineering Project\\Project folder\\fuel-token-issuer-and-queue-management-system\\services\\stationDBHelper.js": {"path":"D:\\5th semi\\In19-S5-CS3202 - Software Engineering Project\\Project folder\\fuel-token-issuer-and-queue-management-system\\services\\stationDBHelper.js","statementMap":{"0":{"start":{"line":1,"column":15},"end":{"line":1,"column":34}},"1":{"start":{"line":2,"column":0},"end":{"line":2,"column":34}},"2":{"start":{"line":3,"column":0},"end":{"line":3,"column":27}},"3":{"start":{"line":5,"column":16},"end":{"line":5,"column":44}},"4":{"start":{"line":8,"column":25},"end":{"line":12,"column":1}},"5":{"start":{"line":10,"column":17},"end":{"line":10,"column":84}},"6":{"start":{"line":11,"column":4},"end":{"line":11,"column":18}},"7":{"start":{"line":15,"column":27},"end":{"line":20,"column":1}},"8":{"start":{"line":17,"column":18},"end":{"line":17,"column":79}},"9":{"start":{"line":19,"column":4},"end":{"line":19,"column":19}},"10":{"start":{"line":23,"column":24},"end":{"line":27,"column":1}},"11":{"start":{"line":25,"column":18},"end":{"line":25,"column":69}},"12":{"start":{"line":26,"column":4},"end":{"line":26,"column":19}},"13":{"start":{"line":30,"column":34},"end":{"line":34,"column":1}},"14":{"start":{"line":32,"column":19},"end":{"line":32,"column":59}},"15":{"start":{"line":33,"column":4},"end":{"line":33,"column":20}},"16":{"start":{"line":37,"column":36},"end":{"line":41,"column":1}},"17":{"start":{"line":39,"column":19},"end":{"line":39,"column":60}},"18":{"start":{"line":40,"column":4},"end":{"line":40,"column":20}},"19":{"start":{"line":44,"column":32},"end":{"line":48,"column":1}},"20":{"start":{"line":46,"column":23},"end":{"line":46,"column":86}},"21":{"start":{"line":47,"column":4},"end":{"line":47,"column":24}},"22":{"start":{"line":51,"column":21},"end":{"line":57,"column":1}},"23":{"start":{"line":52,"column":18},"end":{"line":52,"column":49}},"24":{"start":{"line":53,"column":14},"end":{"line":53,"column":38}},"25":{"start":{"line":54,"column":4},"end":{"line":54,"column":33}},"26":{"start":{"line":55,"column":17},"end":{"line":55,"column":106}},"27":{"start":{"line":56,"column":4},"end":{"line":56,"column":35}},"28":{"start":{"line":60,"column":28},"end":{"line":72,"column":1}},"29":{"start":{"line":61,"column":18},"end":{"line":61,"column":49}},"30":{"start":{"line":62,"column":13},"end":{"line":62,"column":43}},"31":{"start":{"line":63,"column":4},"end":{"line":63,"column":31}},"32":{"start":{"line":65,"column":17},"end":{"line":69,"column":5}},"33":{"start":{"line":70,"column":4},"end":{"line":70,"column":41}},"34":{"start":{"line":74,"column":0},"end":{"line":83,"column":2}}},"fnMap":{"0":{"name":"(anonymous_0)","decl":{"start":{"line":8,"column":25},"end":{"line":8,"column":26}},"loc":{"start":{"line":8,"column":46},"end":{"line":12,"column":1}},"line":8},"1":{"name":"(anonymous_1)","decl":{"start":{"line":15,"column":27},"end":{"line":15,"column":28}},"loc":{"start":{"line":15,"column":53},"end":{"line":20,"column":1}},"line":15},"2":{"name":"(anonymous_2)","decl":{"start":{"line":23,"column":24},"end":{"line":23,"column":25}},"loc":{"start":{"line":23,"column":38},"end":{"line":27,"column":1}},"line":23},"3":{"name":"(anonymous_3)","decl":{"start":{"line":30,"column":34},"end":{"line":30,"column":35}},"loc":{"start":{"line":30,"column":46},"end":{"line":34,"column":1}},"line":30},"4":{"name":"(anonymous_4)","decl":{"start":{"line":37,"column":36},"end":{"line":37,"column":37}},"loc":{"start":{"line":37,"column":48},"end":{"line":41,"column":1}},"line":37},"5":{"name":"(anonymous_5)","decl":{"start":{"line":44,"column":32},"end":{"line":44,"column":33}},"loc":{"start":{"line":44,"column":55},"end":{"line":48,"column":1}},"line":44},"6":{"name":"(anonymous_6)","decl":{"start":{"line":51,"column":21},"end":{"line":51,"column":22}},"loc":{"start":{"line":51,"column":61},"end":{"line":57,"column":1}},"line":51},"7":{"name":"(anonymous_7)","decl":{"start":{"line":60,"column":28},"end":{"line":60,"column":29}},"loc":{"start":{"line":60,"column":58},"end":{"line":72,"column":1}},"line":60}},"branchMap":{},"s":{"0":7,"1":7,"2":7,"3":7,"4":7,"5":2,"6":2,"7":7,"8":2,"9":2,"10":7,"11":4,"12":4,"13":7,"14":0,"15":0,"16":7,"17":0,"18":0,"19":7,"20":0,"21":0,"22":7,"23":0,"24":0,"25":0,"26":0,"27":0,"28":7,"29":0,"30":0,"31":0,"32":0,"33":0,"34":7},"f":{"0":2,"1":2,"2":4,"3":0,"4":0,"5":0,"6":0,"7":0},"b":{},"_coverageSchema":"1a1c01bbd47fc00a2c39e90264f33305004495a9","hash":"951ce990463e7f2f72d59f4c074187dece550acc"}
,"D:\\5th semi\\In19-S5-CS3202 - Software Engineering Project\\Project folder\\fuel-token-issuer-and-queue-management-system\\services\\vehicleDBHelper.js": {"path":"D:\\5th semi\\In19-S5-CS3202 - Software Engineering Project\\Project folder\\fuel-token-issuer-and-queue-management-system\\services\\vehicleDBHelper.js","statementMap":{"0":{"start":{"line":1,"column":15},"end":{"line":1,"column":34}},"1":{"start":{"line":2,"column":0},"end":{"line":2,"column":34}},"2":{"start":{"line":3,"column":0},"end":{"line":3,"column":27}},"3":{"start":{"line":5,"column":16},"end":{"line":5,"column":44}},"4":{"start":{"line":6,"column":14},"end":{"line":6,"column":40}},"5":{"start":{"line":7,"column":14},"end":{"line":7,"column":40}},"6":{"start":{"line":8,"column":16},"end":{"line":8,"column":44}},"7":{"start":{"line":11,"column":27},"end":{"line":15,"column":1}},"8":{"start":{"line":13,"column":18},"end":{"line":13,"column":57}},"9":{"start":{"line":14,"column":4},"end":{"line":14,"column":19}},"10":{"start":{"line":18,"column":35},"end":{"line":22,"column":1}},"11":{"start":{"line":20,"column":18},"end":{"line":20,"column":67}},"12":{"start":{"line":21,"column":4},"end":{"line":21,"column":19}},"13":{"start":{"line":25,"column":21},"end":{"line":28,"column":1}},"14":{"start":{"line":26,"column":19},"end":{"line":26,"column":74}},"15":{"start":{"line":27,"column":4},"end":{"line":27,"column":20}},"16":{"start":{"line":31,"column":37},"end":{"line":34,"column":1}},"17":{"start":{"line":32,"column":19},"end":{"line":32,"column":76}},"18":{"start":{"line":33,"column":4},"end":{"line":33,"column":20}},"19":{"start":{"line":37,"column":34},"end":{"line":40,"column":1}},"20":{"start":{"line":38,"column":17},"end":{"line":38,"column":107}},"21":{"start":{"line":39,"column":4},"end":{"line":39,"column":18}},"22":{"start":{"line":43,"column":20},"end":{"line":46,"column":1}},"23":{"start":{"line":44,"column":17},"end":{"line":44,"column":102}},"24":{"start":{"line":45,"column":4},"end":{"line":45,"column":18}},"25":{"start":{"line":49,"column":18},"end":{"line":53,"column":1}},"26":{"start":{"line":51,"column":17},"end":{"line":51,"column":35}},"27":{"start":{"line":52,"column":4},"end":{"line":52,"column":18}},"28":{"start":{"line":56,"column":19},"end":{"line":60,"column":1}},"29":{"start":{"line":58,"column":17},"end":{"line":58,"column":109}},"30":{"start":{"line":59,"column":4},"end":{"line":59,"column":18}},"31":{"start":{"line":63,"column":20},"end":{"line":78,"column":1}},"32":{"start":{"line":65,"column":4},"end":{"line":77,"column":7}},"33":{"start":{"line":67,"column":22},"end":{"line":67,"column":39}},"34":{"start":{"line":69,"column":8},"end":{"line":76,"column":11}},"35":{"start":{"line":70,"column":12},"end":{"line":75,"column":13}},"36":{"start":{"line":71,"column":16},"end":{"line":71,"column":28}},"37":{"start":{"line":74,"column":16},"end":{"line":74,"column":37}},"38":{"start":{"line":81,"column":27},"end":{"line":85,"column":1}},"39":{"start":{"line":83,"column":4},"end":{"line":83,"column":100}},"40":{"start":{"line":84,"column":4},"end":{"line":84,"column":18}},"41":{"start":{"line":87,"column":0},"end":{"line":98,"column":1}}},"fnMap":{"0":{"name":"(anonymous_0)","decl":{"start":{"line":11,"column":27},"end":{"line":11,"column":28}},"loc":{"start":{"line":11,"column":53},"end":{"line":15,"column":1}},"line":11},"1":{"name":"(anonymous_1)","decl":{"start":{"line":18,"column":35},"end":{"line":18,"column":36}},"loc":{"start":{"line":18,"column":71},"end":{"line":22,"column":1}},"line":18},"2":{"name":"(anonymous_2)","decl":{"start":{"line":25,"column":21},"end":{"line":25,"column":22}},"loc":{"start":{"line":25,"column":36},"end":{"line":28,"column":1}},"line":25},"3":{"name":"(anonymous_3)","decl":{"start":{"line":31,"column":37},"end":{"line":31,"column":38}},"loc":{"start":{"line":31,"column":59},"end":{"line":34,"column":1}},"line":31},"4":{"name":"(anonymous_4)","decl":{"start":{"line":37,"column":34},"end":{"line":37,"column":35}},"loc":{"start":{"line":37,"column":61},"end":{"line":40,"column":1}},"line":37},"5":{"name":"(anonymous_5)","decl":{"start":{"line":43,"column":20},"end":{"line":43,"column":21}},"loc":{"start":{"line":43,"column":42},"end":{"line":46,"column":1}},"line":43},"6":{"name":"(anonymous_6)","decl":{"start":{"line":49,"column":18},"end":{"line":49,"column":19}},"loc":{"start":{"line":49,"column":30},"end":{"line":53,"column":1}},"line":49},"7":{"name":"(anonymous_7)","decl":{"start":{"line":56,"column":19},"end":{"line":56,"column":20}},"loc":{"start":{"line":56,"column":56},"end":{"line":60,"column":1}},"line":56},"8":{"name":"(anonymous_8)","decl":{"start":{"line":63,"column":20},"end":{"line":63,"column":21}},"loc":{"start":{"line":63,"column":30},"end":{"line":78,"column":1}},"line":63},"9":{"name":"(anonymous_9)","decl":{"start":{"line":65,"column":23},"end":{"line":65,"column":24}},"loc":{"start":{"line":65,"column":50},"end":{"line":77,"column":5}},"line":65},"10":{"name":"(anonymous_10)","decl":{"start":{"line":69,"column":21},"end":{"line":69,"column":22}},"loc":{"start":{"line":69,"column":30},"end":{"line":76,"column":9}},"line":69},"11":{"name":"(anonymous_11)","decl":{"start":{"line":81,"column":27},"end":{"line":81,"column":28}},"loc":{"start":{"line":81,"column":63},"end":{"line":85,"column":1}},"line":81}},"branchMap":{"0":{"loc":{"start":{"line":70,"column":12},"end":{"line":75,"column":13}},"type":"if","locations":[{"start":{"line":70,"column":12},"end":{"line":75,"column":13}},{"start":{"line":73,"column":16},"end":{"line":75,"column":13}}],"line":70}},"s":{"0":6,"1":6,"2":6,"3":6,"4":6,"5":6,"6":6,"7":6,"8":2,"9":2,"10":6,"11":3,"12":3,"13":6,"14":3,"15":3,"16":6,"17":3,"18":3,"19":6,"20":0,"21":0,"22":6,"23":2,"24":2,"25":6,"26":1,"27":1,"28":6,"29":0,"30":0,"31":6,"32":1,"33":1,"34":1,"35":1,"36":1,"37":0,"38":6,"39":2,"40":2,"41":6},"f":{"0":2,"1":3,"2":3,"3":3,"4":0,"5":2,"6":1,"7":0,"8":1,"9":1,"10":1,"11":2},"b":{"0":[1,0]},"_coverageSchema":"1a1c01bbd47fc00a2c39e90264f33305004495a9","hash":"3a62cac0f5e352adbec5ba3a02b70d218fd8b610"}
}
