TN:
SF:db_connection.js
FN:3,connect
FN:7,(anonymous_1)
FN:19,(anonymous_2)
FN:26,close
FNF:4
FNH:4
FNDA:4,connect
FNDA:4,(anonymous_1)
FNDA:4,(anonymous_2)
FNDA:4,close
DA:1,4
DA:7,4
DA:9,4
DA:10,4
DA:14,0
DA:17,4
DA:20,4
DA:21,4
DA:27,4
DA:30,4
LF:10
LH:9
BRDA:9,0,0,4
BRDA:9,0,1,0
BRDA:20,1,0,0
BRDA:20,1,1,4
BRF:4
BRH:2
end_of_record
TN:
SF:middleware\auth.js
FN:13,(anonymous_0)
FN:84,(anonymous_1)
FN:103,(anonymous_2)
FN:151,(anonymous_3)
FN:157,(anonymous_4)
FNF:5
FNH:4
FNDA:0,(anonymous_0)
FNDA:2,(anonymous_1)
FNDA:4,(anonymous_2)
FNDA:1,(anonymous_3)
FNDA:1,(anonymous_4)
DA:1,1
DA:2,1
DA:4,1
DA:5,1
DA:6,1
DA:8,1
DA:9,1
DA:10,1
DA:11,1
DA:13,1
DA:15,0
DA:17,0
DA:18,0
DA:20,0
DA:22,0
DA:29,0
DA:30,0
DA:32,0
DA:34,0
DA:36,0
DA:38,0
DA:39,0
DA:41,0
DA:45,0
DA:47,0
DA:49,0
DA:50,0
DA:52,0
DA:55,0
DA:60,0
DA:61,0
DA:63,0
DA:65,0
DA:66,0
DA:68,0
DA:71,0
DA:77,0
DA:84,1
DA:86,2
DA:88,2
DA:90,1
DA:91,1
DA:93,1
DA:95,1
DA:98,1
DA:103,1
DA:105,4
DA:107,4
DA:109,3
DA:110,3
DA:113,3
DA:115,1
DA:116,1
DA:118,2
DA:119,0
DA:121,2
DA:122,0
DA:124,2
DA:125,0
DA:128,2
DA:130,0
DA:132,0
DA:134,0
DA:138,0
DA:143,2
DA:147,1
DA:151,1
DA:152,1
DA:157,1
DA:158,1
DA:163,1
LF:71
LH:37
BRDA:20,0,0,0
BRDA:20,0,1,0
BRDA:20,1,0,0
BRDA:20,1,1,0
BRDA:29,2,0,0
BRDA:29,2,1,0
BRDA:30,3,0,0
BRDA:30,3,1,0
BRDA:32,4,0,0
BRDA:32,4,1,0
BRDA:36,5,0,0
BRDA:36,5,1,0
BRDA:47,6,0,0
BRDA:47,6,1,0
BRDA:63,7,0,0
BRDA:63,7,1,0
BRDA:113,8,0,1
BRDA:113,8,1,2
BRDA:113,9,0,3
BRDA:113,9,1,2
BRDA:118,10,0,0
BRDA:118,10,1,2
BRDA:121,11,0,0
BRDA:121,11,1,2
BRDA:124,12,0,0
BRDA:124,12,1,2
BRDA:128,13,0,0
BRDA:128,13,1,2
BRDA:130,14,0,0
BRDA:130,14,1,0
BRF:30
BRH:8
end_of_record
TN:
SF:middleware\encryptionHandler.js
FN:3,(anonymous_0)
FN:9,(anonymous_1)
FNF:2
FNH:2
FNDA:2,(anonymous_0)
FNDA:2,(anonymous_1)
DA:1,1
DA:3,1
DA:5,2
DA:6,2
DA:9,1
DA:11,2
DA:12,2
DA:13,2
DA:16,1
LF:9
LH:9
BRF:0
BRH:0
end_of_record
TN:
SF:models\organization.js
FNF:0
FNH:0
DA:1,2
DA:2,2
DA:4,2
DA:73,2
DA:74,2
LF:5
LH:5
BRF:0
BRH:0
end_of_record
TN:
SF:models\personal.js
FNF:0
FNH:0
DA:1,2
DA:2,2
DA:4,2
DA:49,2
DA:50,2
LF:5
LH:5
BRF:0
BRH:0
end_of_record
TN:
SF:models\quota.js
FNF:0
FNH:0
DA:1,1
DA:2,1
DA:4,1
DA:20,1
DA:21,1
LF:5
LH:5
BRF:0
BRH:0
end_of_record
TN:
SF:models\request.js
FNF:0
FNH:0
DA:1,1
DA:2,1
DA:4,1
DA:63,1
DA:64,1
LF:5
LH:5
BRF:0
BRH:0
end_of_record
TN:
SF:models\station.js
FNF:0
FNH:0
DA:1,2
DA:2,2
DA:3,2
DA:6,2
DA:95,2
DA:96,2
LF:6
LH:6
BRF:0
BRH:0
end_of_record
TN:
SF:models\vehicle.js
FNF:0
FNH:0
DA:1,1
DA:2,1
DA:5,1
DA:50,1
DA:51,1
LF:5
LH:5
BRF:0
BRH:0
end_of_record
TN:
SF:services\orgDBHelper.js
FN:9,(anonymous_0)
FN:16,(anonymous_1)
FN:23,(anonymous_2)
FN:30,(anonymous_3)
FN:37,(anonymous_4)
FN:44,(anonymous_5)
FN:50,(anonymous_6)
FN:56,(anonymous_7)
FN:63,(anonymous_8)
FNF:9
FNH:8
FNDA:1,(anonymous_0)
FNDA:2,(anonymous_1)
FNDA:2,(anonymous_2)
FNDA:2,(anonymous_3)
FNDA:2,(anonymous_4)
FNDA:2,(anonymous_5)
FNDA:2,(anonymous_6)
FNDA:1,(anonymous_7)
FNDA:0,(anonymous_8)
DA:1,2
DA:2,2
DA:3,2
DA:5,2
DA:9,2
DA:11,1
DA:12,1
DA:16,2
DA:18,2
DA:19,2
DA:23,2
DA:25,2
DA:26,2
DA:30,2
DA:32,2
DA:33,2
DA:37,2
DA:39,2
DA:40,2
DA:44,2
DA:45,2
DA:46,2
DA:50,2
DA:51,2
DA:52,2
DA:56,2
DA:58,1
DA:59,1
DA:63,2
DA:64,0
DA:65,0
DA:68,2
LF:32
LH:30
BRF:0
BRH:0
end_of_record
TN:
SF:services\personalDBHelper.js
FN:8,(anonymous_0)
FN:10,(anonymous_1)
FN:14,(anonymous_2)
FN:26,(anonymous_3)
FN:33,(anonymous_4)
FN:40,(anonymous_5)
FN:47,(anonymous_6)
FNF:7
FNH:7
FNDA:3,(anonymous_0)
FNDA:3,(anonymous_1)
FNDA:3,(anonymous_2)
FNDA:2,(anonymous_3)
FNDA:2,(anonymous_4)
FNDA:2,(anonymous_5)
FNDA:1,(anonymous_6)
DA:1,2
DA:2,2
DA:3,2
DA:5,2
DA:8,2
DA:10,3
DA:12,3
DA:14,3
DA:15,3
DA:16,2
DA:19,1
DA:26,2
DA:28,2
DA:29,2
DA:33,2
DA:35,2
DA:36,2
DA:40,2
DA:42,2
DA:43,2
DA:47,2
DA:49,1
DA:50,1
DA:53,2
LF:24
LH:24
BRDA:15,0,0,2
BRDA:15,0,1,1
BRF:2
BRH:2
end_of_record
TN:
SF:services\stationDBHelper.js
FN:8,(anonymous_0)
FN:15,(anonymous_1)
FN:23,(anonymous_2)
FN:31,(anonymous_3)
FN:38,(anonymous_4)
FN:45,(anonymous_5)
FN:52,(anonymous_6)
FN:59,(anonymous_7)
FN:66,(anonymous_8)
FN:75,(anonymous_9)
FN:89,(anonymous_10)
FN:99,(anonymous_11)
FN:109,(anonymous_12)
FN:119,(anonymous_13)
FN:129,(anonymous_14)
FNF:15
FNH:13
FNDA:2,(anonymous_0)
FNDA:5,(anonymous_1)
FNDA:0,(anonymous_2)
FNDA:1,(anonymous_3)
FNDA:1,(anonymous_4)
FNDA:1,(anonymous_5)
FNDA:1,(anonymous_6)
FNDA:1,(anonymous_7)
FNDA:1,(anonymous_8)
FNDA:1,(anonymous_9)
FNDA:1,(anonymous_10)
FNDA:0,(anonymous_11)
FNDA:1,(anonymous_12)
FNDA:1,(anonymous_13)
FNDA:1,(anonymous_14)
DA:1,2
DA:2,2
DA:3,2
DA:5,2
DA:8,2
DA:10,2
DA:11,2
DA:15,2
DA:17,5
DA:19,5
DA:23,2
DA:25,0
DA:27,0
DA:31,2
DA:33,1
DA:34,1
DA:38,2
DA:40,1
DA:41,1
DA:45,2
DA:47,1
DA:48,1
DA:52,2
DA:54,1
DA:55,1
DA:59,2
DA:61,1
DA:62,1
DA:66,2
DA:67,1
DA:68,1
DA:69,1
DA:70,1
DA:71,1
DA:75,2
DA:76,1
DA:77,1
DA:78,1
DA:80,1
DA:85,1
DA:89,2
DA:91,1
DA:95,1
DA:99,2
DA:101,0
DA:105,0
DA:109,2
DA:111,1
DA:115,1
DA:119,2
DA:121,1
DA:125,1
DA:129,2
DA:131,1
DA:135,1
DA:138,2
LF:56
LH:52
BRF:0
BRH:0
end_of_record
TN:
SF:services\vehicleDBHelper.js
FN:9,(anonymous_0)
FN:16,(anonymous_1)
FN:23,(anonymous_2)
FN:29,(anonymous_3)
FN:35,(anonymous_4)
FN:41,(anonymous_5)
FN:47,(anonymous_6)
FN:53,(anonymous_7)
FN:59,(anonymous_8)
FN:66,(anonymous_9)
FNF:10
FNH:9
FNDA:2,(anonymous_0)
FNDA:3,(anonymous_1)
FNDA:3,(anonymous_2)
FNDA:2,(anonymous_3)
FNDA:3,(anonymous_4)
FNDA:2,(anonymous_5)
FNDA:2,(anonymous_6)
FNDA:2,(anonymous_7)
FNDA:1,(anonymous_8)
FNDA:0,(anonymous_9)
DA:1,1
DA:2,1
DA:3,1
DA:5,1
DA:6,1
DA:9,1
DA:11,2
DA:12,2
DA:16,1
DA:18,3
DA:19,3
DA:23,1
DA:24,3
DA:25,3
DA:29,1
DA:30,2
DA:31,2
DA:35,1
DA:36,3
DA:37,3
DA:41,1
DA:42,2
DA:43,2
DA:47,1
DA:48,2
DA:49,2
DA:53,1
DA:54,2
DA:55,2
DA:59,1
DA:61,1
DA:62,1
DA:66,1
DA:67,0
DA:68,0
DA:71,1
LF:36
LH:34
BRF:0
BRH:0
end_of_record
