TN:
SF:app.js
FN:14,(anonymous_0)
FN:33,(anonymous_1)
FNF:2
FNH:2
FNDA:1,(anonymous_0)
FNDA:2,(anonymous_1)
DA:1,1
DA:2,1
DA:5,1
DA:7,1
DA:8,1
DA:9,1
DA:10,1
DA:11,1
DA:12,1
DA:14,1
DA:16,1
DA:18,1
DA:23,1
DA:26,1
DA:29,1
DA:30,0
DA:33,1
DA:34,2
DA:35,2
DA:39,1
DA:40,1
DA:41,1
DA:42,1
DA:43,1
DA:44,1
DA:46,1
DA:49,1
LF:27
LH:26
BRDA:29,0,0,0
BRDA:29,0,1,1
BRF:2
BRH:1
end_of_record
TN:
SF:db_connection.js
FN:3,connect
FN:7,(anonymous_1)
FN:19,(anonymous_2)
FN:26,close
FNF:4
FNH:4
FNDA:5,connect
FNDA:5,(anonymous_1)
FNDA:5,(anonymous_2)
FNDA:5,close
DA:1,5
DA:7,5
DA:9,5
DA:10,5
DA:14,0
DA:17,5
DA:20,5
DA:21,5
DA:27,5
DA:30,5
LF:10
LH:9
BRDA:9,0,0,5
BRDA:9,0,1,0
BRDA:20,1,0,0
BRDA:20,1,1,5
BRF:4
BRH:2
end_of_record
TN:
SF:controllers\adminController.js
FN:22,(anonymous_0)
FN:53,(anonymous_1)
FN:80,(anonymous_2)
FN:110,(anonymous_3)
FN:132,(anonymous_4)
FN:153,(anonymous_5)
FN:175,(anonymous_6)
FN:206,(anonymous_7)
FN:235,(anonymous_8)
FN:264,(anonymous_9)
FN:293,(anonymous_10)
FN:305,(anonymous_11)
FN:333,(anonymous_12)
FN:383,(anonymous_13)
FN:395,(anonymous_14)
FN:423,(anonymous_15)
FN:490,(anonymous_16)
FN:516,(anonymous_17)
FN:538,(anonymous_18)
FN:544,(anonymous_19)
FN:569,(anonymous_20)
FNF:21
FNH:0
FNDA:0,(anonymous_0)
FNDA:0,(anonymous_1)
FNDA:0,(anonymous_2)
FNDA:0,(anonymous_3)
FNDA:0,(anonymous_4)
FNDA:0,(anonymous_5)
FNDA:0,(anonymous_6)
FNDA:0,(anonymous_7)
FNDA:0,(anonymous_8)
FNDA:0,(anonymous_9)
FNDA:0,(anonymous_10)
FNDA:0,(anonymous_11)
FNDA:0,(anonymous_12)
FNDA:0,(anonymous_13)
FNDA:0,(anonymous_14)
FNDA:0,(anonymous_15)
FNDA:0,(anonymous_16)
FNDA:0,(anonymous_17)
FNDA:0,(anonymous_18)
FNDA:0,(anonymous_19)
FNDA:0,(anonymous_20)
DA:1,1
DA:2,1
DA:3,1
DA:5,1
DA:6,1
DA:7,1
DA:8,1
DA:9,1
DA:11,1
DA:12,1
DA:14,1
DA:15,1
DA:17,1
DA:18,1
DA:22,1
DA:24,0
DA:26,0
DA:28,0
DA:29,0
DA:30,0
DA:31,0
DA:37,0
DA:44,0
DA:45,0
DA:53,1
DA:54,0
DA:55,0
DA:56,0
DA:58,0
DA:60,0
DA:66,0
DA:71,0
DA:72,0
DA:80,1
DA:83,0
DA:85,0
DA:86,0
DA:87,0
DA:88,0
DA:94,0
DA:101,0
DA:102,0
DA:110,1
DA:111,0
DA:113,0
DA:115,0
DA:118,0
DA:123,0
DA:124,0
DA:132,1
DA:134,0
DA:136,0
DA:139,0
DA:144,0
DA:145,0
DA:153,1
DA:154,0
DA:156,0
DA:158,0
DA:161,0
DA:166,0
DA:167,0
DA:175,1
DA:177,0
DA:179,0
DA:181,0
DA:182,0
DA:183,0
DA:184,0
DA:190,0
DA:197,0
DA:198,0
DA:206,1
DA:208,0
DA:210,0
DA:211,0
DA:212,0
DA:213,0
DA:219,0
DA:226,0
DA:227,0
DA:235,1
DA:237,0
DA:239,0
DA:240,0
DA:241,0
DA:242,0
DA:248,0
DA:255,0
DA:256,0
DA:264,1
DA:266,0
DA:268,0
DA:269,0
DA:270,0
DA:271,0
DA:277,0
DA:284,0
DA:285,0
DA:293,1
DA:295,0
DA:297,0
DA:299,0
DA:301,0
DA:302,0
DA:303,0
DA:305,0
DA:306,0
DA:309,0
DA:311,0
DA:317,0
DA:324,0
DA:325,0
DA:333,1
DA:336,0
DA:337,0
DA:339,0
DA:341,0
DA:343,0
DA:344,0
DA:345,0
DA:347,0
DA:348,0
DA:349,0
DA:350,0
DA:351,0
DA:355,0
DA:359,0
DA:361,0
DA:367,0
DA:374,0
DA:375,0
DA:383,1
DA:385,0
DA:387,0
DA:389,0
DA:391,0
DA:392,0
DA:393,0
DA:395,0
DA:396,0
DA:399,0
DA:401,0
DA:407,0
DA:414,0
DA:415,0
DA:423,1
DA:426,0
DA:427,0
DA:429,0
DA:431,0
DA:450,0
DA:451,0
DA:452,0
DA:454,0
DA:455,0
DA:456,0
DA:457,0
DA:458,0
DA:462,0
DA:466,0
DA:468,0
DA:474,0
DA:481,0
DA:482,0
DA:490,1
DA:491,0
DA:493,0
DA:498,0
DA:505,0
DA:507,0
DA:508,0
DA:509,0
DA:517,0
DA:518,0
DA:520,0
DA:524,0
DA:529,0
DA:530,0
DA:538,1
DA:540,0
DA:542,0
DA:544,0
DA:546,0
DA:547,0
DA:552,0
DA:553,0
DA:555,0
DA:562,0
DA:570,0
DA:571,0
DA:573,0
DA:578,0
DA:584,0
DA:585,0
DA:593,1
LF:196
LH:31
BRDA:30,0,0,0
BRDA:30,0,1,0
BRDA:87,1,0,0
BRDA:87,1,1,0
BRDA:183,2,0,0
BRDA:183,2,1,0
BRDA:212,3,0,0
BRDA:212,3,1,0
BRDA:241,4,0,0
BRDA:241,4,1,0
BRDA:270,5,0,0
BRDA:270,5,1,0
BRDA:309,6,0,0
BRDA:309,6,1,0
BRDA:359,7,0,0
BRDA:359,7,1,0
BRDA:399,8,0,0
BRDA:399,8,1,0
BRDA:466,9,0,0
BRDA:466,9,1,0
BRDA:517,10,0,0
BRDA:517,10,1,0
BRDA:570,11,0,0
BRDA:570,11,1,0
BRF:24
BRH:0
end_of_record
TN:
SF:controllers\authController.js
FN:14,(anonymous_0)
FN:73,(anonymous_1)
FN:149,(anonymous_2)
FN:227,(anonymous_3)
FN:271,(anonymous_4)
FN:355,(anonymous_5)
FN:436,(anonymous_6)
FNF:7
FNH:1
FNDA:0,(anonymous_0)
FNDA:0,(anonymous_1)
FNDA:0,(anonymous_2)
FNDA:2,(anonymous_3)
FNDA:0,(anonymous_4)
FNDA:0,(anonymous_5)
FNDA:0,(anonymous_6)
DA:1,1
DA:2,1
DA:3,1
DA:5,1
DA:6,1
DA:7,1
DA:8,1
DA:10,1
DA:11,1
DA:14,1
DA:16,0
DA:17,0
DA:18,0
DA:20,0
DA:22,0
DA:23,0
DA:24,0
DA:25,0
DA:27,0
DA:28,0
DA:30,0
DA:32,0
DA:34,0
DA:40,0
DA:41,0
DA:43,0
DA:45,0
DA:46,0
DA:48,0
DA:50,0
DA:62,0
DA:64,0
DA:65,0
DA:73,1
DA:75,0
DA:76,0
DA:77,0
DA:79,0
DA:81,0
DA:83,0
DA:85,0
DA:90,0
DA:92,0
DA:99,0
DA:100,0
DA:102,0
DA:104,0
DA:105,0
DA:107,0
DA:108,0
DA:110,0
DA:116,0
DA:117,0
DA:119,0
DA:121,0
DA:122,0
DA:124,0
DA:126,0
DA:140,0
DA:141,0
DA:149,1
DA:151,0
DA:152,0
DA:153,0
DA:155,0
DA:157,0
DA:159,0
DA:161,0
DA:166,0
DA:168,0
DA:170,0
DA:172,0
DA:178,0
DA:179,0
DA:181,0
DA:183,0
DA:184,0
DA:186,0
DA:188,0
DA:198,0
DA:202,0
DA:210,0
DA:218,0
DA:219,0
DA:227,1
DA:229,2
DA:230,2
DA:232,2
DA:233,2
DA:235,2
DA:237,2
DA:239,1
DA:241,1
DA:242,1
DA:244,1
DA:245,1
DA:247,1
DA:254,1
DA:262,0
DA:263,0
DA:271,1
DA:273,0
DA:274,0
DA:276,0
DA:278,0
DA:280,0
DA:282,0
DA:287,0
DA:300,0
DA:306,0
DA:307,0
DA:309,0
DA:311,0
DA:312,0
DA:314,0
DA:316,0
DA:326,0
DA:330,0
DA:338,0
DA:346,0
DA:347,0
DA:355,1
DA:357,0
DA:358,0
DA:360,0
DA:362,0
DA:364,0
DA:366,0
DA:371,0
DA:384,0
DA:390,0
DA:391,0
DA:393,0
DA:395,0
DA:396,0
DA:398,0
DA:400,0
DA:410,0
DA:413,0
DA:420,0
DA:427,0
DA:428,0
DA:436,1
DA:438,0
DA:439,0
DA:441,0
DA:443,0
DA:445,0
DA:447,0
DA:452,0
DA:454,0
DA:460,0
DA:461,0
DA:463,0
DA:465,0
DA:466,0
DA:468,0
DA:470,0
DA:480,0
DA:484,0
DA:492,0
DA:500,0
DA:501,0
DA:508,1
LF:164
LH:30
BRDA:64,0,0,0
BRDA:64,0,1,0
BRDA:83,1,0,0
BRDA:83,1,1,0
BRDA:90,2,0,0
BRDA:90,2,1,0
BRDA:159,3,0,0
BRDA:159,3,1,0
BRDA:166,4,0,0
BRDA:166,4,1,0
BRDA:237,5,0,1
BRDA:237,5,1,1
BRDA:237,6,0,2
BRDA:237,6,1,1
BRDA:280,7,0,0
BRDA:280,7,1,0
BRDA:287,8,0,0
BRDA:287,8,1,0
BRDA:364,9,0,0
BRDA:364,9,1,0
BRDA:371,10,0,0
BRDA:371,10,1,0
BRDA:445,11,0,0
BRDA:445,11,1,0
BRDA:452,12,0,0
BRDA:452,12,1,0
BRF:26
BRH:4
end_of_record
TN:
SF:controllers\orgController.js
FN:15,(anonymous_0)
FN:32,(anonymous_1)
FN:75,(anonymous_2)
FN:85,(anonymous_3)
FN:125,(anonymous_4)
FN:140,(anonymous_5)
FN:188,(anonymous_6)
FN:245,(anonymous_7)
FN:365,(anonymous_8)
FN:399,(anonymous_9)
FNF:10
FNH:0
FNDA:0,(anonymous_0)
FNDA:0,(anonymous_1)
FNDA:0,(anonymous_2)
FNDA:0,(anonymous_3)
FNDA:0,(anonymous_4)
FNDA:0,(anonymous_5)
FNDA:0,(anonymous_6)
FNDA:0,(anonymous_7)
FNDA:0,(anonymous_8)
FNDA:0,(anonymous_9)
DA:1,1
DA:2,1
DA:3,1
DA:5,1
DA:6,1
DA:7,1
DA:8,1
DA:10,1
DA:11,1
DA:15,1
DA:17,0
DA:19,0
DA:21,0
DA:23,0
DA:25,0
DA:26,0
DA:27,0
DA:29,0
DA:30,0
DA:31,0
DA:32,0
DA:38,0
DA:40,0
DA:42,0
DA:43,0
DA:46,0
DA:48,0
DA:53,0
DA:54,0
DA:57,0
DA:59,0
DA:61,0
DA:62,0
DA:65,0
DA:66,0
DA:74,0
DA:75,0
DA:77,0
DA:78,0
DA:84,0
DA:85,0
DA:86,0
DA:89,0
DA:91,0
DA:92,0
DA:94,0
DA:95,0
DA:97,0
DA:109,0
DA:116,0
DA:117,0
DA:125,1
DA:127,0
DA:129,0
DA:131,0
DA:133,0
DA:135,0
DA:136,0
DA:138,0
DA:140,0
DA:142,0
DA:144,0
DA:146,0
DA:148,0
DA:149,0
DA:153,0
DA:154,0
DA:155,0
DA:157,0
DA:158,0
DA:159,0
DA:161,0
DA:163,0
DA:166,0
DA:172,0
DA:179,0
DA:180,0
DA:188,1
DA:190,0
DA:191,0
DA:193,0
DA:195,0
DA:197,0
DA:199,0
DA:201,0
DA:202,0
DA:203,0
DA:206,0
DA:208,0
DA:213,0
DA:220,0
DA:221,0
DA:245,1
DA:247,0
DA:248,0
DA:249,0
DA:250,0
DA:251,0
DA:252,0
DA:254,0
DA:257,0
DA:259,0
DA:261,0
DA:263,0
DA:264,0
DA:265,0
DA:268,0
DA:279,0
DA:284,0
DA:286,0
DA:287,0
DA:289,0
DA:291,0
DA:293,0
DA:295,0
DA:296,0
DA:298,0
DA:299,0
DA:301,0
DA:303,0
DA:304,0
DA:305,0
DA:309,0
DA:310,0
DA:311,0
DA:312,0
DA:313,0
DA:316,0
DA:318,0
DA:319,0
DA:322,0
DA:323,0
DA:324,0
DA:325,0
DA:327,0
DA:332,0
DA:334,0
DA:335,0
DA:337,0
DA:338,0
DA:342,0
DA:344,0
DA:349,0
DA:356,0
DA:357,0
DA:365,1
DA:367,0
DA:369,0
DA:371,0
DA:373,0
DA:375,0
DA:377,0
DA:383,0
DA:390,0
DA:391,0
DA:399,1
DA:401,0
DA:403,0
DA:405,0
DA:407,0
DA:409,0
DA:411,0
DA:412,0
DA:414,0
DA:416,0
DA:417,0
DA:418,0
DA:419,0
DA:420,0
DA:422,0
DA:424,0
DA:425,0
DA:426,0
DA:427,0
DA:428,0
DA:430,0
DA:433,0
DA:435,0
DA:441,0
DA:448,0
DA:449,0
DA:456,1
LF:182
LH:16
BRDA:23,0,0,0
BRDA:23,0,1,0
BRDA:40,1,0,0
BRDA:40,1,1,0
BRDA:40,2,0,0
BRDA:40,2,1,0
BRDA:42,3,0,0
BRDA:42,3,1,0
BRDA:57,4,0,0
BRDA:57,4,1,0
BRDA:57,5,0,0
BRDA:57,5,1,0
BRDA:77,6,0,0
BRDA:77,6,1,0
BRDA:94,7,0,0
BRDA:94,7,1,0
BRDA:133,8,0,0
BRDA:133,8,1,0
BRDA:146,9,0,0
BRDA:146,9,1,0
BRDA:146,10,0,0
BRDA:146,10,1,0
BRDA:158,11,0,0
BRDA:158,11,1,0
BRDA:197,12,0,0
BRDA:197,12,1,0
BRDA:259,13,0,0
BRDA:259,13,1,0
BRDA:293,14,0,0
BRDA:293,14,1,0
BRDA:293,15,0,0
BRDA:293,15,1,0
BRDA:303,16,0,0
BRDA:303,16,1,0
BRDA:337,17,0,0
BRDA:337,17,1,0
BRDA:373,18,0,0
BRDA:373,18,1,0
BRDA:407,19,0,0
BRDA:407,19,1,0
BRDA:417,20,0,0
BRDA:417,20,1,0
BRDA:417,21,0,0
BRDA:417,21,1,0
BRDA:419,22,0,0
BRDA:419,22,1,0
BRF:46
BRH:0
end_of_record
TN:
SF:controllers\personalController.js
FN:19,(anonymous_0)
FN:34,(anonymous_1)
FN:57,(anonymous_2)
FN:75,(anonymous_3)
FN:103,(anonymous_4)
FN:157,(anonymous_5)
FN:199,(anonymous_6)
FN:320,(anonymous_7)
FN:354,(anonymous_8)
FNF:9
FNH:0
FNDA:0,(anonymous_0)
FNDA:0,(anonymous_1)
FNDA:0,(anonymous_2)
FNDA:0,(anonymous_3)
FNDA:0,(anonymous_4)
FNDA:0,(anonymous_5)
FNDA:0,(anonymous_6)
FNDA:0,(anonymous_7)
FNDA:0,(anonymous_8)
DA:1,1
DA:2,1
DA:3,1
DA:5,1
DA:6,1
DA:7,1
DA:8,1
DA:9,1
DA:10,1
DA:12,1
DA:13,1
DA:19,1
DA:21,0
DA:23,0
DA:25,0
DA:27,0
DA:29,0
DA:30,0
DA:31,0
DA:33,0
DA:34,0
DA:36,0
DA:43,0
DA:45,0
DA:47,0
DA:48,0
DA:52,0
DA:53,0
DA:56,0
DA:57,0
DA:59,0
DA:60,0
DA:64,0
DA:65,0
DA:67,0
DA:69,0
DA:74,0
DA:75,0
DA:76,0
DA:79,0
DA:87,0
DA:94,0
DA:95,0
DA:103,1
DA:105,0
DA:106,0
DA:107,0
DA:108,0
DA:110,0
DA:112,0
DA:114,0
DA:115,0
DA:120,0
DA:121,0
DA:126,0
DA:127,0
DA:134,0
DA:136,0
DA:137,0
DA:138,0
DA:141,0
DA:142,0
DA:148,0
DA:149,0
DA:157,1
DA:159,0
DA:160,0
DA:161,0
DA:163,0
DA:165,0
DA:167,0
DA:169,0
DA:171,0
DA:172,0
DA:173,0
DA:176,0
DA:178,0
DA:183,0
DA:190,0
DA:191,0
DA:199,1
DA:201,0
DA:202,0
DA:203,0
DA:204,0
DA:205,0
DA:206,0
DA:207,0
DA:209,0
DA:212,0
DA:214,0
DA:216,0
DA:218,0
DA:219,0
DA:220,0
DA:223,0
DA:234,0
DA:239,0
DA:241,0
DA:242,0
DA:244,0
DA:246,0
DA:248,0
DA:250,0
DA:251,0
DA:253,0
DA:254,0
DA:256,0
DA:258,0
DA:259,0
DA:260,0
DA:264,0
DA:265,0
DA:266,0
DA:267,0
DA:268,0
DA:271,0
DA:273,0
DA:274,0
DA:277,0
DA:278,0
DA:279,0
DA:280,0
DA:282,0
DA:287,0
DA:289,0
DA:290,0
DA:292,0
DA:293,0
DA:297,0
DA:299,0
DA:304,0
DA:311,0
DA:312,0
DA:320,1
DA:322,0
DA:324,0
DA:326,0
DA:328,0
DA:330,0
DA:332,0
DA:338,0
DA:345,0
DA:346,0
DA:354,1
DA:356,0
DA:358,0
DA:360,0
DA:362,0
DA:364,0
DA:366,0
DA:367,0
DA:369,0
DA:371,0
DA:372,0
DA:373,0
DA:374,0
DA:375,0
DA:377,0
DA:379,0
DA:380,0
DA:381,0
DA:382,0
DA:383,0
DA:385,0
DA:388,0
DA:390,0
DA:396,0
DA:403,0
DA:404,0
DA:411,1
LF:171
LH:18
BRDA:27,0,0,0
BRDA:27,0,1,0
BRDA:45,1,0,0
BRDA:45,1,1,0
BRDA:45,2,0,0
BRDA:45,2,1,0
BRDA:59,3,0,0
BRDA:59,3,1,0
BRDA:114,4,0,0
BRDA:114,4,1,0
BRDA:120,5,0,0
BRDA:120,5,1,0
BRDA:126,6,0,0
BRDA:126,6,1,0
BRDA:167,7,0,0
BRDA:167,7,1,0
BRDA:214,8,0,0
BRDA:214,8,1,0
BRDA:248,9,0,0
BRDA:248,9,1,0
BRDA:248,10,0,0
BRDA:248,10,1,0
BRDA:258,11,0,0
BRDA:258,11,1,0
BRDA:292,12,0,0
BRDA:292,12,1,0
BRDA:328,13,0,0
BRDA:328,13,1,0
BRDA:362,14,0,0
BRDA:362,14,1,0
BRDA:372,15,0,0
BRDA:372,15,1,0
BRDA:372,16,0,0
BRDA:372,16,1,0
BRDA:374,17,0,0
BRDA:374,17,1,0
BRF:36
BRH:0
end_of_record
TN:
SF:controllers\stationController.js
FN:19,(anonymous_0)
FN:48,(anonymous_1)
FN:75,(anonymous_2)
FN:100,(anonymous_3)
FN:101,(anonymous_4)
FN:136,(anonymous_5)
FN:153,(anonymous_6)
FN:199,(anonymous_7)
FN:220,(anonymous_8)
FN:249,(anonymous_9)
FNF:10
FNH:0
FNDA:0,(anonymous_0)
FNDA:0,(anonymous_1)
FNDA:0,(anonymous_2)
FNDA:0,(anonymous_3)
FNDA:0,(anonymous_4)
FNDA:0,(anonymous_5)
FNDA:0,(anonymous_6)
FNDA:0,(anonymous_7)
FNDA:0,(anonymous_8)
FNDA:0,(anonymous_9)
DA:1,1
DA:2,1
DA:4,1
DA:5,1
DA:7,1
DA:8,1
DA:9,1
DA:10,1
DA:11,1
DA:12,1
DA:13,1
DA:15,1
DA:16,1
DA:19,1
DA:21,0
DA:23,0
DA:24,0
DA:25,0
DA:26,0
DA:32,0
DA:39,0
DA:40,0
DA:48,1
DA:49,0
DA:50,0
DA:51,0
DA:53,0
DA:55,0
DA:61,0
DA:66,0
DA:67,0
DA:75,1
DA:76,0
DA:78,0
DA:80,0
DA:82,0
DA:83,0
DA:89,0
DA:96,0
DA:97,0
DA:98,0
DA:100,0
DA:101,0
DA:102,0
DA:108,0
DA:109,0
DA:111,0
DA:114,0
DA:115,0
DA:119,0
DA:127,0
DA:128,0
DA:136,1
DA:138,0
DA:139,0
DA:140,0
DA:141,0
DA:142,0
DA:143,0
DA:145,0
DA:147,0
DA:150,0
DA:151,0
DA:153,0
DA:154,0
DA:155,0
DA:156,0
DA:163,0
DA:172,0
DA:175,0
DA:178,0
DA:185,0
DA:190,0
DA:191,0
DA:199,1
DA:200,0
DA:202,0
DA:203,0
DA:205,0
DA:211,0
DA:212,0
DA:220,1
DA:221,0
DA:222,0
DA:223,0
DA:224,0
DA:226,0
DA:228,0
DA:234,0
DA:240,0
DA:241,0
DA:249,1
DA:253,0
DA:254,0
DA:255,0
DA:256,0
DA:257,0
DA:263,0
DA:265,0
DA:267,0
DA:269,0
DA:271,0
DA:273,0
DA:274,0
DA:276,0
DA:278,0
DA:279,0
DA:283,0
DA:285,0
DA:286,0
DA:288,0
DA:289,0
DA:291,0
DA:295,0
DA:298,0
DA:300,0
DA:301,0
DA:302,0
DA:304,0
DA:306,0
DA:307,0
DA:311,0
DA:312,0
DA:313,0
DA:315,0
DA:316,0
DA:317,0
DA:320,0
DA:321,0
DA:323,0
DA:324,0
DA:326,0
DA:329,0
DA:335,0
DA:343,0
DA:351,0
DA:359,0
DA:367,0
DA:368,0
DA:389,1
LF:140
LH:21
BRDA:25,0,0,0
BRDA:25,0,1,0
BRDA:108,1,0,0
BRDA:108,1,1,0
BRDA:155,2,0,0
BRDA:155,2,1,0
BRDA:267,3,0,0
BRDA:267,3,1,0
BRDA:271,4,0,0
BRDA:271,4,1,0
BRDA:276,5,0,0
BRDA:276,5,1,0
BRDA:276,6,0,0
BRDA:276,6,1,0
BRDA:276,6,2,0
BRDA:283,7,0,0
BRDA:283,7,1,0
BRDA:289,8,0,0
BRDA:289,8,1,0
BRDA:298,9,0,0
BRDA:298,9,1,0
BRDA:306,10,0,0
BRDA:306,10,1,0
BRDA:315,11,0,0
BRDA:315,11,1,0
BRF:25
BRH:0
end_of_record
TN:
SF:middleware\auth.js
FN:13,(anonymous_0)
FN:84,(anonymous_1)
FN:103,(anonymous_2)
FN:151,(anonymous_3)
FN:157,(anonymous_4)
FNF:5
FNH:4
FNDA:0,(anonymous_0)
FNDA:2,(anonymous_1)
FNDA:4,(anonymous_2)
FNDA:2,(anonymous_3)
FNDA:2,(anonymous_4)
DA:1,2
DA:2,2
DA:4,2
DA:5,2
DA:6,2
DA:8,2
DA:9,2
DA:10,2
DA:11,2
DA:13,2
DA:15,0
DA:17,0
DA:18,0
DA:20,0
DA:22,0
DA:29,0
DA:30,0
DA:32,0
DA:34,0
DA:36,0
DA:38,0
DA:39,0
DA:41,0
DA:45,0
DA:47,0
DA:49,0
DA:50,0
DA:52,0
DA:55,0
DA:60,0
DA:61,0
DA:63,0
DA:65,0
DA:66,0
DA:68,0
DA:71,0
DA:77,0
DA:84,2
DA:86,2
DA:88,2
DA:90,1
DA:91,1
DA:93,1
DA:95,1
DA:98,1
DA:103,2
DA:105,4
DA:107,4
DA:109,3
DA:110,3
DA:113,3
DA:115,1
DA:116,1
DA:118,2
DA:119,0
DA:121,2
DA:122,0
DA:124,2
DA:125,0
DA:128,2
DA:130,0
DA:132,0
DA:134,0
DA:138,0
DA:143,2
DA:147,1
DA:151,2
DA:152,2
DA:157,2
DA:158,2
DA:163,2
LF:71
LH:37
BRDA:20,0,0,0
BRDA:20,0,1,0
BRDA:20,1,0,0
BRDA:20,1,1,0
BRDA:29,2,0,0
BRDA:29,2,1,0
BRDA:30,3,0,0
BRDA:30,3,1,0
BRDA:32,4,0,0
BRDA:32,4,1,0
BRDA:36,5,0,0
BRDA:36,5,1,0
BRDA:47,6,0,0
BRDA:47,6,1,0
BRDA:63,7,0,0
BRDA:63,7,1,0
BRDA:113,8,0,1
BRDA:113,8,1,2
BRDA:113,9,0,3
BRDA:113,9,1,2
BRDA:118,10,0,0
BRDA:118,10,1,2
BRDA:121,11,0,0
BRDA:121,11,1,2
BRDA:124,12,0,0
BRDA:124,12,1,2
BRDA:128,13,0,0
BRDA:128,13,1,2
BRDA:130,14,0,0
BRDA:130,14,1,0
BRF:30
BRH:8
end_of_record
TN:
SF:middleware\encryptionHandler.js
FN:3,(anonymous_0)
FN:9,(anonymous_1)
FNF:2
FNH:2
FNDA:2,(anonymous_0)
FNDA:2,(anonymous_1)
DA:1,2
DA:3,2
DA:5,2
DA:6,2
DA:9,2
DA:11,2
DA:12,2
DA:13,2
DA:16,2
LF:9
LH:9
BRF:0
BRH:0
end_of_record
TN:
SF:middleware\mobileauth.js
FN:3,(anonymous_0)
FNF:1
FNH:0
FNDA:0,(anonymous_0)
DA:1,1
DA:3,1
DA:4,0
DA:5,0
DA:6,0
DA:7,0
DA:9,0
DA:10,0
DA:11,0
DA:15,0
DA:16,0
DA:17,0
DA:19,0
DA:23,1
LF:14
LH:3
BRDA:6,0,0,0
BRDA:6,0,1,0
BRDA:10,1,0,0
BRDA:10,1,1,0
BRF:4
BRH:0
end_of_record
TN:
SF:models\notification.js
FNF:0
FNH:0
DA:1,1
DA:2,1
DA:4,1
DA:26,1
DA:27,1
LF:5
LH:5
BRF:0
BRH:0
end_of_record
TN:
SF:models\organization.js
FNF:0
FNH:0
DA:1,3
DA:2,3
DA:4,3
DA:73,3
DA:74,3
LF:5
LH:5
BRF:0
BRH:0
end_of_record
TN:
SF:models\personal.js
FNF:0
FNH:0
DA:1,3
DA:2,3
DA:4,3
DA:49,3
DA:50,3
LF:5
LH:5
BRF:0
BRH:0
end_of_record
TN:
SF:models\queue.js
FNF:0
FNH:0
DA:1,1
DA:2,1
DA:4,1
DA:39,1
DA:40,1
LF:5
LH:5
BRF:0
BRH:0
end_of_record
TN:
SF:models\quota.js
FNF:0
FNH:0
DA:1,2
DA:2,2
DA:4,2
DA:20,2
DA:21,2
LF:5
LH:5
BRF:0
BRH:0
end_of_record
TN:
SF:models\request.js
FNF:0
FNH:0
DA:1,2
DA:2,2
DA:4,2
DA:63,2
DA:64,2
LF:5
LH:5
BRF:0
BRH:0
end_of_record
TN:
SF:models\station.js
FNF:0
FNH:0
DA:1,3
DA:2,3
DA:3,3
DA:6,3
DA:95,3
DA:96,3
LF:6
LH:6
BRF:0
BRH:0
end_of_record
TN:
SF:models\vehicle.js
FNF:0
FNH:0
DA:1,2
DA:2,2
DA:5,2
DA:50,2
DA:51,2
LF:5
LH:5
BRF:0
BRH:0
end_of_record
TN:
SF:routes\adminRoutes.js
FNF:0
FNH:0
DA:1,1
DA:3,1
DA:5,1
DA:7,1
DA:10,1
DA:15,1
DA:18,1
DA:21,1
DA:24,1
DA:27,1
DA:30,1
DA:33,1
DA:36,1
DA:39,1
DA:42,1
DA:45,1
DA:48,1
DA:51,1
DA:54,1
DA:57,1
DA:60,1
LF:21
LH:21
BRF:0
BRH:0
end_of_record
TN:
SF:routes\authRoutes.js
FNF:0
FNH:0
DA:1,1
DA:3,1
DA:5,1
DA:7,1
DA:10,1
DA:13,1
DA:16,1
DA:19,1
DA:22,1
DA:25,1
DA:28,1
DA:30,1
LF:12
LH:12
BRF:0
BRH:0
end_of_record
TN:
SF:routes\orgRoutes.js
FNF:0
FNH:0
DA:1,1
DA:2,1
DA:3,1
DA:5,1
DA:8,1
DA:12,1
DA:16,1
DA:20,1
DA:24,1
DA:28,1
DA:31,1
LF:11
LH:11
BRF:0
BRH:0
end_of_record
TN:
SF:routes\personalRoutes.js
FNF:0
FNH:0
DA:1,1
DA:2,1
DA:3,1
DA:5,1
DA:8,1
DA:12,1
DA:16,1
DA:20,1
DA:24,1
DA:28,1
DA:31,1
LF:11
LH:11
BRF:0
BRH:0
end_of_record
TN:
SF:routes\stationRoutes.js
FNF:0
FNH:0
DA:1,1
DA:2,1
DA:3,1
DA:5,1
DA:8,1
DA:11,1
DA:14,1
DA:17,1
DA:20,1
DA:23,1
DA:25,1
LF:11
LH:11
BRF:0
BRH:0
end_of_record
TN:
SF:routes\mobile\auth.js
FN:10,(anonymous_0)
FN:41,(anonymous_1)
FN:57,(anonymous_2)
FNF:3
FNH:0
FNDA:0,(anonymous_0)
FNDA:0,(anonymous_1)
FNDA:0,(anonymous_2)
DA:1,1
DA:2,1
DA:3,1
DA:4,1
DA:6,1
DA:7,1
DA:10,1
DA:11,0
DA:12,0
DA:14,0
DA:15,0
DA:16,0
DA:21,0
DA:22,0
DA:23,0
DA:25,0
DA:31,0
DA:37,0
DA:41,1
DA:42,0
DA:43,0
DA:44,0
DA:45,0
DA:46,0
DA:48,0
DA:49,0
DA:50,0
DA:52,0
DA:57,1
DA:58,0
DA:59,0
DA:62,1
LF:32
LH:10
BRDA:15,0,0,0
BRDA:15,0,1,0
BRDA:21,1,0,0
BRDA:21,1,1,0
BRDA:44,2,0,0
BRDA:44,2,1,0
BRDA:46,3,0,0
BRDA:46,3,1,0
BRDA:49,4,0,0
BRDA:49,4,1,0
BRF:10
BRH:0
end_of_record
TN:
SF:services\notificationDBHelper.js
FN:8,(anonymous_0)
FN:9,(anonymous_1)
FN:13,(anonymous_2)
FN:24,(anonymous_3)
FN:26,(anonymous_4)
FN:36,(anonymous_5)
FN:43,(anonymous_6)
FN:50,(anonymous_7)
FNF:8
FNH:0
FNDA:0,(anonymous_0)
FNDA:0,(anonymous_1)
FNDA:0,(anonymous_2)
FNDA:0,(anonymous_3)
FNDA:0,(anonymous_4)
FNDA:0,(anonymous_5)
FNDA:0,(anonymous_6)
FNDA:0,(anonymous_7)
DA:1,1
DA:2,1
DA:3,1
DA:5,1
DA:8,1
DA:9,0
DA:11,0
DA:13,0
DA:14,0
DA:15,0
DA:17,0
DA:24,1
DA:25,0
DA:26,0
DA:27,0
DA:28,0
DA:31,0
DA:32,0
DA:36,1
DA:38,0
DA:39,0
DA:43,1
DA:45,0
DA:46,0
DA:50,1
DA:52,0
DA:53,0
DA:56,1
LF:28
LH:10
BRDA:14,0,0,0
BRDA:14,0,1,0
BRF:2
BRH:0
end_of_record
TN:
SF:services\orgDBHelper.js
FN:9,(anonymous_0)
FN:16,(anonymous_1)
FN:23,(anonymous_2)
FN:30,(anonymous_3)
FN:37,(anonymous_4)
FN:44,(anonymous_5)
FN:50,(anonymous_6)
FN:56,(anonymous_7)
FN:63,(anonymous_8)
FNF:9
FNH:8
FNDA:1,(anonymous_0)
FNDA:2,(anonymous_1)
FNDA:2,(anonymous_2)
FNDA:2,(anonymous_3)
FNDA:2,(anonymous_4)
FNDA:2,(anonymous_5)
FNDA:2,(anonymous_6)
FNDA:1,(anonymous_7)
FNDA:0,(anonymous_8)
DA:1,3
DA:2,3
DA:3,3
DA:5,3
DA:9,3
DA:11,1
DA:12,1
DA:16,3
DA:18,2
DA:19,2
DA:23,3
DA:25,2
DA:26,2
DA:30,3
DA:32,2
DA:33,2
DA:37,3
DA:39,2
DA:40,2
DA:44,3
DA:45,2
DA:46,2
DA:50,3
DA:51,2
DA:52,2
DA:56,3
DA:58,1
DA:59,1
DA:63,3
DA:64,0
DA:65,0
DA:68,3
LF:32
LH:30
BRF:0
BRH:0
end_of_record
TN:
SF:services\personalDBHelper.js
FN:8,(anonymous_0)
FN:10,(anonymous_1)
FN:14,(anonymous_2)
FN:26,(anonymous_3)
FN:33,(anonymous_4)
FN:40,(anonymous_5)
FN:47,(anonymous_6)
FNF:7
FNH:7
FNDA:3,(anonymous_0)
FNDA:3,(anonymous_1)
FNDA:3,(anonymous_2)
FNDA:2,(anonymous_3)
FNDA:2,(anonymous_4)
FNDA:2,(anonymous_5)
FNDA:1,(anonymous_6)
DA:1,3
DA:2,3
DA:3,3
DA:5,3
DA:8,3
DA:10,3
DA:12,3
DA:14,3
DA:15,3
DA:16,2
DA:19,1
DA:26,3
DA:28,2
DA:29,2
DA:33,3
DA:35,2
DA:36,2
DA:40,3
DA:42,2
DA:43,2
DA:47,3
DA:49,1
DA:50,1
DA:53,3
LF:24
LH:24
BRDA:15,0,0,2
BRDA:15,0,1,1
BRF:2
BRH:2
end_of_record
TN:
SF:services\queueDBHelper.js
FN:9,(anonymous_0)
FN:16,(anonymous_1)
FN:23,(anonymous_2)
FN:29,(anonymous_3)
FN:31,(anonymous_4)
FN:44,(anonymous_5)
FN:55,(anonymous_6)
FN:65,(anonymous_7)
FN:78,(anonymous_8)
FN:88,(anonymous_9)
FN:94,(anonymous_10)
FN:112,(anonymous_11)
FNF:12
FNH:0
FNDA:0,(anonymous_0)
FNDA:0,(anonymous_1)
FNDA:0,(anonymous_2)
FNDA:0,(anonymous_3)
FNDA:0,(anonymous_4)
FNDA:0,(anonymous_5)
FNDA:0,(anonymous_6)
FNDA:0,(anonymous_7)
FNDA:0,(anonymous_8)
FNDA:0,(anonymous_9)
FNDA:0,(anonymous_10)
FNDA:0,(anonymous_11)
DA:1,1
DA:2,1
DA:3,1
DA:4,1
DA:6,1
DA:9,1
DA:11,0
DA:12,0
DA:16,1
DA:18,0
DA:19,0
DA:23,1
DA:24,0
DA:25,0
DA:29,1
DA:31,0
DA:32,0
DA:42,0
DA:44,0
DA:45,0
DA:46,0
DA:48,0
DA:55,1
DA:56,0
DA:62,0
DA:63,0
DA:65,0
DA:66,0
DA:69,0
DA:74,0
DA:78,1
DA:80,0
DA:81,0
DA:82,0
DA:84,0
DA:88,1
DA:89,0
DA:90,0
DA:94,1
DA:96,0
DA:108,0
DA:112,1
DA:113,0
DA:114,0
DA:118,1
LF:45
LH:15
BRDA:45,0,0,0
BRDA:45,0,1,0
BRDA:96,1,0,0
BRDA:96,1,1,0
BRF:4
BRH:0
end_of_record
TN:
SF:services\quotaDBHelper.js
FN:8,(anonymous_0)
FN:15,(anonymous_1)
FNF:2
FNH:0
FNDA:0,(anonymous_0)
FNDA:0,(anonymous_1)
DA:1,1
DA:2,1
DA:3,1
DA:5,1
DA:8,1
DA:10,0
DA:11,0
DA:15,1
DA:17,0
DA:18,0
DA:21,1
LF:11
LH:7
BRF:0
BRH:0
end_of_record
TN:
SF:services\requestDBHelper.js
FN:8,(anonymous_0)
FN:14,(anonymous_1)
FN:20,(anonymous_2)
FN:22,(anonymous_3)
FN:26,(anonymous_4)
FN:38,(anonymous_5)
FN:45,(anonymous_6)
FNF:7
FNH:0
FNDA:0,(anonymous_0)
FNDA:0,(anonymous_1)
FNDA:0,(anonymous_2)
FNDA:0,(anonymous_3)
FNDA:0,(anonymous_4)
FNDA:0,(anonymous_5)
FNDA:0,(anonymous_6)
DA:1,1
DA:2,1
DA:3,1
DA:5,1
DA:8,1
DA:9,0
DA:10,0
DA:14,1
DA:15,0
DA:16,0
DA:20,1
DA:22,0
DA:24,0
DA:26,0
DA:27,0
DA:28,0
DA:31,0
DA:38,1
DA:40,0
DA:41,0
DA:45,1
DA:46,0
DA:47,0
DA:50,1
LF:24
LH:10
BRDA:27,0,0,0
BRDA:27,0,1,0
BRF:2
BRH:0
end_of_record
TN:
SF:services\stationDBHelper.js
FN:8,(anonymous_0)
FN:15,(anonymous_1)
FN:23,(anonymous_2)
FN:31,(anonymous_3)
FN:38,(anonymous_4)
FN:45,(anonymous_5)
FN:52,(anonymous_6)
FN:59,(anonymous_7)
FN:66,(anonymous_8)
FN:75,(anonymous_9)
FN:89,(anonymous_10)
FN:99,(anonymous_11)
FN:109,(anonymous_12)
FN:119,(anonymous_13)
FN:129,(anonymous_14)
FNF:15
FNH:13
FNDA:2,(anonymous_0)
FNDA:5,(anonymous_1)
FNDA:0,(anonymous_2)
FNDA:1,(anonymous_3)
FNDA:1,(anonymous_4)
FNDA:1,(anonymous_5)
FNDA:1,(anonymous_6)
FNDA:1,(anonymous_7)
FNDA:1,(anonymous_8)
FNDA:1,(anonymous_9)
FNDA:1,(anonymous_10)
FNDA:0,(anonymous_11)
FNDA:1,(anonymous_12)
FNDA:1,(anonymous_13)
FNDA:1,(anonymous_14)
DA:1,3
DA:2,3
DA:3,3
DA:5,3
DA:8,3
DA:10,2
DA:11,2
DA:15,3
DA:17,5
DA:19,5
DA:23,3
DA:25,0
DA:27,0
DA:31,3
DA:33,1
DA:34,1
DA:38,3
DA:40,1
DA:41,1
DA:45,3
DA:47,1
DA:48,1
DA:52,3
DA:54,1
DA:55,1
DA:59,3
DA:61,1
DA:62,1
DA:66,3
DA:67,1
DA:68,1
DA:69,1
DA:70,1
DA:71,1
DA:75,3
DA:76,1
DA:77,1
DA:78,1
DA:80,1
DA:85,1
DA:89,3
DA:91,1
DA:95,1
DA:99,3
DA:101,0
DA:105,0
DA:109,3
DA:111,1
DA:115,1
DA:119,3
DA:121,1
DA:125,1
DA:129,3
DA:131,1
DA:135,1
DA:138,3
LF:56
LH:52
BRF:0
BRH:0
end_of_record
TN:
SF:services\vehicleDBHelper.js
FN:9,(anonymous_0)
FN:16,(anonymous_1)
FN:23,(anonymous_2)
FN:29,(anonymous_3)
FN:35,(anonymous_4)
FN:41,(anonymous_5)
FN:47,(anonymous_6)
FN:53,(anonymous_7)
FN:59,(anonymous_8)
FN:66,(anonymous_9)
FNF:10
FNH:9
FNDA:2,(anonymous_0)
FNDA:3,(anonymous_1)
FNDA:3,(anonymous_2)
FNDA:2,(anonymous_3)
FNDA:3,(anonymous_4)
FNDA:2,(anonymous_5)
FNDA:2,(anonymous_6)
FNDA:2,(anonymous_7)
FNDA:1,(anonymous_8)
FNDA:0,(anonymous_9)
DA:1,2
DA:2,2
DA:3,2
DA:5,2
DA:6,2
DA:9,2
DA:11,2
DA:12,2
DA:16,2
DA:18,3
DA:19,3
DA:23,2
DA:24,3
DA:25,3
DA:29,2
DA:30,2
DA:31,2
DA:35,2
DA:36,3
DA:37,3
DA:41,2
DA:42,2
DA:43,2
DA:47,2
DA:48,2
DA:49,2
DA:53,2
DA:54,2
DA:55,2
DA:59,2
DA:61,1
DA:62,1
DA:66,2
DA:67,0
DA:68,0
DA:71,2
LF:36
LH:34
BRF:0
BRH:0
end_of_record
